mode: set
digital.vasic.translator/internal/cache/cache.go:25.55,33.13 2 1
digital.vasic.translator/internal/cache/cache.go:33.13,35.3 1 1
digital.vasic.translator/internal/cache/cache.go:37.2,37.10 1 1
digital.vasic.translator/internal/cache/cache.go:41.48,42.16 1 1
digital.vasic.translator/internal/cache/cache.go:42.16,44.3 1 1
digital.vasic.translator/internal/cache/cache.go:46.2,50.9 4 1
digital.vasic.translator/internal/cache/cache.go:50.9,52.3 1 1
digital.vasic.translator/internal/cache/cache.go:55.2,55.40 1 1
digital.vasic.translator/internal/cache/cache.go:55.40,57.3 1 1
digital.vasic.translator/internal/cache/cache.go:59.2,59.26 1 1
digital.vasic.translator/internal/cache/cache.go:63.40,64.16 1 1
digital.vasic.translator/internal/cache/cache.go:64.16,66.3 1 1
digital.vasic.translator/internal/cache/cache.go:68.2,74.3 3 1
digital.vasic.translator/internal/cache/cache.go:78.36,79.16 1 1
digital.vasic.translator/internal/cache/cache.go:79.16,81.3 1 1
digital.vasic.translator/internal/cache/cache.go:83.2,86.35 3 1
digital.vasic.translator/internal/cache/cache.go:90.25,95.2 3 1
digital.vasic.translator/internal/cache/cache.go:98.28,103.2 3 1
digital.vasic.translator/internal/cache/cache.go:106.36,114.34 6 1
digital.vasic.translator/internal/cache/cache.go:114.34,115.34 1 1
digital.vasic.translator/internal/cache/cache.go:115.34,117.4 1 1
digital.vasic.translator/internal/cache/cache.go:117.9,119.4 1 1
digital.vasic.translator/internal/cache/cache.go:122.2,128.3 1 1
digital.vasic.translator/internal/cache/cache.go:141.44,144.2 2 1
digital.vasic.translator/internal/cache/cache.go:147.27,151.21 3 1
digital.vasic.translator/internal/cache/cache.go:151.21,153.3 1 0
digital.vasic.translator/internal/cache/cache.go:157.33,162.36 4 1
digital.vasic.translator/internal/cache/cache.go:162.36,163.34 1 1
digital.vasic.translator/internal/cache/cache.go:163.34,165.4 1 1
digital.vasic.translator/internal/config/config.go:89.30,131.2 1 1
digital.vasic.translator/internal/config/config.go:134.51,136.16 2 1
digital.vasic.translator/internal/config/config.go:136.16,138.3 1 1
digital.vasic.translator/internal/config/config.go:140.2,141.54 2 1
digital.vasic.translator/internal/config/config.go:141.54,143.3 1 1
digital.vasic.translator/internal/config/config.go:146.2,148.21 2 1
digital.vasic.translator/internal/config/config.go:152.56,154.16 2 1
digital.vasic.translator/internal/config/config.go:154.16,156.3 1 0
digital.vasic.translator/internal/config/config.go:158.2,158.59 1 1
digital.vasic.translator/internal/config/config.go:158.59,160.3 1 1
digital.vasic.translator/internal/config/config.go:162.2,162.12 1 1
digital.vasic.translator/internal/config/config.go:166.39,174.44 2 1
digital.vasic.translator/internal/config/config.go:174.44,175.42 1 1
digital.vasic.translator/internal/config/config.go:175.42,176.67 1 1
digital.vasic.translator/internal/config/config.go:176.67,179.5 2 1
digital.vasic.translator/internal/config/config.go:179.10,183.5 1 1
digital.vasic.translator/internal/config/config.go:188.2,188.59 1 1
digital.vasic.translator/internal/config/config.go:188.59,190.3 1 1
digital.vasic.translator/internal/config/config.go:194.35,195.48 1 1
digital.vasic.translator/internal/config/config.go:195.48,197.3 1 1
digital.vasic.translator/internal/config/config.go:199.2,199.26 1 1
digital.vasic.translator/internal/config/config.go:199.26,200.62 1 1
digital.vasic.translator/internal/config/config.go:200.62,202.4 1 1
digital.vasic.translator/internal/config/config.go:205.2,205.57 1 1
digital.vasic.translator/internal/config/config.go:205.57,207.3 1 1
digital.vasic.translator/internal/config/config.go:210.2,210.54 1 1
digital.vasic.translator/internal/config/config.go:210.54,212.3 1 0
digital.vasic.translator/internal/config/config.go:214.2,214.12 1 1
digital.vasic.translator/internal/config/config.go:218.52,219.28 1 1
digital.vasic.translator/internal/config/config.go:219.28,221.3 1 1
digital.vasic.translator/internal/config/config.go:224.2,224.35 1 0
digital.vasic.translator/internal/config/config.go:224.35,226.3 1 0
digital.vasic.translator/internal/config/config.go:229.2,229.37 1 0
digital.vasic.translator/internal/config/config.go:229.37,231.3 1 0
digital.vasic.translator/internal/config/config.go:234.2,234.37 1 0
digital.vasic.translator/internal/config/config.go:234.37,236.3 1 0
digital.vasic.translator/internal/config/config.go:239.2,239.54 1 0
digital.vasic.translator/internal/config/config.go:239.54,240.66 1 0
digital.vasic.translator/internal/config/config.go:240.66,242.4 1 0
digital.vasic.translator/internal/config/config.go:245.2,245.12 1 0
digital.vasic.translator/internal/config/config.go:249.83,250.23 1 0
digital.vasic.translator/internal/config/config.go:250.23,252.3 1 0
digital.vasic.translator/internal/config/config.go:254.2,254.23 1 0
digital.vasic.translator/internal/config/config.go:254.23,256.3 1 0
digital.vasic.translator/internal/config/config.go:258.2,258.45 1 0
digital.vasic.translator/internal/config/config.go:258.45,260.3 1 0
digital.vasic.translator/internal/config/config.go:262.2,262.23 1 0
digital.vasic.translator/internal/config/config.go:262.23,264.3 1 0
digital.vasic.translator/internal/config/config.go:267.2,267.51 1 0
digital.vasic.translator/internal/config/config.go:267.51,269.3 1 0
digital.vasic.translator/internal/config/config.go:271.2,271.29 1 0
digital.vasic.translator/internal/config/config.go:271.29,273.3 1 0
digital.vasic.translator/internal/config/config.go:276.2,276.34 1 0
digital.vasic.translator/internal/config/config.go:276.34,277.16 1 0
digital.vasic.translator/internal/config/config.go:277.16,279.4 1 0
digital.vasic.translator/internal/config/config.go:282.2,282.12 1 0
digital.vasic.translator/pkg/deployment/api_logger.go:19.81,21.16 2 1
digital.vasic.translator/pkg/deployment/api_logger.go:21.16,23.3 1 1
digital.vasic.translator/pkg/deployment/api_logger.go:25.2,30.8 2 1
digital.vasic.translator/pkg/deployment/api_logger.go:34.90,41.30 4 1
digital.vasic.translator/pkg/deployment/api_logger.go:41.30,45.31 3 1
digital.vasic.translator/pkg/deployment/api_logger.go:45.31,47.4 1 1
digital.vasic.translator/pkg/deployment/api_logger.go:48.3,55.13 1 1
digital.vasic.translator/pkg/deployment/api_logger.go:56.8,61.32 4 1
digital.vasic.translator/pkg/deployment/api_logger.go:61.32,63.4 1 1
digital.vasic.translator/pkg/deployment/api_logger.go:64.3,78.27 3 1
digital.vasic.translator/pkg/deployment/api_logger.go:78.27,80.4 1 0
digital.vasic.translator/pkg/deployment/api_logger.go:83.2,84.12 2 1
digital.vasic.translator/pkg/deployment/api_logger.go:88.177,101.12 2 1
digital.vasic.translator/pkg/deployment/api_logger.go:101.12,102.53 1 1
digital.vasic.translator/pkg/deployment/api_logger.go:102.53,104.4 1 0
digital.vasic.translator/pkg/deployment/api_logger.go:107.2,107.14 1 1
digital.vasic.translator/pkg/deployment/api_logger.go:111.147,117.16 5 1
digital.vasic.translator/pkg/deployment/api_logger.go:117.16,119.3 1 0
digital.vasic.translator/pkg/deployment/api_logger.go:122.2,122.12 1 1
digital.vasic.translator/pkg/deployment/api_logger.go:122.12,123.59 1 1
digital.vasic.translator/pkg/deployment/api_logger.go:123.59,125.4 1 0
digital.vasic.translator/pkg/deployment/api_logger.go:130.87,137.2 3 0
digital.vasic.translator/pkg/deployment/api_logger.go:140.50,144.24 3 1
digital.vasic.translator/pkg/deployment/api_logger.go:144.24,146.3 1 1
digital.vasic.translator/pkg/deployment/api_logger.go:147.2,147.12 1 0
digital.vasic.translator/pkg/deployment/api_logger.go:151.70,160.2 1 1
digital.vasic.translator/pkg/deployment/api_logger.go:165.65,166.33 1 1
digital.vasic.translator/pkg/deployment/api_logger.go:166.33,168.3 1 0
digital.vasic.translator/pkg/deployment/api_logger.go:169.2,169.15 1 1
digital.vasic.translator/pkg/deployment/api_logger.go:173.75,174.21 1 1
digital.vasic.translator/pkg/deployment/api_logger.go:174.21,176.3 1 1
digital.vasic.translator/pkg/deployment/api_logger.go:177.2,177.42 1 0
digital.vasic.translator/pkg/deployment/api_logger.go:181.73,182.20 1 1
digital.vasic.translator/pkg/deployment/api_logger.go:183.11,184.14 1 1
digital.vasic.translator/pkg/deployment/api_logger.go:185.11,186.19 1 0
digital.vasic.translator/pkg/deployment/api_logger.go:187.11,188.22 1 0
digital.vasic.translator/pkg/deployment/api_logger.go:189.11,190.23 1 0
digital.vasic.translator/pkg/deployment/api_logger.go:191.11,192.24 1 0
digital.vasic.translator/pkg/deployment/api_logger.go:193.11,194.21 1 0
digital.vasic.translator/pkg/deployment/api_logger.go:195.11,196.21 1 0
digital.vasic.translator/pkg/deployment/api_logger.go:197.11,198.30 1 0
digital.vasic.translator/pkg/deployment/api_logger.go:199.11,200.20 1 0
digital.vasic.translator/pkg/deployment/api_logger.go:201.11,202.32 1 0
digital.vasic.translator/pkg/deployment/api_logger.go:203.11,204.29 1 0
digital.vasic.translator/pkg/deployment/api_logger.go:205.11,206.33 1 0
digital.vasic.translator/pkg/deployment/api_logger.go:207.11,208.23 1 0
digital.vasic.translator/pkg/deployment/api_logger.go:209.11,210.31 1 0
digital.vasic.translator/pkg/deployment/api_logger.go:211.11,212.27 1 0
digital.vasic.translator/pkg/deployment/api_logger.go:213.10,214.12 1 0
digital.vasic.translator/pkg/deployment/docker_orchestrator.go:68.95,81.2 4 0
digital.vasic.translator/pkg/deployment/docker_orchestrator.go:84.89,97.81 3 0
digital.vasic.translator/pkg/deployment/docker_orchestrator.go:97.81,99.3 1 0
digital.vasic.translator/pkg/deployment/docker_orchestrator.go:102.2,102.38 1 0
digital.vasic.translator/pkg/deployment/docker_orchestrator.go:102.38,104.84 2 0
digital.vasic.translator/pkg/deployment/docker_orchestrator.go:104.84,106.4 1 0
digital.vasic.translator/pkg/deployment/docker_orchestrator.go:110.2,114.72 3 0
digital.vasic.translator/pkg/deployment/docker_orchestrator.go:114.72,116.3 1 0
digital.vasic.translator/pkg/deployment/docker_orchestrator.go:118.2,119.25 2 0
digital.vasic.translator/pkg/deployment/docker_orchestrator.go:123.136,135.33 2 0
digital.vasic.translator/pkg/deployment/docker_orchestrator.go:135.33,137.52 2 0
digital.vasic.translator/pkg/deployment/docker_orchestrator.go:137.52,139.4 1 0
digital.vasic.translator/pkg/deployment/docker_orchestrator.go:140.3,140.49 1 0
digital.vasic.translator/pkg/deployment/docker_orchestrator.go:144.2,144.37 1 0
digital.vasic.translator/pkg/deployment/docker_orchestrator.go:144.37,146.22 2 0
digital.vasic.translator/pkg/deployment/docker_orchestrator.go:146.22,148.4 1 0
digital.vasic.translator/pkg/deployment/docker_orchestrator.go:149.3,149.55 1 0
digital.vasic.translator/pkg/deployment/docker_orchestrator.go:153.2,153.28 1 0
digital.vasic.translator/pkg/deployment/docker_orchestrator.go:153.28,161.3 1 0
digital.vasic.translator/pkg/deployment/docker_orchestrator.go:163.2,164.12 2 0
digital.vasic.translator/pkg/deployment/docker_orchestrator.go:168.89,206.2 4 0
digital.vasic.translator/pkg/deployment/docker_orchestrator.go:209.45,210.12 1 0
digital.vasic.translator/pkg/deployment/docker_orchestrator.go:210.12,212.3 1 0
digital.vasic.translator/pkg/deployment/docker_orchestrator.go:213.2,213.19 1 0
digital.vasic.translator/pkg/deployment/docker_orchestrator.go:217.96,219.16 2 0
digital.vasic.translator/pkg/deployment/docker_orchestrator.go:219.16,221.3 1 0
digital.vasic.translator/pkg/deployment/docker_orchestrator.go:222.2,226.31 4 0
digital.vasic.translator/pkg/deployment/docker_orchestrator.go:230.96,236.16 4 0
digital.vasic.translator/pkg/deployment/docker_orchestrator.go:236.16,238.3 1 0
digital.vasic.translator/pkg/deployment/docker_orchestrator.go:239.2,241.45 2 0
digital.vasic.translator/pkg/deployment/docker_orchestrator.go:241.45,243.3 1 0
digital.vasic.translator/pkg/deployment/docker_orchestrator.go:246.2,246.58 1 0
digital.vasic.translator/pkg/deployment/docker_orchestrator.go:246.58,248.3 1 0
digital.vasic.translator/pkg/deployment/docker_orchestrator.go:251.2,251.62 1 0
digital.vasic.translator/pkg/deployment/docker_orchestrator.go:251.62,253.3 1 0
digital.vasic.translator/pkg/deployment/docker_orchestrator.go:256.2,256.67 1 0
digital.vasic.translator/pkg/deployment/docker_orchestrator.go:256.67,258.3 1 0
digital.vasic.translator/pkg/deployment/docker_orchestrator.go:260.2,269.12 2 0
digital.vasic.translator/pkg/deployment/docker_orchestrator.go:273.92,278.16 4 0
digital.vasic.translator/pkg/deployment/docker_orchestrator.go:278.16,280.3 1 0
digital.vasic.translator/pkg/deployment/docker_orchestrator.go:282.2,283.12 2 0
digital.vasic.translator/pkg/deployment/docker_orchestrator.go:287.100,294.6 5 0
digital.vasic.translator/pkg/deployment/docker_orchestrator.go:294.6,295.10 1 0
digital.vasic.translator/pkg/deployment/docker_orchestrator.go:296.21,297.20 1 0
digital.vasic.translator/pkg/deployment/docker_orchestrator.go:298.18,299.71 1 0
digital.vasic.translator/pkg/deployment/docker_orchestrator.go:300.19,301.75 1 0
digital.vasic.translator/pkg/deployment/docker_orchestrator.go:301.75,303.5 1 0
digital.vasic.translator/pkg/deployment/docker_orchestrator.go:303.10,303.22 1 0
digital.vasic.translator/pkg/deployment/docker_orchestrator.go:303.22,306.5 2 0
digital.vasic.translator/pkg/deployment/docker_orchestrator.go:312.105,317.16 4 0
digital.vasic.translator/pkg/deployment/docker_orchestrator.go:317.16,319.3 1 0
digital.vasic.translator/pkg/deployment/docker_orchestrator.go:323.2,324.86 2 0
digital.vasic.translator/pkg/deployment/docker_orchestrator.go:324.86,326.3 1 0
digital.vasic.translator/pkg/deployment/docker_orchestrator.go:328.2,328.19 1 0
digital.vasic.translator/pkg/deployment/docker_orchestrator.go:332.105,337.16 4 0
digital.vasic.translator/pkg/deployment/docker_orchestrator.go:337.16,339.3 1 0
digital.vasic.translator/pkg/deployment/docker_orchestrator.go:341.2,342.12 2 0
digital.vasic.translator/pkg/deployment/docker_orchestrator.go:346.114,351.16 4 0
digital.vasic.translator/pkg/deployment/docker_orchestrator.go:351.16,353.3 1 0
digital.vasic.translator/pkg/deployment/docker_orchestrator.go:355.2,355.28 1 0
digital.vasic.translator/pkg/deployment/docker_orchestrator.go:359.73,366.16 5 0
digital.vasic.translator/pkg/deployment/docker_orchestrator.go:366.16,368.3 1 0
digital.vasic.translator/pkg/deployment/docker_orchestrator.go:370.2,371.12 2 0
digital.vasic.translator/pkg/deployment/docker_orchestrator.go:375.102,379.71 2 0
digital.vasic.translator/pkg/deployment/docker_orchestrator.go:379.71,381.3 1 0
digital.vasic.translator/pkg/deployment/docker_orchestrator.go:384.2,384.75 1 0
digital.vasic.translator/pkg/deployment/docker_orchestrator.go:384.75,386.3 1 0
digital.vasic.translator/pkg/deployment/docker_orchestrator.go:389.2,389.67 1 0
digital.vasic.translator/pkg/deployment/docker_orchestrator.go:389.67,391.3 1 0
digital.vasic.translator/pkg/deployment/docker_orchestrator.go:393.2,404.12 3 0
digital.vasic.translator/pkg/deployment/docker_orchestrator.go:408.93,411.74 2 0
digital.vasic.translator/pkg/deployment/docker_orchestrator.go:411.74,413.3 1 0
digital.vasic.translator/pkg/deployment/docker_orchestrator.go:416.2,416.67 1 0
digital.vasic.translator/pkg/deployment/docker_orchestrator.go:416.67,418.3 1 0
digital.vasic.translator/pkg/deployment/docker_orchestrator.go:420.2,430.12 3 0
digital.vasic.translator/pkg/deployment/docker_orchestrator.go:434.76,438.58 2 0
digital.vasic.translator/pkg/deployment/docker_orchestrator.go:438.58,440.3 1 0
digital.vasic.translator/pkg/deployment/docker_orchestrator.go:443.2,443.62 1 0
digital.vasic.translator/pkg/deployment/docker_orchestrator.go:443.62,445.3 1 0
digital.vasic.translator/pkg/deployment/docker_orchestrator.go:448.2,448.70 1 0
digital.vasic.translator/pkg/deployment/docker_orchestrator.go:448.70,450.3 1 0
digital.vasic.translator/pkg/deployment/docker_orchestrator.go:452.2,459.12 3 0
digital.vasic.translator/pkg/deployment/docker_orchestrator.go:463.77,466.61 2 0
digital.vasic.translator/pkg/deployment/docker_orchestrator.go:466.61,468.3 1 0
digital.vasic.translator/pkg/deployment/docker_orchestrator.go:471.2,471.70 1 0
digital.vasic.translator/pkg/deployment/docker_orchestrator.go:471.70,473.3 1 0
digital.vasic.translator/pkg/deployment/docker_orchestrator.go:475.2,482.12 3 0
digital.vasic.translator/pkg/deployment/docker_orchestrator.go:486.100,493.6 5 0
digital.vasic.translator/pkg/deployment/docker_orchestrator.go:493.6,494.10 1 0
digital.vasic.translator/pkg/deployment/docker_orchestrator.go:495.21,496.20 1 0
digital.vasic.translator/pkg/deployment/docker_orchestrator.go:497.18,498.86 1 0
digital.vasic.translator/pkg/deployment/docker_orchestrator.go:499.19,500.75 1 0
digital.vasic.translator/pkg/deployment/docker_orchestrator.go:500.75,502.5 1 0
digital.vasic.translator/pkg/deployment/docker_orchestrator.go:502.10,502.22 1 0
digital.vasic.translator/pkg/deployment/docker_orchestrator.go:502.22,505.5 2 0
digital.vasic.translator/pkg/deployment/docker_orchestrator.go:511.105,516.16 4 0
digital.vasic.translator/pkg/deployment/docker_orchestrator.go:516.16,518.3 1 0
digital.vasic.translator/pkg/deployment/docker_orchestrator.go:521.2,522.86 2 0
digital.vasic.translator/pkg/deployment/docker_orchestrator.go:522.86,524.3 1 0
digital.vasic.translator/pkg/deployment/docker_orchestrator.go:526.2,526.19 1 0
digital.vasic.translator/pkg/deployment/docker_orchestrator.go:530.105,535.16 4 0
digital.vasic.translator/pkg/deployment/docker_orchestrator.go:535.16,537.3 1 0
digital.vasic.translator/pkg/deployment/docker_orchestrator.go:539.2,539.47 1 0
digital.vasic.translator/pkg/deployment/docker_orchestrator.go:543.47,546.52 2 0
digital.vasic.translator/pkg/deployment/docker_orchestrator.go:546.52,548.3 1 0
digital.vasic.translator/pkg/deployment/docker_orchestrator.go:550.2,550.12 1 0
digital.vasic.translator/pkg/deployment/docker_orchestrator.go:554.61,555.24 1 0
digital.vasic.translator/pkg/deployment/docker_orchestrator.go:555.24,557.3 1 0
digital.vasic.translator/pkg/deployment/network_discovery.go:31.86,43.2 2 1
digital.vasic.translator/pkg/deployment/network_discovery.go:46.115,51.16 3 1
digital.vasic.translator/pkg/deployment/network_discovery.go:51.16,53.3 1 0
digital.vasic.translator/pkg/deployment/network_discovery.go:54.2,60.12 5 1
digital.vasic.translator/pkg/deployment/network_discovery.go:64.72,69.16 3 1
digital.vasic.translator/pkg/deployment/network_discovery.go:69.16,71.3 1 0
digital.vasic.translator/pkg/deployment/network_discovery.go:72.2,78.12 5 1
digital.vasic.translator/pkg/deployment/network_discovery.go:82.80,84.16 2 1
digital.vasic.translator/pkg/deployment/network_discovery.go:84.16,86.3 1 0
digital.vasic.translator/pkg/deployment/network_discovery.go:88.2,89.16 2 1
digital.vasic.translator/pkg/deployment/network_discovery.go:89.16,91.3 1 0
digital.vasic.translator/pkg/deployment/network_discovery.go:93.2,93.18 1 1
digital.vasic.translator/pkg/deployment/network_discovery.go:97.80,99.16 2 1
digital.vasic.translator/pkg/deployment/network_discovery.go:99.16,101.3 1 0
digital.vasic.translator/pkg/deployment/network_discovery.go:103.2,104.16 2 1
digital.vasic.translator/pkg/deployment/network_discovery.go:104.16,106.3 1 0
digital.vasic.translator/pkg/deployment/network_discovery.go:108.2,108.18 1 1
digital.vasic.translator/pkg/deployment/network_discovery.go:112.105,117.6 4 1
digital.vasic.translator/pkg/deployment/network_discovery.go:117.6,118.10 1 1
digital.vasic.translator/pkg/deployment/network_discovery.go:119.21,120.10 1 1
digital.vasic.translator/pkg/deployment/network_discovery.go:121.24,122.10 1 0
digital.vasic.translator/pkg/deployment/network_discovery.go:123.19,124.35 1 0
digital.vasic.translator/pkg/deployment/network_discovery.go:130.88,131.37 1 0
digital.vasic.translator/pkg/deployment/network_discovery.go:131.37,145.58 2 0
digital.vasic.translator/pkg/deployment/network_discovery.go:145.58,147.4 1 0
digital.vasic.translator/pkg/deployment/network_discovery.go:152.83,154.16 2 0
digital.vasic.translator/pkg/deployment/network_discovery.go:154.16,156.3 1 0
digital.vasic.translator/pkg/deployment/network_discovery.go:158.2,159.12 2 0
digital.vasic.translator/pkg/deployment/network_discovery.go:163.65,168.6 3 1
digital.vasic.translator/pkg/deployment/network_discovery.go:168.6,169.10 1 1
digital.vasic.translator/pkg/deployment/network_discovery.go:170.21,171.10 1 0
digital.vasic.translator/pkg/deployment/network_discovery.go:172.24,173.10 1 1
digital.vasic.translator/pkg/deployment/network_discovery.go:174.11,175.92 1 1
digital.vasic.translator/pkg/deployment/network_discovery.go:175.92,177.13 2 0
digital.vasic.translator/pkg/deployment/network_discovery.go:180.4,181.18 2 1
digital.vasic.translator/pkg/deployment/network_discovery.go:181.18,182.62 1 1
digital.vasic.translator/pkg/deployment/network_discovery.go:182.62,183.14 1 0
digital.vasic.translator/pkg/deployment/network_discovery.go:185.5,186.13 2 1
digital.vasic.translator/pkg/deployment/network_discovery.go:189.4,189.70 1 0
digital.vasic.translator/pkg/deployment/network_discovery.go:189.70,191.5 1 0
digital.vasic.translator/pkg/deployment/network_discovery.go:197.91,199.55 2 0
digital.vasic.translator/pkg/deployment/network_discovery.go:199.55,201.3 1 0
digital.vasic.translator/pkg/deployment/network_discovery.go:204.2,204.40 1 0
digital.vasic.translator/pkg/deployment/network_discovery.go:204.40,206.3 1 0
digital.vasic.translator/pkg/deployment/network_discovery.go:208.2,226.12 6 0
digital.vasic.translator/pkg/deployment/network_discovery.go:230.66,234.2 1 0
digital.vasic.translator/pkg/deployment/network_discovery.go:237.77,238.73 1 1
digital.vasic.translator/pkg/deployment/network_discovery.go:238.73,240.3 1 1
digital.vasic.translator/pkg/deployment/network_discovery.go:241.2,241.36 1 1
digital.vasic.translator/pkg/deployment/network_discovery.go:241.36,243.3 1 1
digital.vasic.translator/pkg/deployment/network_discovery.go:244.2,244.18 1 1
digital.vasic.translator/pkg/deployment/network_discovery.go:248.38,252.2 1 1
digital.vasic.translator/pkg/deployment/network_discovery.go:254.44,255.43 1 1
digital.vasic.translator/pkg/deployment/network_discovery.go:255.43,256.35 1 1
digital.vasic.translator/pkg/deployment/network_discovery.go:256.35,258.4 1 1
digital.vasic.translator/pkg/deployment/network_discovery.go:260.2,260.14 1 1
digital.vasic.translator/pkg/deployment/network_discovery.go:264.81,270.39 4 1
digital.vasic.translator/pkg/deployment/network_discovery.go:270.39,271.46 1 1
digital.vasic.translator/pkg/deployment/network_discovery.go:271.46,273.4 1 1
digital.vasic.translator/pkg/deployment/network_discovery.go:276.2,277.32 2 1
digital.vasic.translator/pkg/deployment/network_discovery.go:277.32,279.3 1 0
digital.vasic.translator/pkg/deployment/network_discovery.go:280.2,280.15 1 1
digital.vasic.translator/pkg/deployment/network_discovery.go:284.121,288.2 1 0
digital.vasic.translator/pkg/deployment/network_discovery.go:291.44,296.29 3 1
digital.vasic.translator/pkg/deployment/network_discovery.go:296.29,298.3 1 1
digital.vasic.translator/pkg/deployment/network_discovery.go:300.2,300.29 1 1
digital.vasic.translator/pkg/deployment/network_discovery.go:300.29,302.3 1 1
digital.vasic.translator/pkg/deployment/network_discovery.go:304.2,305.12 2 1
digital.vasic.translator/pkg/deployment/orchestrator.go:81.103,89.16 5 1
digital.vasic.translator/pkg/deployment/orchestrator.go:89.16,92.3 2 0
digital.vasic.translator/pkg/deployment/orchestrator.go:94.2,102.3 1 1
digital.vasic.translator/pkg/deployment/orchestrator.go:106.118,110.66 2 1
digital.vasic.translator/pkg/deployment/orchestrator.go:110.66,112.3 1 1
digital.vasic.translator/pkg/deployment/orchestrator.go:115.2,115.72 1 0
digital.vasic.translator/pkg/deployment/orchestrator.go:115.72,117.3 1 0
digital.vasic.translator/pkg/deployment/orchestrator.go:120.2,120.48 1 0
digital.vasic.translator/pkg/deployment/orchestrator.go:120.48,121.67 1 0
digital.vasic.translator/pkg/deployment/orchestrator.go:121.67,123.12 2 0
digital.vasic.translator/pkg/deployment/orchestrator.go:128.2,128.68 1 0
digital.vasic.translator/pkg/deployment/orchestrator.go:128.68,130.3 1 0
digital.vasic.translator/pkg/deployment/orchestrator.go:133.2,133.59 1 0
digital.vasic.translator/pkg/deployment/orchestrator.go:133.59,135.3 1 0
digital.vasic.translator/pkg/deployment/orchestrator.go:137.2,148.12 2 0
digital.vasic.translator/pkg/deployment/orchestrator.go:152.104,157.16 3 0
digital.vasic.translator/pkg/deployment/orchestrator.go:157.16,159.3 1 0
digital.vasic.translator/pkg/deployment/orchestrator.go:162.2,166.16 3 0
digital.vasic.translator/pkg/deployment/orchestrator.go:166.16,168.3 1 0
digital.vasic.translator/pkg/deployment/orchestrator.go:171.2,186.12 6 0
digital.vasic.translator/pkg/deployment/orchestrator.go:190.117,195.16 3 0
digital.vasic.translator/pkg/deployment/orchestrator.go:195.16,197.3 1 0
digital.vasic.translator/pkg/deployment/orchestrator.go:200.2,203.28 2 0
digital.vasic.translator/pkg/deployment/orchestrator.go:203.28,205.3 1 0
digital.vasic.translator/pkg/deployment/orchestrator.go:206.2,211.16 4 0
digital.vasic.translator/pkg/deployment/orchestrator.go:211.16,213.3 1 0
digital.vasic.translator/pkg/deployment/orchestrator.go:216.2,231.12 6 0
digital.vasic.translator/pkg/deployment/orchestrator.go:235.98,236.62 1 1
digital.vasic.translator/pkg/deployment/orchestrator.go:236.62,237.37 1 1
digital.vasic.translator/pkg/deployment/orchestrator.go:237.37,239.4 1 1
digital.vasic.translator/pkg/deployment/orchestrator.go:241.2,241.98 1 0
digital.vasic.translator/pkg/deployment/orchestrator.go:245.79,248.16 3 1
digital.vasic.translator/pkg/deployment/orchestrator.go:248.16,250.3 1 1
digital.vasic.translator/pkg/deployment/orchestrator.go:251.2,252.14 2 1
digital.vasic.translator/pkg/deployment/orchestrator.go:256.104,263.6 5 0
digital.vasic.translator/pkg/deployment/orchestrator.go:263.6,264.10 1 0
digital.vasic.translator/pkg/deployment/orchestrator.go:265.21,266.20 1 0
digital.vasic.translator/pkg/deployment/orchestrator.go:267.18,268.58 1 0
digital.vasic.translator/pkg/deployment/orchestrator.go:269.19,273.42 3 0
digital.vasic.translator/pkg/deployment/orchestrator.go:273.42,275.19 2 0
digital.vasic.translator/pkg/deployment/orchestrator.go:275.19,278.14 3 0
digital.vasic.translator/pkg/deployment/orchestrator.go:281.5,281.17 1 0
digital.vasic.translator/pkg/deployment/orchestrator.go:281.17,283.14 2 0
digital.vasic.translator/pkg/deployment/orchestrator.go:286.5,289.25 4 0
digital.vasic.translator/pkg/deployment/orchestrator.go:291.4,293.18 2 0
digital.vasic.translator/pkg/deployment/orchestrator.go:293.18,296.5 2 0
digital.vasic.translator/pkg/deployment/orchestrator.go:302.118,304.2 1 0
digital.vasic.translator/pkg/deployment/orchestrator.go:307.89,311.74 2 0
digital.vasic.translator/pkg/deployment/orchestrator.go:311.74,313.3 1 0
digital.vasic.translator/pkg/deployment/orchestrator.go:316.2,316.58 1 0
digital.vasic.translator/pkg/deployment/orchestrator.go:316.58,318.3 1 0
digital.vasic.translator/pkg/deployment/orchestrator.go:320.2,321.12 2 0
digital.vasic.translator/pkg/deployment/orchestrator.go:325.86,326.22 1 1
digital.vasic.translator/pkg/deployment/orchestrator.go:326.22,328.3 1 1
digital.vasic.translator/pkg/deployment/orchestrator.go:330.2,330.28 1 1
digital.vasic.translator/pkg/deployment/orchestrator.go:330.28,332.3 1 1
digital.vasic.translator/pkg/deployment/orchestrator.go:335.2,335.61 1 1
digital.vasic.translator/pkg/deployment/orchestrator.go:335.61,337.3 1 0
digital.vasic.translator/pkg/deployment/orchestrator.go:340.2,340.38 1 1
digital.vasic.translator/pkg/deployment/orchestrator.go:340.38,341.59 1 1
digital.vasic.translator/pkg/deployment/orchestrator.go:341.59,343.4 1 0
digital.vasic.translator/pkg/deployment/orchestrator.go:346.2,346.12 1 1
digital.vasic.translator/pkg/deployment/orchestrator.go:350.87,351.20 1 1
digital.vasic.translator/pkg/deployment/orchestrator.go:351.20,353.3 1 0
digital.vasic.translator/pkg/deployment/orchestrator.go:355.2,355.20 1 1
digital.vasic.translator/pkg/deployment/orchestrator.go:355.20,357.3 1 0
digital.vasic.translator/pkg/deployment/orchestrator.go:359.2,359.27 1 1
digital.vasic.translator/pkg/deployment/orchestrator.go:359.27,361.3 1 0
digital.vasic.translator/pkg/deployment/orchestrator.go:363.2,363.29 1 1
digital.vasic.translator/pkg/deployment/orchestrator.go:363.29,365.3 1 0
digital.vasic.translator/pkg/deployment/orchestrator.go:367.2,367.25 1 1
digital.vasic.translator/pkg/deployment/orchestrator.go:367.25,369.3 1 0
digital.vasic.translator/pkg/deployment/orchestrator.go:371.2,371.12 1 1
digital.vasic.translator/pkg/deployment/orchestrator.go:375.64,379.39 3 0
digital.vasic.translator/pkg/deployment/orchestrator.go:379.39,380.44 1 0
digital.vasic.translator/pkg/deployment/orchestrator.go:380.44,382.4 1 0
digital.vasic.translator/pkg/deployment/orchestrator.go:384.2,384.11 1 0
digital.vasic.translator/pkg/deployment/orchestrator.go:388.87,393.32 4 1
digital.vasic.translator/pkg/deployment/orchestrator.go:393.32,395.3 1 1
digital.vasic.translator/pkg/deployment/orchestrator.go:396.2,396.15 1 1
digital.vasic.translator/pkg/deployment/orchestrator.go:400.65,401.24 1 0
digital.vasic.translator/pkg/deployment/orchestrator.go:401.24,403.3 1 0
digital.vasic.translator/pkg/deployment/orchestrator.go:407.106,414.13 5 0
digital.vasic.translator/pkg/deployment/orchestrator.go:414.13,416.3 1 0
digital.vasic.translator/pkg/deployment/orchestrator.go:419.2,423.16 3 0
digital.vasic.translator/pkg/deployment/orchestrator.go:423.16,425.3 1 0
digital.vasic.translator/pkg/deployment/orchestrator.go:428.2,435.79 6 0
digital.vasic.translator/pkg/deployment/orchestrator.go:435.79,437.3 1 0
digital.vasic.translator/pkg/deployment/orchestrator.go:439.2,456.12 7 0
digital.vasic.translator/pkg/deployment/orchestrator.go:460.80,465.39 4 0
digital.vasic.translator/pkg/deployment/orchestrator.go:465.39,467.3 1 0
digital.vasic.translator/pkg/deployment/orchestrator.go:468.2,470.37 2 0
digital.vasic.translator/pkg/deployment/orchestrator.go:470.37,471.99 1 0
digital.vasic.translator/pkg/deployment/orchestrator.go:471.99,473.4 1 0
digital.vasic.translator/pkg/deployment/orchestrator.go:476.2,483.12 3 0
digital.vasic.translator/pkg/deployment/orchestrator.go:487.97,494.13 5 0
digital.vasic.translator/pkg/deployment/orchestrator.go:494.13,496.3 1 0
digital.vasic.translator/pkg/deployment/orchestrator.go:499.2,499.74 1 0
digital.vasic.translator/pkg/deployment/orchestrator.go:499.74,501.3 1 0
digital.vasic.translator/pkg/deployment/orchestrator.go:504.2,510.79 5 0
digital.vasic.translator/pkg/deployment/orchestrator.go:510.79,512.3 1 0
digital.vasic.translator/pkg/deployment/orchestrator.go:514.2,529.12 7 0
digital.vasic.translator/pkg/deployment/orchestrator.go:533.81,538.39 4 0
digital.vasic.translator/pkg/deployment/orchestrator.go:538.39,540.3 1 0
digital.vasic.translator/pkg/deployment/orchestrator.go:541.2,543.37 2 0
digital.vasic.translator/pkg/deployment/orchestrator.go:543.37,544.61 1 0
digital.vasic.translator/pkg/deployment/orchestrator.go:544.61,546.4 1 0
digital.vasic.translator/pkg/deployment/orchestrator.go:549.2,556.12 3 0
digital.vasic.translator/pkg/deployment/orchestrator.go:560.135,565.6 4 0
digital.vasic.translator/pkg/deployment/orchestrator.go:565.6,566.10 1 0
digital.vasic.translator/pkg/deployment/orchestrator.go:567.21,568.20 1 0
digital.vasic.translator/pkg/deployment/orchestrator.go:569.22,570.87 1 0
digital.vasic.translator/pkg/deployment/orchestrator.go:571.19,573.18 2 0
digital.vasic.translator/pkg/deployment/orchestrator.go:573.18,575.13 2 0
digital.vasic.translator/pkg/deployment/orchestrator.go:578.4,578.15 1 0
digital.vasic.translator/pkg/deployment/orchestrator.go:578.15,580.5 1 0
digital.vasic.translator/pkg/deployment/orchestrator.go:586.49,589.25 2 1
digital.vasic.translator/pkg/deployment/orchestrator.go:589.25,591.3 1 1
digital.vasic.translator/pkg/deployment/orchestrator.go:593.2,593.26 1 1
digital.vasic.translator/pkg/deployment/orchestrator.go:593.26,595.3 1 1
digital.vasic.translator/pkg/deployment/orchestrator.go:597.2,597.24 1 1
digital.vasic.translator/pkg/deployment/orchestrator.go:597.24,599.3 1 1
digital.vasic.translator/pkg/deployment/orchestrator.go:601.2,601.12 1 1
digital.vasic.translator/pkg/deployment/ssh_deployer.go:21.54,25.2 1 1
digital.vasic.translator/pkg/deployment/ssh_deployer.go:28.102,33.16 3 0
digital.vasic.translator/pkg/deployment/ssh_deployer.go:33.16,35.3 1 0
digital.vasic.translator/pkg/deployment/ssh_deployer.go:36.2,39.53 2 0
digital.vasic.translator/pkg/deployment/ssh_deployer.go:39.53,41.3 1 0
digital.vasic.translator/pkg/deployment/ssh_deployer.go:44.2,44.70 1 0
digital.vasic.translator/pkg/deployment/ssh_deployer.go:44.70,46.3 1 0
digital.vasic.translator/pkg/deployment/ssh_deployer.go:49.2,49.87 1 0
digital.vasic.translator/pkg/deployment/ssh_deployer.go:49.87,51.3 1 0
digital.vasic.translator/pkg/deployment/ssh_deployer.go:54.2,55.16 2 0
digital.vasic.translator/pkg/deployment/ssh_deployer.go:55.16,57.3 1 0
digital.vasic.translator/pkg/deployment/ssh_deployer.go:59.2,60.25 2 0
digital.vasic.translator/pkg/deployment/ssh_deployer.go:64.82,67.16 2 0
digital.vasic.translator/pkg/deployment/ssh_deployer.go:67.16,69.3 1 0
digital.vasic.translator/pkg/deployment/ssh_deployer.go:72.2,73.16 2 0
digital.vasic.translator/pkg/deployment/ssh_deployer.go:73.16,75.3 1 0
digital.vasic.translator/pkg/deployment/ssh_deployer.go:78.2,89.16 3 0
digital.vasic.translator/pkg/deployment/ssh_deployer.go:89.16,91.3 1 0
digital.vasic.translator/pkg/deployment/ssh_deployer.go:93.2,93.20 1 0
digital.vasic.translator/pkg/deployment/ssh_deployer.go:97.84,99.16 2 0
digital.vasic.translator/pkg/deployment/ssh_deployer.go:99.16,101.3 1 0
digital.vasic.translator/pkg/deployment/ssh_deployer.go:102.2,105.52 2 0
digital.vasic.translator/pkg/deployment/ssh_deployer.go:105.52,107.3 1 0
digital.vasic.translator/pkg/deployment/ssh_deployer.go:110.2,111.16 2 0
digital.vasic.translator/pkg/deployment/ssh_deployer.go:111.16,113.3 1 0
digital.vasic.translator/pkg/deployment/ssh_deployer.go:114.2,117.74 2 0
digital.vasic.translator/pkg/deployment/ssh_deployer.go:117.74,120.17 2 0
digital.vasic.translator/pkg/deployment/ssh_deployer.go:120.17,122.4 1 0
digital.vasic.translator/pkg/deployment/ssh_deployer.go:123.3,125.68 2 0
digital.vasic.translator/pkg/deployment/ssh_deployer.go:125.68,127.4 1 0
digital.vasic.translator/pkg/deployment/ssh_deployer.go:130.2,130.12 1 0
digital.vasic.translator/pkg/deployment/ssh_deployer.go:134.95,136.16 2 0
digital.vasic.translator/pkg/deployment/ssh_deployer.go:136.16,138.3 1 0
digital.vasic.translator/pkg/deployment/ssh_deployer.go:139.2,142.25 3 0
digital.vasic.translator/pkg/deployment/ssh_deployer.go:146.118,148.16 2 0
digital.vasic.translator/pkg/deployment/ssh_deployer.go:148.16,150.3 1 0
digital.vasic.translator/pkg/deployment/ssh_deployer.go:151.2,155.41 3 0
digital.vasic.translator/pkg/deployment/ssh_deployer.go:155.41,157.3 1 0
digital.vasic.translator/pkg/deployment/ssh_deployer.go:159.2,160.16 2 0
digital.vasic.translator/pkg/deployment/ssh_deployer.go:160.16,162.3 1 0
digital.vasic.translator/pkg/deployment/ssh_deployer.go:163.2,167.41 3 0
digital.vasic.translator/pkg/deployment/ssh_deployer.go:167.41,169.3 1 0
digital.vasic.translator/pkg/deployment/ssh_deployer.go:171.2,171.12 1 0
digital.vasic.translator/pkg/deployment/ssh_deployer.go:175.131,177.16 2 0
digital.vasic.translator/pkg/deployment/ssh_deployer.go:177.16,179.3 1 0
digital.vasic.translator/pkg/deployment/ssh_deployer.go:180.2,192.41 7 0
digital.vasic.translator/pkg/deployment/ssh_deployer.go:192.41,194.3 1 0
digital.vasic.translator/pkg/deployment/ssh_deployer.go:197.2,198.23 2 0
digital.vasic.translator/pkg/deployment/ssh_deployer.go:198.23,200.3 1 0
digital.vasic.translator/pkg/deployment/ssh_deployer.go:202.2,202.25 1 0
digital.vasic.translator/pkg/deployment/ssh_deployer.go:206.79,212.32 4 0
digital.vasic.translator/pkg/deployment/ssh_deployer.go:212.32,215.3 2 0
digital.vasic.translator/pkg/deployment/ssh_deployer.go:215.8,217.3 1 0
digital.vasic.translator/pkg/deployment/ssh_deployer.go:220.2,220.42 1 0
digital.vasic.translator/pkg/deployment/ssh_deployer.go:220.42,223.3 2 0
digital.vasic.translator/pkg/deployment/ssh_deployer.go:226.2,226.36 1 0
digital.vasic.translator/pkg/deployment/ssh_deployer.go:226.36,228.52 2 0
digital.vasic.translator/pkg/deployment/ssh_deployer.go:228.52,231.4 2 0
digital.vasic.translator/pkg/deployment/ssh_deployer.go:235.2,235.40 1 0
digital.vasic.translator/pkg/deployment/ssh_deployer.go:235.40,240.22 5 0
digital.vasic.translator/pkg/deployment/ssh_deployer.go:240.22,242.4 1 0
digital.vasic.translator/pkg/deployment/ssh_deployer.go:246.2,246.45 1 0
digital.vasic.translator/pkg/deployment/ssh_deployer.go:246.45,252.3 5 0
digital.vasic.translator/pkg/deployment/ssh_deployer.go:255.2,255.31 1 0
digital.vasic.translator/pkg/deployment/ssh_deployer.go:255.31,260.38 4 0
digital.vasic.translator/pkg/deployment/ssh_deployer.go:260.38,262.4 1 0
digital.vasic.translator/pkg/deployment/ssh_deployer.go:263.3,263.37 1 0
digital.vasic.translator/pkg/deployment/ssh_deployer.go:263.37,265.4 1 0
digital.vasic.translator/pkg/deployment/ssh_deployer.go:266.3,266.37 1 0
digital.vasic.translator/pkg/deployment/ssh_deployer.go:266.37,268.4 1 0
digital.vasic.translator/pkg/deployment/ssh_deployer.go:269.3,269.41 1 0
digital.vasic.translator/pkg/deployment/ssh_deployer.go:269.41,271.4 1 0
digital.vasic.translator/pkg/deployment/ssh_deployer.go:275.2,278.21 3 0
digital.vasic.translator/pkg/deployment/ssh_deployer.go:282.102,290.16 4 0
digital.vasic.translator/pkg/deployment/ssh_deployer.go:290.16,292.3 1 0
digital.vasic.translator/pkg/deployment/ssh_deployer.go:293.2,295.46 2 0
digital.vasic.translator/pkg/deployment/ssh_deployer.go:299.115,301.16 2 0
digital.vasic.translator/pkg/deployment/ssh_deployer.go:301.16,303.3 1 0
digital.vasic.translator/pkg/deployment/ssh_deployer.go:304.2,307.16 3 0
digital.vasic.translator/pkg/deployment/ssh_deployer.go:307.16,309.3 1 0
digital.vasic.translator/pkg/deployment/ssh_deployer.go:310.2,318.41 6 0
digital.vasic.translator/pkg/deployment/ssh_deployer.go:318.41,320.3 1 0
digital.vasic.translator/pkg/deployment/ssh_deployer.go:322.2,322.29 1 0
digital.vasic.translator/pkg/deployment/ssh_deployer.go:326.90,328.16 2 0
digital.vasic.translator/pkg/deployment/ssh_deployer.go:328.16,330.3 1 0
digital.vasic.translator/pkg/deployment/ssh_deployer.go:331.2,334.16 3 0
digital.vasic.translator/pkg/deployment/ssh_deployer.go:334.16,336.3 1 0
digital.vasic.translator/pkg/deployment/ssh_deployer.go:337.2,340.25 3 0
digital.vasic.translator/pkg/deployment/ssh_deployer.go:344.92,346.16 2 0
digital.vasic.translator/pkg/deployment/ssh_deployer.go:346.16,348.3 1 0
digital.vasic.translator/pkg/deployment/ssh_deployer.go:349.2,352.16 3 0
digital.vasic.translator/pkg/deployment/ssh_deployer.go:352.16,354.3 1 0
digital.vasic.translator/pkg/deployment/ssh_deployer.go:355.2,358.25 3 0
digital.vasic.translator/pkg/deployment/ssh_deployer.go:362.102,366.16 3 0
digital.vasic.translator/pkg/deployment/ssh_deployer.go:366.16,368.3 1 0
digital.vasic.translator/pkg/deployment/ssh_deployer.go:369.2,372.16 3 0
digital.vasic.translator/pkg/deployment/ssh_deployer.go:372.16,374.3 1 0
digital.vasic.translator/pkg/deployment/ssh_deployer.go:375.2,379.45 3 0
digital.vasic.translator/pkg/deployment/ssh_deployer.go:379.45,381.3 1 0
digital.vasic.translator/pkg/deployment/ssh_deployer.go:384.2,385.47 2 0
digital.vasic.translator/pkg/deployment/ssh_deployer.go:385.47,387.3 1 0
digital.vasic.translator/pkg/deployment/ssh_deployer.go:390.2,392.16 3 0
digital.vasic.translator/pkg/deployment/ssh_deployer.go:392.16,394.3 1 0
digital.vasic.translator/pkg/deployment/ssh_deployer.go:395.2,397.46 2 0
digital.vasic.translator/pkg/deployment/ssh_deployer.go:397.46,399.3 1 0
digital.vasic.translator/pkg/deployment/ssh_deployer.go:402.2,404.16 3 0
digital.vasic.translator/pkg/deployment/ssh_deployer.go:404.16,406.3 1 0
digital.vasic.translator/pkg/deployment/ssh_deployer.go:407.2,412.45 4 0
digital.vasic.translator/pkg/deployment/ssh_deployer.go:412.45,414.3 1 0
digital.vasic.translator/pkg/deployment/ssh_deployer.go:416.2,419.25 3 0
digital.vasic.translator/pkg/deployment/ssh_deployer.go:423.93,427.16 3 0
digital.vasic.translator/pkg/deployment/ssh_deployer.go:427.16,429.3 1 0
digital.vasic.translator/pkg/deployment/ssh_deployer.go:430.2,433.16 3 0
digital.vasic.translator/pkg/deployment/ssh_deployer.go:433.16,435.3 1 0
digital.vasic.translator/pkg/deployment/ssh_deployer.go:436.2,439.25 3 0
digital.vasic.translator/pkg/deployment/ssh_deployer.go:443.38,446.2 1 1
digital.vasic.translator/cmd/markdown-translator/main.go:19.13,32.22 11 0
digital.vasic.translator/cmd/markdown-translator/main.go:32.22,38.3 5 0
digital.vasic.translator/cmd/markdown-translator/main.go:41.2,41.55 1 0
digital.vasic.translator/cmd/markdown-translator/main.go:41.55,43.3 1 0
digital.vasic.translator/cmd/markdown-translator/main.go:46.2,50.23 3 0
digital.vasic.translator/cmd/markdown-translator/main.go:50.23,53.28 3 0
digital.vasic.translator/cmd/markdown-translator/main.go:53.28,55.4 1 0
digital.vasic.translator/cmd/markdown-translator/main.go:56.3,56.76 1 0
digital.vasic.translator/cmd/markdown-translator/main.go:60.2,65.21 4 0
digital.vasic.translator/cmd/markdown-translator/main.go:65.21,67.3 1 0
digital.vasic.translator/cmd/markdown-translator/main.go:70.2,70.51 1 0
digital.vasic.translator/cmd/markdown-translator/main.go:70.51,72.3 1 0
digital.vasic.translator/cmd/markdown-translator/main.go:74.2,80.24 6 0
digital.vasic.translator/cmd/markdown-translator/main.go:80.24,82.3 1 0
digital.vasic.translator/cmd/markdown-translator/main.go:83.2,83.21 1 0
digital.vasic.translator/cmd/markdown-translator/main.go:83.21,85.3 1 0
digital.vasic.translator/cmd/markdown-translator/main.go:86.2,86.27 1 0
digital.vasic.translator/cmd/markdown-translator/main.go:86.27,88.3 1 0
digital.vasic.translator/cmd/markdown-translator/main.go:91.2,91.22 1 0
digital.vasic.translator/cmd/markdown-translator/main.go:91.22,94.79 3 0
digital.vasic.translator/cmd/markdown-translator/main.go:94.79,96.4 1 0
digital.vasic.translator/cmd/markdown-translator/main.go:97.3,98.12 2 0
digital.vasic.translator/cmd/markdown-translator/main.go:99.8,101.3 1 0
digital.vasic.translator/cmd/markdown-translator/main.go:104.2,105.24 2 0
digital.vasic.translator/cmd/markdown-translator/main.go:105.24,111.23 4 0
digital.vasic.translator/cmd/markdown-translator/main.go:111.23,115.18 4 0
digital.vasic.translator/cmd/markdown-translator/main.go:115.18,117.5 1 0
digital.vasic.translator/cmd/markdown-translator/main.go:118.9,131.4 1 0
digital.vasic.translator/cmd/markdown-translator/main.go:134.3,148.17 3 0
digital.vasic.translator/cmd/markdown-translator/main.go:148.17,150.4 1 0
digital.vasic.translator/cmd/markdown-translator/main.go:152.3,154.17 3 0
digital.vasic.translator/cmd/markdown-translator/main.go:154.17,157.4 2 0
digital.vasic.translator/cmd/markdown-translator/main.go:157.9,161.65 3 0
digital.vasic.translator/cmd/markdown-translator/main.go:161.65,163.5 1 0
digital.vasic.translator/cmd/markdown-translator/main.go:163.10,172.5 7 0
digital.vasic.translator/cmd/markdown-translator/main.go:174.3,174.16 1 0
digital.vasic.translator/cmd/markdown-translator/main.go:178.2,180.16 3 0
digital.vasic.translator/cmd/markdown-translator/main.go:180.16,182.3 1 0
digital.vasic.translator/cmd/markdown-translator/main.go:183.2,189.83 5 0
digital.vasic.translator/cmd/markdown-translator/main.go:189.83,191.3 1 0
digital.vasic.translator/cmd/markdown-translator/main.go:193.2,193.83 1 0
digital.vasic.translator/cmd/markdown-translator/main.go:193.83,195.3 1 0
digital.vasic.translator/cmd/markdown-translator/main.go:196.2,200.29 3 0
digital.vasic.translator/cmd/markdown-translator/main.go:200.29,203.88 3 0
digital.vasic.translator/cmd/markdown-translator/main.go:203.88,205.4 1 0
digital.vasic.translator/cmd/markdown-translator/main.go:206.3,206.60 1 0
digital.vasic.translator/cmd/markdown-translator/main.go:207.8,207.34 1 0
digital.vasic.translator/cmd/markdown-translator/main.go:207.34,209.34 1 0
digital.vasic.translator/cmd/markdown-translator/main.go:209.34,211.18 2 0
digital.vasic.translator/cmd/markdown-translator/main.go:211.18,213.5 1 0
digital.vasic.translator/cmd/markdown-translator/main.go:214.4,214.67 1 0
digital.vasic.translator/cmd/markdown-translator/main.go:214.67,216.5 1 0
digital.vasic.translator/cmd/markdown-translator/main.go:218.3,218.64 1 0
digital.vasic.translator/cmd/markdown-translator/main.go:222.2,222.47 1 0
digital.vasic.translator/cmd/markdown-translator/main.go:222.47,224.23 2 0
digital.vasic.translator/cmd/markdown-translator/main.go:224.23,226.4 1 0
digital.vasic.translator/cmd/markdown-translator/main.go:227.3,228.38 2 0
digital.vasic.translator/cmd/markdown-translator/main.go:231.2,233.38 3 0
digital.vasic.translator/cmd/markdown-translator/main.go:233.38,234.23 1 0
digital.vasic.translator/cmd/markdown-translator/main.go:234.23,236.4 1 0
digital.vasic.translator/cmd/markdown-translator/main.go:237.3,237.55 1 0
digital.vasic.translator/cmd/markdown-translator/main.go:239.2,239.29 1 0
digital.vasic.translator/cmd/markdown-translator/main.go:239.29,241.3 1 0
digital.vasic.translator/cmd/markdown-translator/main.go:241.8,243.3 1 0
digital.vasic.translator/cmd/markdown-translator/main.go:247.90,252.18 3 0
digital.vasic.translator/cmd/markdown-translator/main.go:253.18,255.33 2 0
digital.vasic.translator/cmd/markdown-translator/main.go:256.16,258.25 2 0
digital.vasic.translator/cmd/markdown-translator/main.go:259.19,261.44 2 0
digital.vasic.translator/cmd/markdown-translator/main.go:262.15,264.25 2 0
digital.vasic.translator/cmd/markdown-translator/main.go:265.18,268.20 2 0
digital.vasic.translator/cmd/markdown-translator/main.go:269.10,270.63 1 0
digital.vasic.translator/cmd/markdown-translator/main.go:274.2,274.44 1 0
digital.vasic.translator/cmd/markdown-translator/main.go:274.44,276.3 1 0
digital.vasic.translator/cmd/markdown-translator/main.go:279.2,279.17 1 0
digital.vasic.translator/cmd/markdown-translator/main.go:279.17,281.3 1 0
digital.vasic.translator/cmd/markdown-translator/main.go:284.2,293.37 2 0
digital.vasic.translator/cmd/cli/main.go:23.13,72.17 26 0
digital.vasic.translator/cmd/cli/main.go:72.17,75.3 2 0
digital.vasic.translator/cmd/cli/main.go:78.2,78.57 1 0
digital.vasic.translator/cmd/cli/main.go:78.57,81.3 2 0
digital.vasic.translator/cmd/cli/main.go:84.2,84.24 1 0
digital.vasic.translator/cmd/cli/main.go:84.24,85.56 1 0
digital.vasic.translator/cmd/cli/main.go:85.56,88.4 2 0
digital.vasic.translator/cmd/cli/main.go:89.3,90.13 2 0
digital.vasic.translator/cmd/cli/main.go:94.2,97.18 3 0
digital.vasic.translator/cmd/cli/main.go:97.18,99.17 2 0
digital.vasic.translator/cmd/cli/main.go:99.17,103.4 3 0
digital.vasic.translator/cmd/cli/main.go:104.8,104.33 1 0
digital.vasic.translator/cmd/cli/main.go:104.33,106.17 2 0
digital.vasic.translator/cmd/cli/main.go:106.17,110.4 3 0
digital.vasic.translator/cmd/cli/main.go:111.8,114.3 1 0
digital.vasic.translator/cmd/cli/main.go:117.2,118.26 2 0
digital.vasic.translator/cmd/cli/main.go:118.26,120.17 2 0
digital.vasic.translator/cmd/cli/main.go:120.17,123.4 2 0
digital.vasic.translator/cmd/cli/main.go:127.2,127.18 1 0
digital.vasic.translator/cmd/cli/main.go:127.18,129.3 1 0
digital.vasic.translator/cmd/cli/main.go:132.2,135.49 2 0
digital.vasic.translator/cmd/cli/main.go:135.49,137.3 1 0
digital.vasic.translator/cmd/cli/main.go:140.2,145.16 5 0
digital.vasic.translator/cmd/cli/main.go:145.16,148.3 2 0
digital.vasic.translator/cmd/cli/main.go:150.2,155.16 4 0
digital.vasic.translator/cmd/cli/main.go:155.16,158.25 3 0
digital.vasic.translator/cmd/cli/main.go:158.25,160.4 1 0
digital.vasic.translator/cmd/cli/main.go:162.3,163.17 2 0
digital.vasic.translator/cmd/cli/main.go:163.17,166.4 2 0
digital.vasic.translator/cmd/cli/main.go:168.3,169.13 2 0
digital.vasic.translator/cmd/cli/main.go:172.2,175.22 2 0
digital.vasic.translator/cmd/cli/main.go:175.22,177.3 1 0
digital.vasic.translator/cmd/cli/main.go:180.2,194.16 1 0
digital.vasic.translator/cmd/cli/main.go:194.16,197.3 2 0
digital.vasic.translator/cmd/cli/main.go:199.2,201.49 3 0
digital.vasic.translator/cmd/cli/main.go:210.9,229.55 6 0
digital.vasic.translator/cmd/cli/main.go:229.55,231.22 2 0
digital.vasic.translator/cmd/cli/main.go:231.22,234.4 2 0
digital.vasic.translator/cmd/cli/main.go:234.9,234.41 1 0
digital.vasic.translator/cmd/cli/main.go:234.41,237.4 1 0
digital.vasic.translator/cmd/cli/main.go:242.2,242.18 1 0
digital.vasic.translator/cmd/cli/main.go:242.18,243.35 1 0
digital.vasic.translator/cmd/cli/main.go:243.35,245.4 1 0
digital.vasic.translator/cmd/cli/main.go:245.9,247.18 2 0
digital.vasic.translator/cmd/cli/main.go:247.18,249.5 1 0
digital.vasic.translator/cmd/cli/main.go:251.3,251.58 1 0
digital.vasic.translator/cmd/cli/main.go:255.2,256.18 2 0
digital.vasic.translator/cmd/cli/main.go:256.18,258.3 1 0
digital.vasic.translator/cmd/cli/main.go:259.2,270.85 3 0
digital.vasic.translator/cmd/cli/main.go:270.85,272.3 1 0
digital.vasic.translator/cmd/cli/main.go:275.2,275.54 1 0
digital.vasic.translator/cmd/cli/main.go:275.54,279.3 3 0
digital.vasic.translator/cmd/cli/main.go:282.2,285.19 3 0
digital.vasic.translator/cmd/cli/main.go:286.25,288.56 2 0
digital.vasic.translator/cmd/cli/main.go:288.56,290.4 1 0
digital.vasic.translator/cmd/cli/main.go:292.24,295.61 1 0
digital.vasic.translator/cmd/cli/main.go:297.24,299.55 1 0
digital.vasic.translator/cmd/cli/main.go:299.55,301.4 1 0
digital.vasic.translator/cmd/cli/main.go:303.10,304.67 1 0
digital.vasic.translator/cmd/cli/main.go:308.2,315.12 7 0
digital.vasic.translator/cmd/cli/main.go:318.72,323.39 3 0
digital.vasic.translator/cmd/cli/main.go:323.39,325.3 1 0
digital.vasic.translator/cmd/cli/main.go:328.2,328.31 1 0
digital.vasic.translator/cmd/cli/main.go:328.31,330.3 1 0
digital.vasic.translator/cmd/cli/main.go:333.81,336.34 2 0
digital.vasic.translator/cmd/cli/main.go:336.34,338.3 1 0
digital.vasic.translator/cmd/cli/main.go:341.81,345.37 3 0
digital.vasic.translator/cmd/cli/main.go:345.37,347.3 1 0
digital.vasic.translator/cmd/cli/main.go:350.59,352.16 2 0
digital.vasic.translator/cmd/cli/main.go:352.16,354.3 1 0
digital.vasic.translator/cmd/cli/main.go:355.2,359.12 4 0
digital.vasic.translator/cmd/cli/main.go:362.47,371.45 2 0
digital.vasic.translator/cmd/cli/main.go:371.45,373.3 1 0
digital.vasic.translator/cmd/cli/main.go:375.2,375.11 1 0
digital.vasic.translator/cmd/cli/main.go:378.80,385.2 4 0
digital.vasic.translator/cmd/cli/main.go:387.46,399.2 2 0
digital.vasic.translator/cmd/cli/main.go:401.43,404.29 3 0
digital.vasic.translator/cmd/cli/main.go:404.29,406.3 1 0
digital.vasic.translator/cmd/cli/main.go:407.2,407.34 1 0
digital.vasic.translator/cmd/cli/main.go:410.18,485.2 1 0
digital.vasic.translator/cmd/deployment/main.go:17.13,30.16 4 0
digital.vasic.translator/cmd/deployment/main.go:30.16,32.3 1 0
digital.vasic.translator/cmd/deployment/main.go:35.2,35.14 1 0
digital.vasic.translator/cmd/deployment/main.go:35.14,37.3 1 0
digital.vasic.translator/cmd/deployment/main.go:40.2,47.17 4 0
digital.vasic.translator/cmd/deployment/main.go:48.16,49.22 1 0
digital.vasic.translator/cmd/deployment/main.go:49.22,51.4 1 0
digital.vasic.translator/cmd/deployment/main.go:52.3,52.40 1 0
digital.vasic.translator/cmd/deployment/main.go:54.16,55.29 1 0
digital.vasic.translator/cmd/deployment/main.go:57.14,58.27 1 0
digital.vasic.translator/cmd/deployment/main.go:60.17,61.30 1 0
digital.vasic.translator/cmd/deployment/main.go:63.16,64.47 1 0
digital.vasic.translator/cmd/deployment/main.go:66.17,67.40 1 0
digital.vasic.translator/cmd/deployment/main.go:69.23,70.26 1 0
digital.vasic.translator/cmd/deployment/main.go:72.10,73.44 1 0
digital.vasic.translator/cmd/deployment/main.go:77.85,82.16 3 0
digital.vasic.translator/cmd/deployment/main.go:82.16,84.3 1 0
digital.vasic.translator/cmd/deployment/main.go:87.2,90.72 3 0
digital.vasic.translator/cmd/deployment/main.go:90.72,92.3 1 0
digital.vasic.translator/cmd/deployment/main.go:94.2,94.51 1 0
digital.vasic.translator/cmd/deployment/main.go:97.68,103.38 4 0
digital.vasic.translator/cmd/deployment/main.go:103.38,110.3 6 0
digital.vasic.translator/cmd/deployment/main.go:113.66,120.2 2 0
digital.vasic.translator/cmd/deployment/main.go:122.69,129.2 2 0
digital.vasic.translator/cmd/deployment/main.go:131.91,132.19 1 0
digital.vasic.translator/cmd/deployment/main.go:132.19,134.3 1 0
digital.vasic.translator/cmd/deployment/main.go:136.2,141.17 4 0
digital.vasic.translator/cmd/deployment/main.go:141.17,143.73 1 0
digital.vasic.translator/cmd/deployment/main.go:143.73,145.4 1 0
digital.vasic.translator/cmd/deployment/main.go:146.8,148.61 1 0
digital.vasic.translator/cmd/deployment/main.go:148.61,150.4 1 0
digital.vasic.translator/cmd/deployment/main.go:153.2,153.47 1 0
digital.vasic.translator/cmd/deployment/main.go:156.85,162.19 4 0
digital.vasic.translator/cmd/deployment/main.go:162.19,164.67 1 0
digital.vasic.translator/cmd/deployment/main.go:164.67,166.4 1 0
digital.vasic.translator/cmd/deployment/main.go:167.8,169.62 1 0
digital.vasic.translator/cmd/deployment/main.go:169.62,171.4 1 0
digital.vasic.translator/cmd/deployment/main.go:174.2,174.48 1 0
digital.vasic.translator/cmd/deployment/main.go:177.45,184.16 4 0
digital.vasic.translator/cmd/deployment/main.go:184.16,186.3 1 0
digital.vasic.translator/cmd/deployment/main.go:188.2,188.73 1 0
digital.vasic.translator/cmd/deployment/main.go:188.73,190.3 1 0
digital.vasic.translator/cmd/deployment/main.go:192.2,192.64 1 0
digital.vasic.translator/cmd/deployment/main.go:195.78,197.16 2 0
digital.vasic.translator/cmd/deployment/main.go:197.16,199.3 1 0
digital.vasic.translator/cmd/deployment/main.go:201.2,202.52 2 0
digital.vasic.translator/cmd/deployment/main.go:202.52,204.3 1 0
digital.vasic.translator/cmd/deployment/main.go:206.2,206.19 1 0
digital.vasic.translator/cmd/deployment/main.go:209.73,241.56 3 0
digital.vasic.translator/cmd/deployment/main.go:241.56,270.3 3 0
digital.vasic.translator/cmd/deployment/main.go:272.2,272.13 1 0
digital.vasic.translator/pkg/events/events.go:43.30,48.2 1 1
digital.vasic.translator/pkg/events/events.go:51.74,55.2 3 1
digital.vasic.translator/pkg/events/events.go:58.56,62.2 3 1
digital.vasic.translator/pkg/events/events.go:65.42,70.49 3 1
digital.vasic.translator/pkg/events/events.go:70.49,71.36 1 1
digital.vasic.translator/pkg/events/events.go:71.36,72.28 1 1
digital.vasic.translator/pkg/events/events.go:72.28,73.18 1 1
digital.vasic.translator/pkg/events/events.go:73.18,74.34 1 1
digital.vasic.translator/pkg/events/events.go:74.35,76.7 0 1
digital.vasic.translator/pkg/events/events.go:78.5,78.13 1 1
digital.vasic.translator/pkg/events/events.go:84.2,84.39 1 1
digital.vasic.translator/pkg/events/events.go:84.39,85.27 1 1
digital.vasic.translator/pkg/events/events.go:85.27,86.17 1 1
digital.vasic.translator/pkg/events/events.go:86.17,87.33 1 1
digital.vasic.translator/pkg/events/events.go:87.34,89.6 0 0
digital.vasic.translator/pkg/events/events.go:91.4,91.12 1 1
digital.vasic.translator/pkg/events/events.go:97.87,105.2 1 1
digital.vasic.translator/pkg/events/events.go:108.31,110.2 1 1
digital.vasic.translator/cmd/preparation-translator/main.go:17.13,31.55 10 0
digital.vasic.translator/cmd/preparation-translator/main.go:31.55,33.3 1 0
digital.vasic.translator/cmd/preparation-translator/main.go:35.2,47.16 11 0
digital.vasic.translator/cmd/preparation-translator/main.go:47.16,49.3 1 0
digital.vasic.translator/cmd/preparation-translator/main.go:50.2,82.16 9 0
digital.vasic.translator/cmd/preparation-translator/main.go:82.16,84.3 1 0
digital.vasic.translator/cmd/preparation-translator/main.go:87.2,101.46 5 0
digital.vasic.translator/cmd/preparation-translator/main.go:101.46,103.42 2 0
digital.vasic.translator/cmd/preparation-translator/main.go:103.42,104.64 1 0
digital.vasic.translator/cmd/preparation-translator/main.go:104.64,106.67 1 0
digital.vasic.translator/cmd/preparation-translator/main.go:106.67,108.6 1 0
digital.vasic.translator/cmd/preparation-translator/main.go:109.5,109.54 1 0
digital.vasic.translator/cmd/preparation-translator/main.go:109.54,111.6 1 0
digital.vasic.translator/cmd/preparation-translator/main.go:116.2,116.43 1 0
digital.vasic.translator/cmd/preparation-translator/main.go:116.43,118.3 1 0
digital.vasic.translator/cmd/preparation-translator/main.go:120.2,129.16 7 0
digital.vasic.translator/cmd/preparation-translator/main.go:129.16,131.3 1 0
digital.vasic.translator/cmd/preparation-translator/main.go:133.2,138.78 4 0
digital.vasic.translator/cmd/preparation-translator/main.go:138.78,140.3 1 0
digital.vasic.translator/cmd/preparation-translator/main.go:140.8,142.3 1 0
digital.vasic.translator/cmd/preparation-translator/main.go:145.2,145.68 1 0
digital.vasic.translator/cmd/preparation-translator/main.go:145.68,161.46 14 0
digital.vasic.translator/cmd/preparation-translator/main.go:161.46,163.57 2 0
digital.vasic.translator/cmd/preparation-translator/main.go:163.57,164.15 1 0
digital.vasic.translator/cmd/preparation-translator/main.go:164.15,166.11 2 0
digital.vasic.translator/cmd/preparation-translator/main.go:168.5,168.32 1 0
digital.vasic.translator/cmd/preparation-translator/main.go:173.3,173.56 1 0
digital.vasic.translator/cmd/preparation-translator/main.go:173.56,175.66 2 0
digital.vasic.translator/cmd/preparation-translator/main.go:175.66,176.15 1 0
digital.vasic.translator/cmd/preparation-translator/main.go:176.15,178.11 2 0
digital.vasic.translator/cmd/preparation-translator/main.go:180.5,180.53 1 0
digital.vasic.translator/cmd/preparation-translator/main.go:185.3,185.47 1 0
digital.vasic.translator/cmd/preparation-translator/main.go:185.47,187.57 2 0
digital.vasic.translator/cmd/preparation-translator/main.go:187.57,189.33 2 0
digital.vasic.translator/cmd/preparation-translator/main.go:189.33,191.6 1 0
digital.vasic.translator/cmd/preparation-translator/main.go:197.2,199.56 3 0
digital.vasic.translator/cmd/preparation-translator/main.go:199.56,201.3 1 0
digital.vasic.translator/cmd/preparation-translator/main.go:202.2,212.51 7 0
digital.vasic.translator/cmd/preparation-translator/main.go:212.51,214.3 1 0
digital.vasic.translator/cmd/preparation-translator/main.go:215.2,215.53 1 0
digital.vasic.translator/cmd/preparation-translator/main.go:215.53,217.3 1 0
digital.vasic.translator/cmd/preparation-translator/main.go:219.2,219.84 1 0
digital.vasic.translator/pkg/hardware/detector.go:27.30,29.2 1 1
digital.vasic.translator/pkg/hardware/detector.go:32.52,41.16 4 1
digital.vasic.translator/pkg/hardware/detector.go:41.16,43.3 1 0
digital.vasic.translator/pkg/hardware/detector.go:45.2,46.16 2 1
digital.vasic.translator/pkg/hardware/detector.go:46.16,49.3 1 0
digital.vasic.translator/pkg/hardware/detector.go:52.2,53.16 2 1
digital.vasic.translator/pkg/hardware/detector.go:53.16,55.3 1 0
digital.vasic.translator/pkg/hardware/detector.go:57.2,58.16 2 1
digital.vasic.translator/pkg/hardware/detector.go:58.16,60.3 1 0
digital.vasic.translator/pkg/hardware/detector.go:63.2,68.18 3 1
digital.vasic.translator/pkg/hardware/detector.go:72.50,73.22 1 1
digital.vasic.translator/pkg/hardware/detector.go:74.16,75.25 1 1
digital.vasic.translator/pkg/hardware/detector.go:76.15,77.25 1 0
digital.vasic.translator/pkg/hardware/detector.go:78.17,79.27 1 0
digital.vasic.translator/pkg/hardware/detector.go:80.10,81.73 1 0
digital.vasic.translator/pkg/hardware/detector.go:86.50,89.16 3 1
digital.vasic.translator/pkg/hardware/detector.go:89.16,91.3 1 0
digital.vasic.translator/pkg/hardware/detector.go:93.2,94.16 2 1
digital.vasic.translator/pkg/hardware/detector.go:94.16,96.3 1 0
digital.vasic.translator/pkg/hardware/detector.go:98.2,98.22 1 1
digital.vasic.translator/pkg/hardware/detector.go:102.50,105.16 3 0
digital.vasic.translator/pkg/hardware/detector.go:105.16,107.3 1 0
digital.vasic.translator/pkg/hardware/detector.go:110.2,111.20 2 0
digital.vasic.translator/pkg/hardware/detector.go:111.20,113.3 1 0
digital.vasic.translator/pkg/hardware/detector.go:115.2,116.16 2 0
digital.vasic.translator/pkg/hardware/detector.go:116.16,118.3 1 0
digital.vasic.translator/pkg/hardware/detector.go:120.2,120.26 1 0
digital.vasic.translator/pkg/hardware/detector.go:124.52,127.16 3 0
digital.vasic.translator/pkg/hardware/detector.go:127.16,129.3 1 0
digital.vasic.translator/pkg/hardware/detector.go:131.2,132.20 2 0
digital.vasic.translator/pkg/hardware/detector.go:132.20,134.3 1 0
digital.vasic.translator/pkg/hardware/detector.go:136.2,137.16 2 0
digital.vasic.translator/pkg/hardware/detector.go:137.16,139.3 1 0
digital.vasic.translator/pkg/hardware/detector.go:141.2,141.22 1 0
digital.vasic.translator/pkg/hardware/detector.go:145.54,146.22 1 1
digital.vasic.translator/pkg/hardware/detector.go:147.16,151.17 3 1
digital.vasic.translator/pkg/hardware/detector.go:151.17,153.4 1 0
digital.vasic.translator/pkg/hardware/detector.go:156.3,160.30 4 1
digital.vasic.translator/pkg/hardware/detector.go:160.30,161.45 1 1
digital.vasic.translator/pkg/hardware/detector.go:161.45,163.24 2 1
digital.vasic.translator/pkg/hardware/detector.go:163.24,166.6 2 1
digital.vasic.translator/pkg/hardware/detector.go:167.10,167.56 1 1
digital.vasic.translator/pkg/hardware/detector.go:167.56,169.24 2 1
digital.vasic.translator/pkg/hardware/detector.go:169.24,172.6 2 1
digital.vasic.translator/pkg/hardware/detector.go:173.10,173.59 1 1
digital.vasic.translator/pkg/hardware/detector.go:173.59,175.24 2 1
digital.vasic.translator/pkg/hardware/detector.go:175.24,178.6 2 1
digital.vasic.translator/pkg/hardware/detector.go:179.10,179.53 1 1
digital.vasic.translator/pkg/hardware/detector.go:179.53,181.32 2 1
digital.vasic.translator/pkg/hardware/detector.go:181.32,182.42 1 1
digital.vasic.translator/pkg/hardware/detector.go:182.42,184.12 2 1
digital.vasic.translator/pkg/hardware/detector.go:191.3,192.45 2 1
digital.vasic.translator/pkg/hardware/detector.go:194.15,197.17 3 0
digital.vasic.translator/pkg/hardware/detector.go:197.17,199.4 1 0
digital.vasic.translator/pkg/hardware/detector.go:201.3,202.21 2 0
digital.vasic.translator/pkg/hardware/detector.go:202.21,204.4 1 0
digital.vasic.translator/pkg/hardware/detector.go:206.3,207.17 2 0
digital.vasic.translator/pkg/hardware/detector.go:207.17,209.4 1 0
digital.vasic.translator/pkg/hardware/detector.go:211.3,211.29 1 0
digital.vasic.translator/pkg/hardware/detector.go:213.17,218.17 3 0
digital.vasic.translator/pkg/hardware/detector.go:218.17,220.4 1 0
digital.vasic.translator/pkg/hardware/detector.go:222.3,223.17 2 0
digital.vasic.translator/pkg/hardware/detector.go:223.17,225.4 1 0
digital.vasic.translator/pkg/hardware/detector.go:227.3,227.25 1 0
digital.vasic.translator/pkg/hardware/detector.go:229.10,230.63 1 0
digital.vasic.translator/pkg/hardware/detector.go:235.50,236.22 1 1
digital.vasic.translator/pkg/hardware/detector.go:237.16,240.17 3 1
digital.vasic.translator/pkg/hardware/detector.go:240.17,242.4 1 0
digital.vasic.translator/pkg/hardware/detector.go:243.3,243.48 1 1
digital.vasic.translator/pkg/hardware/detector.go:245.15,248.17 3 0
digital.vasic.translator/pkg/hardware/detector.go:248.17,250.4 1 0
digital.vasic.translator/pkg/hardware/detector.go:251.3,252.21 2 0
digital.vasic.translator/pkg/hardware/detector.go:252.21,254.4 1 0
digital.vasic.translator/pkg/hardware/detector.go:255.3,255.42 1 0
digital.vasic.translator/pkg/hardware/detector.go:257.17,262.17 3 0
digital.vasic.translator/pkg/hardware/detector.go:262.17,264.4 1 0
digital.vasic.translator/pkg/hardware/detector.go:265.3,265.48 1 0
digital.vasic.translator/pkg/hardware/detector.go:267.10,268.64 1 0
digital.vasic.translator/pkg/hardware/detector.go:273.47,274.22 1 1
digital.vasic.translator/pkg/hardware/detector.go:275.16,278.17 3 1
digital.vasic.translator/pkg/hardware/detector.go:278.17,280.4 1 0
digital.vasic.translator/pkg/hardware/detector.go:281.3,282.17 2 1
digital.vasic.translator/pkg/hardware/detector.go:282.17,284.4 1 0
digital.vasic.translator/pkg/hardware/detector.go:285.3,285.20 1 1
digital.vasic.translator/pkg/hardware/detector.go:287.15,290.17 3 0
digital.vasic.translator/pkg/hardware/detector.go:290.17,292.4 1 0
digital.vasic.translator/pkg/hardware/detector.go:294.3,294.60 1 0
digital.vasic.translator/pkg/hardware/detector.go:294.60,295.53 1 0
digital.vasic.translator/pkg/hardware/detector.go:295.53,297.24 2 0
digital.vasic.translator/pkg/hardware/detector.go:297.24,299.20 2 0
digital.vasic.translator/pkg/hardware/detector.go:299.20,301.7 1 0
digital.vasic.translator/pkg/hardware/detector.go:305.3,305.53 1 0
digital.vasic.translator/pkg/hardware/detector.go:307.17,312.17 3 0
digital.vasic.translator/pkg/hardware/detector.go:312.17,314.4 1 0
digital.vasic.translator/pkg/hardware/detector.go:315.3,316.17 2 0
digital.vasic.translator/pkg/hardware/detector.go:316.17,318.4 1 0
digital.vasic.translator/pkg/hardware/detector.go:319.3,319.20 1 0
digital.vasic.translator/pkg/hardware/detector.go:321.10,322.63 1 0
digital.vasic.translator/pkg/hardware/detector.go:327.47,329.59 1 1
digital.vasic.translator/pkg/hardware/detector.go:329.59,331.3 1 1
digital.vasic.translator/pkg/hardware/detector.go:334.2,334.55 1 0
digital.vasic.translator/pkg/hardware/detector.go:334.55,336.3 1 0
digital.vasic.translator/pkg/hardware/detector.go:339.2,339.53 1 0
digital.vasic.translator/pkg/hardware/detector.go:339.53,341.3 1 0
digital.vasic.translator/pkg/hardware/detector.go:344.2,344.55 1 0
digital.vasic.translator/pkg/hardware/detector.go:344.55,346.3 1 0
digital.vasic.translator/pkg/hardware/detector.go:349.2,349.31 1 0
digital.vasic.translator/pkg/hardware/detector.go:349.31,353.35 2 0
digital.vasic.translator/pkg/hardware/detector.go:353.35,356.4 1 0
digital.vasic.translator/pkg/hardware/detector.go:359.2,359.18 1 0
digital.vasic.translator/pkg/hardware/detector.go:364.83,375.12 3 1
digital.vasic.translator/pkg/hardware/detector.go:375.12,377.3 1 1
digital.vasic.translator/pkg/hardware/detector.go:380.2,383.21 2 1
digital.vasic.translator/pkg/hardware/detector.go:383.21,385.3 1 1
digital.vasic.translator/pkg/hardware/detector.go:385.8,385.28 1 1
digital.vasic.translator/pkg/hardware/detector.go:385.28,387.3 1 1
digital.vasic.translator/pkg/hardware/detector.go:387.8,387.28 1 1
digital.vasic.translator/pkg/hardware/detector.go:387.28,389.3 1 1
digital.vasic.translator/pkg/hardware/detector.go:389.8,389.27 1 1
digital.vasic.translator/pkg/hardware/detector.go:389.27,391.3 1 1
digital.vasic.translator/pkg/hardware/detector.go:391.8,391.27 1 1
digital.vasic.translator/pkg/hardware/detector.go:391.27,393.3 1 1
digital.vasic.translator/pkg/hardware/detector.go:395.2,395.22 1 1
digital.vasic.translator/pkg/hardware/detector.go:399.40,405.14 5 1
digital.vasic.translator/pkg/hardware/detector.go:405.14,407.3 1 1
digital.vasic.translator/pkg/hardware/detector.go:409.2,419.3 1 1
digital.vasic.translator/pkg/hardware/detector.go:423.60,425.2 1 1
digital.vasic.translator/cmd/server/main.go:30.13,37.18 5 0
digital.vasic.translator/cmd/server/main.go:37.18,40.3 2 0
digital.vasic.translator/cmd/server/main.go:42.2,42.20 1 0
digital.vasic.translator/cmd/server/main.go:42.20,43.51 1 0
digital.vasic.translator/cmd/server/main.go:43.51,45.4 1 0
digital.vasic.translator/cmd/server/main.go:46.3,47.13 2 0
digital.vasic.translator/cmd/server/main.go:51.2,52.16 2 0
digital.vasic.translator/cmd/server/main.go:52.16,54.3 1 0
digital.vasic.translator/cmd/server/main.go:57.2,57.39 1 0
digital.vasic.translator/cmd/server/main.go:57.39,59.3 1 0
digital.vasic.translator/cmd/server/main.go:62.2,75.29 8 0
digital.vasic.translator/cmd/server/main.go:75.29,78.17 3 0
digital.vasic.translator/cmd/server/main.go:78.17,80.4 1 0
digital.vasic.translator/cmd/server/main.go:84.2,85.29 2 0
digital.vasic.translator/cmd/server/main.go:85.29,88.73 2 0
digital.vasic.translator/cmd/server/main.go:88.73,89.58 1 0
digital.vasic.translator/cmd/server/main.go:89.58,92.5 2 0
digital.vasic.translator/cmd/server/main.go:97.2,100.34 2 0
digital.vasic.translator/cmd/server/main.go:100.34,102.3 1 0
digital.vasic.translator/cmd/server/main.go:104.2,118.28 7 0
digital.vasic.translator/cmd/server/main.go:118.28,120.61 2 0
digital.vasic.translator/cmd/server/main.go:120.61,122.4 1 0
digital.vasic.translator/cmd/server/main.go:123.8,125.61 2 0
digital.vasic.translator/cmd/server/main.go:125.61,127.4 1 0
digital.vasic.translator/cmd/server/main.go:131.66,133.53 1 0
digital.vasic.translator/cmd/server/main.go:133.53,137.58 3 0
digital.vasic.translator/cmd/server/main.go:137.58,139.4 1 0
digital.vasic.translator/cmd/server/main.go:141.3,141.18 1 0
digital.vasic.translator/cmd/server/main.go:144.2,144.36 1 0
digital.vasic.translator/cmd/server/main.go:147.84,155.16 3 0
digital.vasic.translator/cmd/server/main.go:155.16,157.3 1 0
digital.vasic.translator/cmd/server/main.go:158.2,177.12 4 0
digital.vasic.translator/cmd/server/main.go:177.12,179.97 2 0
digital.vasic.translator/cmd/server/main.go:179.97,181.4 1 0
digital.vasic.translator/cmd/server/main.go:185.2,193.80 6 0
digital.vasic.translator/cmd/server/main.go:196.84,211.2 5 0
digital.vasic.translator/cmd/server/main.go:213.74,223.24 7 0
digital.vasic.translator/cmd/server/main.go:223.24,224.45 1 0
digital.vasic.translator/cmd/server/main.go:224.45,226.4 1 0
digital.vasic.translator/cmd/server/main.go:229.2,229.24 1 0
digital.vasic.translator/cmd/server/main.go:229.24,230.51 1 0
digital.vasic.translator/cmd/server/main.go:230.51,232.4 1 0
digital.vasic.translator/cmd/server/main.go:235.2,236.12 2 0
digital.vasic.translator/cmd/server/main.go:239.55,240.30 1 0
digital.vasic.translator/cmd/server/main.go:240.30,245.29 3 0
digital.vasic.translator/cmd/server/main.go:245.29,246.31 1 0
digital.vasic.translator/cmd/server/main.go:246.31,248.10 2 0
digital.vasic.translator/cmd/server/main.go:252.3,252.14 1 0
digital.vasic.translator/cmd/server/main.go:252.14,257.4 4 0
digital.vasic.translator/cmd/server/main.go:259.3,259.36 1 0
digital.vasic.translator/cmd/server/main.go:259.36,262.4 2 0
digital.vasic.translator/cmd/server/main.go:264.3,264.11 1 0
digital.vasic.translator/cmd/server/main.go:268.73,269.30 1 0
digital.vasic.translator/cmd/server/main.go:269.30,273.26 2 0
digital.vasic.translator/cmd/server/main.go:273.26,279.4 3 0
digital.vasic.translator/cmd/server/main.go:281.3,281.11 1 0
digital.vasic.translator/cmd/server/main.go:285.38,291.2 3 0
digital.vasic.translator/pkg/language/detector.go:93.53,97.2 1 0
digital.vasic.translator/pkg/language/detector.go:100.79,102.26 1 0
digital.vasic.translator/pkg/language/detector.go:102.26,104.31 2 0
digital.vasic.translator/pkg/language/detector.go:104.31,105.58 1 0
digital.vasic.translator/pkg/language/detector.go:105.58,107.5 1 0
digital.vasic.translator/pkg/language/detector.go:112.2,112.37 1 0
digital.vasic.translator/pkg/language/detector.go:116.58,117.16 1 0
digital.vasic.translator/pkg/language/detector.go:117.16,119.3 1 0
digital.vasic.translator/pkg/language/detector.go:122.2,123.22 2 0
digital.vasic.translator/pkg/language/detector.go:123.22,125.3 1 0
digital.vasic.translator/pkg/language/detector.go:128.2,135.27 2 0
digital.vasic.translator/pkg/language/detector.go:135.27,136.10 1 0
digital.vasic.translator/pkg/language/detector.go:137.22,138.14 1 0
digital.vasic.translator/pkg/language/detector.go:139.19,140.11 1 0
digital.vasic.translator/pkg/language/detector.go:141.17,142.9 1 0
digital.vasic.translator/pkg/language/detector.go:143.20,144.12 1 0
digital.vasic.translator/pkg/language/detector.go:149.2,150.16 2 0
digital.vasic.translator/pkg/language/detector.go:150.16,152.3 1 0
digital.vasic.translator/pkg/language/detector.go:155.2,155.39 1 0
digital.vasic.translator/pkg/language/detector.go:155.39,159.3 1 0
digital.vasic.translator/pkg/language/detector.go:162.2,162.42 1 0
digital.vasic.translator/pkg/language/detector.go:162.42,164.3 1 0
digital.vasic.translator/pkg/language/detector.go:167.2,167.44 1 0
digital.vasic.translator/pkg/language/detector.go:167.44,170.3 1 0
digital.vasic.translator/pkg/language/detector.go:174.2,174.16 1 0
digital.vasic.translator/pkg/language/detector.go:178.65,186.25 2 0
digital.vasic.translator/pkg/language/detector.go:186.25,187.12 1 0
digital.vasic.translator/pkg/language/detector.go:188.43,189.18 1 0
digital.vasic.translator/pkg/language/detector.go:190.67,191.18 1 0
digital.vasic.translator/pkg/language/detector.go:192.55,193.20 1 0
digital.vasic.translator/pkg/language/detector.go:198.2,198.66 1 0
digital.vasic.translator/pkg/language/detector.go:198.66,200.3 1 0
digital.vasic.translator/pkg/language/detector.go:201.2,201.68 1 0
digital.vasic.translator/pkg/language/detector.go:201.68,203.3 1 0
digital.vasic.translator/pkg/language/detector.go:206.2,206.16 1 0
digital.vasic.translator/pkg/language/detector.go:210.48,212.36 2 0
digital.vasic.translator/pkg/language/detector.go:212.36,214.3 1 0
digital.vasic.translator/pkg/language/detector.go:215.2,215.58 1 0
digital.vasic.translator/pkg/language/detector.go:219.41,225.2 1 0
digital.vasic.translator/pkg/language/detector.go:228.30,230.2 1 0
digital.vasic.translator/pkg/language/detector.go:233.27,235.2 1 0
digital.vasic.translator/pkg/language/detector.go:238.25,243.2 1 0
digital.vasic.translator/pkg/language/detector.go:246.28,248.2 1 0
digital.vasic.translator/pkg/language/llm_detector.go:24.71,34.18 2 1
digital.vasic.translator/pkg/language/llm_detector.go:35.16,37.35 2 1
digital.vasic.translator/pkg/language/llm_detector.go:38.18,40.35 2 0
digital.vasic.translator/pkg/language/llm_detector.go:41.19,43.45 2 0
digital.vasic.translator/pkg/language/llm_detector.go:44.15,46.27 2 0
digital.vasic.translator/pkg/language/llm_detector.go:47.10,49.35 2 0
digital.vasic.translator/pkg/language/llm_detector.go:52.2,52.17 1 1
digital.vasic.translator/pkg/language/llm_detector.go:56.94,57.16 1 1
digital.vasic.translator/pkg/language/llm_detector.go:57.16,59.3 1 1
digital.vasic.translator/pkg/language/llm_detector.go:62.2,63.21 2 1
digital.vasic.translator/pkg/language/llm_detector.go:63.21,65.3 1 0
digital.vasic.translator/pkg/language/llm_detector.go:68.2,78.20 2 1
digital.vasic.translator/pkg/language/llm_detector.go:79.28,80.45 1 1
digital.vasic.translator/pkg/language/llm_detector.go:81.19,82.38 1 0
digital.vasic.translator/pkg/language/llm_detector.go:83.15,84.34 1 0
digital.vasic.translator/pkg/language/llm_detector.go:85.10,86.45 1 0
digital.vasic.translator/pkg/language/llm_detector.go:91.102,102.16 3 1
digital.vasic.translator/pkg/language/llm_detector.go:102.16,104.3 1 0
digital.vasic.translator/pkg/language/llm_detector.go:106.2,107.16 2 1
digital.vasic.translator/pkg/language/llm_detector.go:107.16,109.3 1 0
digital.vasic.translator/pkg/language/llm_detector.go:111.2,115.16 4 1
digital.vasic.translator/pkg/language/llm_detector.go:115.16,117.3 1 0
digital.vasic.translator/pkg/language/llm_detector.go:118.2,121.16 3 1
digital.vasic.translator/pkg/language/llm_detector.go:121.16,123.3 1 0
digital.vasic.translator/pkg/language/llm_detector.go:125.2,125.38 1 1
digital.vasic.translator/pkg/language/llm_detector.go:125.38,127.3 1 1
digital.vasic.translator/pkg/language/llm_detector.go:129.2,137.56 2 0
digital.vasic.translator/pkg/language/llm_detector.go:137.56,139.3 1 0
digital.vasic.translator/pkg/language/llm_detector.go:141.2,141.32 1 0
digital.vasic.translator/pkg/language/llm_detector.go:141.32,143.3 1 0
digital.vasic.translator/pkg/language/llm_detector.go:145.2,146.41 2 0
digital.vasic.translator/pkg/language/llm_detector.go:150.95,160.16 3 0
digital.vasic.translator/pkg/language/llm_detector.go:160.16,162.3 1 0
digital.vasic.translator/pkg/language/llm_detector.go:164.2,165.16 2 0
digital.vasic.translator/pkg/language/llm_detector.go:165.16,167.3 1 0
digital.vasic.translator/pkg/language/llm_detector.go:169.2,174.16 5 0
digital.vasic.translator/pkg/language/llm_detector.go:174.16,176.3 1 0
digital.vasic.translator/pkg/language/llm_detector.go:177.2,180.16 3 0
digital.vasic.translator/pkg/language/llm_detector.go:180.16,182.3 1 0
digital.vasic.translator/pkg/language/llm_detector.go:184.2,184.38 1 0
digital.vasic.translator/pkg/language/llm_detector.go:184.38,186.3 1 0
digital.vasic.translator/pkg/language/llm_detector.go:188.2,194.56 2 0
digital.vasic.translator/pkg/language/llm_detector.go:194.56,196.3 1 0
digital.vasic.translator/pkg/language/llm_detector.go:198.2,198.32 1 0
digital.vasic.translator/pkg/language/llm_detector.go:198.32,200.3 1 0
digital.vasic.translator/pkg/language/llm_detector.go:202.2,203.41 2 0
digital.vasic.translator/pkg/language/llm_detector.go:207.91,218.16 3 0
digital.vasic.translator/pkg/language/llm_detector.go:218.16,220.3 1 0
digital.vasic.translator/pkg/language/llm_detector.go:222.2,223.16 2 0
digital.vasic.translator/pkg/language/llm_detector.go:223.16,225.3 1 0
digital.vasic.translator/pkg/language/llm_detector.go:227.2,231.16 4 0
digital.vasic.translator/pkg/language/llm_detector.go:231.16,233.3 1 0
digital.vasic.translator/pkg/language/llm_detector.go:234.2,237.16 3 0
digital.vasic.translator/pkg/language/llm_detector.go:237.16,239.3 1 0
digital.vasic.translator/pkg/language/llm_detector.go:241.2,241.38 1 0
digital.vasic.translator/pkg/language/llm_detector.go:241.38,243.3 1 0
digital.vasic.translator/pkg/language/llm_detector.go:245.2,253.56 2 0
digital.vasic.translator/pkg/language/llm_detector.go:253.56,255.3 1 0
digital.vasic.translator/pkg/language/llm_detector.go:257.2,257.32 1 0
digital.vasic.translator/pkg/language/llm_detector.go:257.32,259.3 1 0
digital.vasic.translator/pkg/language/llm_detector.go:261.2,262.41 2 0
digital.vasic.translator/pkg/language/llm_detector.go:266.45,270.19 2 1
digital.vasic.translator/pkg/language/llm_detector.go:270.19,272.3 1 1
digital.vasic.translator/pkg/language/llm_detector.go:274.2,274.13 1 1
digital.vasic.translator/pkg/models/downloader.go:21.34,32.2 4 1
digital.vasic.translator/pkg/models/downloader.go:35.69,39.49 2 1
digital.vasic.translator/pkg/models/downloader.go:39.49,41.30 1 1
digital.vasic.translator/pkg/models/downloader.go:41.30,43.4 1 1
digital.vasic.translator/pkg/models/downloader.go:45.3,45.23 1 1
digital.vasic.translator/pkg/models/downloader.go:48.2,48.61 1 1
digital.vasic.translator/pkg/models/downloader.go:52.70,56.46 2 1
digital.vasic.translator/pkg/models/downloader.go:56.46,59.3 2 0
digital.vasic.translator/pkg/models/downloader.go:62.2,71.16 6 1
digital.vasic.translator/pkg/models/downloader.go:71.16,73.3 1 1
digital.vasic.translator/pkg/models/downloader.go:76.2,77.16 2 1
digital.vasic.translator/pkg/models/downloader.go:77.16,79.3 1 0
digital.vasic.translator/pkg/models/downloader.go:82.2,82.33 1 1
digital.vasic.translator/pkg/models/downloader.go:82.33,84.3 1 1
digital.vasic.translator/pkg/models/downloader.go:86.2,90.16 3 1
digital.vasic.translator/pkg/models/downloader.go:90.16,92.3 1 0
digital.vasic.translator/pkg/models/downloader.go:94.2,96.23 2 1
digital.vasic.translator/pkg/models/downloader.go:100.71,103.16 2 1
digital.vasic.translator/pkg/models/downloader.go:103.16,105.3 1 0
digital.vasic.translator/pkg/models/downloader.go:106.2,110.16 3 1
digital.vasic.translator/pkg/models/downloader.go:110.16,112.3 1 0
digital.vasic.translator/pkg/models/downloader.go:116.2,117.19 2 1
digital.vasic.translator/pkg/models/downloader.go:117.19,119.3 1 1
digital.vasic.translator/pkg/models/downloader.go:120.2,120.62 1 1
digital.vasic.translator/pkg/models/downloader.go:120.62,123.3 2 0
digital.vasic.translator/pkg/models/downloader.go:126.2,127.16 2 1
digital.vasic.translator/pkg/models/downloader.go:127.16,129.3 1 1
digital.vasic.translator/pkg/models/downloader.go:130.2,133.38 2 1
digital.vasic.translator/pkg/models/downloader.go:133.38,135.92 1 0
digital.vasic.translator/pkg/models/downloader.go:135.92,137.4 1 0
digital.vasic.translator/pkg/models/downloader.go:138.3,138.51 1 0
[...]
digital.vasic.translator/pkg/distributed/version_manager.go:655.47,656.66 1 1
digital.vasic.translator/pkg/distributed/version_manager.go:656.66,658.4 1 1
digital.vasic.translator/pkg/distributed/version_manager.go:661.2,661.13 1 1
digital.vasic.translator/pkg/distributed/version_manager.go:665.91,667.2 1 1
digital.vasic.translator/pkg/distributed/version_manager.go:670.148,689.16 5 1
digital.vasic.translator/pkg/distributed/version_manager.go:689.16,692.3 2 0
digital.vasic.translator/pkg/distributed/version_manager.go:693.2,699.26 4 1
digital.vasic.translator/pkg/distributed/version_manager.go:699.26,701.17 2 0
digital.vasic.translator/pkg/distributed/version_manager.go:701.17,704.4 2 0
digital.vasic.translator/pkg/distributed/version_manager.go:705.3,706.39 2 0
digital.vasic.translator/pkg/distributed/version_manager.go:707.8,709.17 2 1
digital.vasic.translator/pkg/distributed/version_manager.go:709.17,712.4 2 0
digital.vasic.translator/pkg/distributed/version_manager.go:713.3,713.39 1 1
digital.vasic.translator/pkg/distributed/version_manager.go:717.2,717.76 1 1
digital.vasic.translator/pkg/distributed/version_manager.go:717.76,720.3 2 1
digital.vasic.translator/pkg/distributed/version_manager.go:723.2,723.26 1 1
digital.vasic.translator/pkg/distributed/version_manager.go:723.26,724.78 1 0
digital.vasic.translator/pkg/distributed/version_manager.go:724.78,727.4 2 0
digital.vasic.translator/pkg/distributed/version_manager.go:731.2,731.61 1 1
digital.vasic.translator/pkg/distributed/version_manager.go:731.61,734.3 2 1
digital.vasic.translator/pkg/distributed/version_manager.go:737.2,737.65 1 1
digital.vasic.translator/pkg/distributed/version_manager.go:737.65,740.3 2 1
digital.vasic.translator/pkg/distributed/version_manager.go:743.2,743.83 1 0
digital.vasic.translator/pkg/distributed/version_manager.go:743.83,746.3 2 0
digital.vasic.translator/pkg/distributed/version_manager.go:748.2,766.12 5 0
digital.vasic.translator/pkg/distributed/version_manager.go:770.65,772.56 1 1
digital.vasic.translator/pkg/distributed/version_manager.go:772.56,774.3 1 0
digital.vasic.translator/pkg/distributed/version_manager.go:777.2,787.34 5 1
digital.vasic.translator/pkg/distributed/version_manager.go:787.34,789.3 1 0
digital.vasic.translator/pkg/distributed/version_manager.go:791.2,791.25 1 1
digital.vasic.translator/pkg/distributed/version_manager.go:795.118,797.22 2 1
digital.vasic.translator/pkg/distributed/version_manager.go:797.22,799.3 1 1
digital.vasic.translator/pkg/distributed/version_manager.go:799.8,801.3 1 0
digital.vasic.translator/pkg/distributed/version_manager.go:803.2,804.16 2 1
digital.vasic.translator/pkg/distributed/version_manager.go:804.16,806.3 1 0
digital.vasic.translator/pkg/distributed/version_manager.go:807.2,810.16 3 1
digital.vasic.translator/pkg/distributed/version_manager.go:810.16,812.3 1 0
digital.vasic.translator/pkg/distributed/version_manager.go:814.2,818.16 4 1
digital.vasic.translator/pkg/distributed/version_manager.go:818.16,820.3 1 0
digital.vasic.translator/pkg/distributed/version_manager.go:821.2,823.38 2 1
digital.vasic.translator/pkg/distributed/version_manager.go:823.38,826.3 2 1
digital.vasic.translator/pkg/distributed/version_manager.go:828.2,828.12 1 1
digital.vasic.translator/pkg/distributed/version_manager.go:832.98,834.22 2 1
digital.vasic.translator/pkg/distributed/version_manager.go:834.22,836.3 1 1
digital.vasic.translator/pkg/distributed/version_manager.go:836.8,838.3 1 0
digital.vasic.translator/pkg/distributed/version_manager.go:840.2,841.16 2 1
digital.vasic.translator/pkg/distributed/version_manager.go:841.16,843.3 1 0
digital.vasic.translator/pkg/distributed/version_manager.go:845.2,848.16 3 1
digital.vasic.translator/pkg/distributed/version_manager.go:848.16,850.3 1 0
digital.vasic.translator/pkg/distributed/version_manager.go:851.2,853.38 2 1
digital.vasic.translator/pkg/distributed/version_manager.go:853.38,856.3 2 1
digital.vasic.translator/pkg/distributed/version_manager.go:858.2,858.12 1 1
digital.vasic.translator/pkg/distributed/version_manager.go:862.102,867.6 4 1
digital.vasic.translator/pkg/distributed/version_manager.go:867.6,868.10 1 1
digital.vasic.translator/pkg/distributed/version_manager.go:869.21,870.20 1 0
digital.vasic.translator/pkg/distributed/version_manager.go:871.18,872.39 1 1
digital.vasic.translator/pkg/distributed/version_manager.go:873.19,875.84 1 1
digital.vasic.translator/pkg/distributed/version_manager.go:875.84,877.5 1 0
digital.vasic.translator/pkg/distributed/version_manager.go:883.100,886.16 2 1
digital.vasic.translator/pkg/distributed/version_manager.go:886.16,888.3 1 0
digital.vasic.translator/pkg/distributed/version_manager.go:890.2,890.15 1 1
digital.vasic.translator/pkg/distributed/version_manager.go:890.15,893.3 1 1
digital.vasic.translator/pkg/distributed/version_manager.go:896.2,897.22 2 0
digital.vasic.translator/pkg/distributed/version_manager.go:897.22,899.3 1 0
digital.vasic.translator/pkg/distributed/version_manager.go:899.8,901.3 1 0
digital.vasic.translator/pkg/distributed/version_manager.go:902.2,903.16 2 0
digital.vasic.translator/pkg/distributed/version_manager.go:903.16,905.3 1 0
digital.vasic.translator/pkg/distributed/version_manager.go:907.2,908.16 2 0
digital.vasic.translator/pkg/distributed/version_manager.go:908.16,910.3 1 0
digital.vasic.translator/pkg/distributed/version_manager.go:911.2,913.38 2 0
digital.vasic.translator/pkg/distributed/version_manager.go:913.38,915.3 1 0
digital.vasic.translator/pkg/distributed/version_manager.go:917.2,917.12 1 0
digital.vasic.translator/pkg/distributed/version_manager.go:921.114,923.56 1 1
digital.vasic.translator/pkg/distributed/version_manager.go:923.56,925.3 1 0
digital.vasic.translator/pkg/distributed/version_manager.go:927.2,931.54 3 1
digital.vasic.translator/pkg/distributed/version_manager.go:931.54,933.3 1 0
digital.vasic.translator/pkg/distributed/version_manager.go:935.2,960.20 5 1
digital.vasic.translator/pkg/distributed/version_manager.go:964.99,966.13 2 1
digital.vasic.translator/pkg/distributed/version_manager.go:966.13,968.3 1 0
digital.vasic.translator/pkg/distributed/version_manager.go:970.2,970.31 1 1
digital.vasic.translator/pkg/distributed/version_manager.go:970.31,972.3 1 0
digital.vasic.translator/pkg/distributed/version_manager.go:975.2,990.22 4 1
digital.vasic.translator/pkg/distributed/version_manager.go:990.22,992.3 1 1
digital.vasic.translator/pkg/distributed/version_manager.go:992.8,994.3 1 0
digital.vasic.translator/pkg/distributed/version_manager.go:996.2,997.16 2 1
digital.vasic.translator/pkg/distributed/version_manager.go:997.16,999.3 1 0
digital.vasic.translator/pkg/distributed/version_manager.go:1001.2,1004.16 3 1
digital.vasic.translator/pkg/distributed/version_manager.go:1004.16,1006.3 1 0
digital.vasic.translator/pkg/distributed/version_manager.go:1007.2,1009.38 2 1
digital.vasic.translator/pkg/distributed/version_manager.go:1009.38,1012.3 2 1
digital.vasic.translator/pkg/distributed/version_manager.go:1015.2,1015.75 1 0
digital.vasic.translator/pkg/distributed/version_manager.go:1015.75,1017.3 1 0
digital.vasic.translator/pkg/distributed/version_manager.go:1020.2,1039.12 6 0
digital.vasic.translator/pkg/distributed/version_manager.go:1043.126,1048.6 4 0
digital.vasic.translator/pkg/distributed/version_manager.go:1048.6,1049.10 1 0
digital.vasic.translator/pkg/distributed/version_manager.go:1050.21,1051.20 1 0
digital.vasic.translator/pkg/distributed/version_manager.go:1052.18,1053.41 1 0
digital.vasic.translator/pkg/distributed/version_manager.go:1054.19,1056.65 1 0
digital.vasic.translator/pkg/distributed/version_manager.go:1056.65,1057.82 1 0
digital.vasic.translator/pkg/distributed/version_manager.go:1057.82,1059.6 1 0
digital.vasic.translator/pkg/distributed/version_manager.go:1066.57,1070.43 2 0
digital.vasic.translator/pkg/distributed/version_manager.go:1070.43,1071.67 1 0
digital.vasic.translator/pkg/distributed/version_manager.go:1071.67,1072.58 1 0
digital.vasic.translator/pkg/distributed/version_manager.go:1072.58,1075.5 1 0
digital.vasic.translator/pkg/distributed/version_manager.go:1076.4,1076.32 1 0
digital.vasic.translator/pkg/distributed/version_manager.go:1080.2,1080.12 1 0
digital.vasic.translator/pkg/distributed/version_manager.go:1084.57,1086.2 1 0
digital.vasic.translator/pkg/distributed/version_manager.go:1089.101,1093.2 1 0
digital.vasic.translator/pkg/distributed/version_manager.go:1096.56,1098.2 1 0
digital.vasic.translator/pkg/distributed/version_manager.go:1101.53,1103.2 1 0
digital.vasic.translator/pkg/distributed/version_manager.go:1106.65,1108.2 1 0
digital.vasic.translator/pkg/distributed/version_manager.go:1111.133,1112.25 1 0
digital.vasic.translator/pkg/distributed/version_manager.go:1112.25,1114.3 1 0
digital.vasic.translator/pkg/distributed/version_manager.go:1116.2,1129.35 5 0
digital.vasic.translator/pkg/distributed/version_manager.go:1129.35,1131.31 2 0
digital.vasic.translator/pkg/distributed/version_manager.go:1131.31,1136.17 3 0
digital.vasic.translator/pkg/distributed/version_manager.go:1136.17,1136.32 1 0
digital.vasic.translator/pkg/distributed/version_manager.go:1139.4,1140.18 2 0
digital.vasic.translator/pkg/distributed/version_manager.go:1140.18,1148.5 4 0
digital.vasic.translator/pkg/distributed/version_manager.go:1150.4,1150.16 1 0
digital.vasic.translator/pkg/distributed/version_manager.go:1150.16,1155.5 4 0
digital.vasic.translator/pkg/distributed/version_manager.go:1158.4,1158.52 1 0
digital.vasic.translator/pkg/distributed/version_manager.go:1158.52,1166.5 4 0
digital.vasic.translator/pkg/distributed/version_manager.go:1169.4,1171.15 3 0
digital.vasic.translator/pkg/distributed/version_manager.go:1175.2,1179.15 4 0
digital.vasic.translator/pkg/distributed/version_manager.go:1200.54,1201.25 1 0
digital.vasic.translator/pkg/distributed/version_manager.go:1201.25,1203.3 1 0
digital.vasic.translator/pkg/distributed/version_manager.go:1204.2,1204.69 1 0
digital.vasic.translator/pkg/distributed/version_manager.go:1208.49,1211.2 1 0
digital.vasic.translator/pkg/distributed/version_manager.go:1214.40,1216.2 1 0
digital.vasic.translator/pkg/distributed/version_manager.go:1219.58,1220.13 1 0
digital.vasic.translator/pkg/distributed/version_manager.go:1220.13,1222.3 1 0
digital.vasic.translator/pkg/distributed/version_manager.go:1226.66,1232.40 5 0
digital.vasic.translator/pkg/distributed/version_manager.go:1232.40,1233.43 1 0
digital.vasic.translator/pkg/distributed/version_manager.go:1233.43,1235.4 1 0
digital.vasic.translator/pkg/distributed/version_manager.go:1235.9,1237.4 1 0
digital.vasic.translator/pkg/distributed/version_manager.go:1240.2,1246.3 1 0
digital.vasic.translator/pkg/distributed/version_manager.go:1250.68,1252.2 1 0
digital.vasic.translator/pkg/distributed/version_manager.go:1255.81,1257.2 1 0
digital.vasic.translator/pkg/distributed/version_manager.go:1260.107,1271.35 8 0
digital.vasic.translator/pkg/distributed/version_manager.go:1271.35,1274.17 2 0
digital.vasic.translator/pkg/distributed/version_manager.go:1274.17,1286.12 4 0
digital.vasic.translator/pkg/distributed/version_manager.go:1289.3,1289.17 1 0
digital.vasic.translator/pkg/distributed/version_manager.go:1289.17,1291.4 1 0
digital.vasic.translator/pkg/distributed/version_manager.go:1291.9,1296.51 3 0
digital.vasic.translator/pkg/distributed/version_manager.go:1296.51,1298.5 1 0
digital.vasic.translator/pkg/distributed/version_manager.go:1301.4,1317.59 4 0
digital.vasic.translator/pkg/distributed/version_manager.go:1317.59,1320.5 1 0
digital.vasic.translator/pkg/distributed/version_manager.go:1325.2,1347.15 7 0
digital.vasic.translator/pkg/distributed/version_manager.go:1351.86,1352.9 1 0
digital.vasic.translator/pkg/distributed/version_manager.go:1353.36,1354.20 1 0
digital.vasic.translator/pkg/distributed/version_manager.go:1355.36,1356.16 1 0
digital.vasic.translator/pkg/distributed/version_manager.go:1357.35,1358.18 1 0
digital.vasic.translator/pkg/distributed/version_manager.go:1359.10,1360.15 1 0
digital.vasic.translator/pkg/distributed/version_manager.go:1365.85,1369.13 3 0
digital.vasic.translator/pkg/distributed/version_manager.go:1369.13,1371.3 1 0
digital.vasic.translator/pkg/distributed/version_manager.go:1371.8,1373.3 1 0
digital.vasic.translator/pkg/distributed/version_manager.go:1376.2,1376.36 1 0
digital.vasic.translator/pkg/distributed/version_manager.go:1376.36,1378.3 1 0
digital.vasic.translator/pkg/distributed/version_manager.go:1378.8,1381.3 1 0
digital.vasic.translator/pkg/distributed/version_manager.go:1385.87,1389.13 3 0
digital.vasic.translator/pkg/distributed/version_manager.go:1389.13,1391.3 1 0
digital.vasic.translator/pkg/distributed/version_manager.go:1391.8,1393.3 1 0
digital.vasic.translator/pkg/distributed/version_manager.go:1396.2,1396.38 1 0
digital.vasic.translator/pkg/distributed/version_manager.go:1396.38,1398.3 1 0
digital.vasic.translator/pkg/distributed/version_manager.go:1398.8,1400.3 1 0
digital.vasic.translator/pkg/distributed/version_manager.go:1404.64,1407.13 2 0
digital.vasic.translator/pkg/distributed/version_manager.go:1407.13,1409.3 1 0
digital.vasic.translator/pkg/distributed/version_manager.go:1409.8,1411.3 1 0
digital.vasic.translator/pkg/distributed/version_manager.go:1415.49,1420.36 3 0
digital.vasic.translator/pkg/distributed/version_manager.go:1420.36,1421.32 1 0
digital.vasic.translator/pkg/distributed/version_manager.go:1421.32,1423.4 1 0
digital.vasic.translator/pkg/distributed/version_manager.go:1425.2,1425.40 1 0
digital.vasic.translator/pkg/distributed/version_manager.go:1429.68,1437.35 4 0
digital.vasic.translator/pkg/distributed/version_manager.go:1437.35,1440.3 2 0
digital.vasic.translator/pkg/distributed/version_manager.go:1443.2,1443.35 1 0
digital.vasic.translator/pkg/distributed/version_manager.go:1443.35,1446.3 2 0
digital.vasic.translator/pkg/distributed/version_manager.go:1449.2,1449.31 1 0
digital.vasic.translator/pkg/distributed/version_manager.go:1449.31,1451.22 2 0
digital.vasic.translator/pkg/distributed/version_manager.go:1451.22,1453.4 1 0
digital.vasic.translator/pkg/distributed/version_manager.go:1454.3,1454.28 1 0
digital.vasic.translator/pkg/distributed/version_manager.go:1458.2,1458.33 1 0
digital.vasic.translator/pkg/distributed/version_manager.go:1458.33,1461.3 2 0
digital.vasic.translator/pkg/distributed/version_manager.go:1463.2,1463.21 1 0
digital.vasic.translator/pkg/distributed/version_manager.go:1463.21,1465.3 1 0
digital.vasic.translator/pkg/distributed/version_manager.go:1467.2,1468.22 2 0
digital.vasic.translator/pkg/distributed/version_manager.go:1468.22,1470.3 1 0
digital.vasic.translator/pkg/distributed/version_manager.go:1471.2,1471.22 1 0
digital.vasic.translator/pkg/distributed/version_manager.go:1471.22,1473.3 1 0
digital.vasic.translator/pkg/distributed/version_manager.go:1475.2,1487.3 1 0
digital.vasic.translator/pkg/distributed/version_manager.go:1491.80,1492.16 1 0
digital.vasic.translator/pkg/distributed/version_manager.go:1492.16,1494.3 1 0
digital.vasic.translator/pkg/distributed/version_manager.go:1495.2,1495.52 1 0
digital.vasic.translator/pkg/distributed/version_manager.go:1499.97,1502.16 2 0
digital.vasic.translator/pkg/distributed/version_manager.go:1502.16,1504.3 1 0
digital.vasic.translator/pkg/distributed/version_manager.go:1507.2,1508.18 2 0
digital.vasic.translator/pkg/distributed/version_manager.go:1508.18,1510.3 1 0
digital.vasic.translator/pkg/distributed/version_manager.go:1512.2,1513.16 2 0
digital.vasic.translator/pkg/distributed/version_manager.go:1513.16,1515.3 1 0
digital.vasic.translator/pkg/distributed/version_manager.go:1518.2,1519.16 2 0
digital.vasic.translator/pkg/distributed/version_manager.go:1519.16,1521.3 1 0
digital.vasic.translator/pkg/distributed/version_manager.go:1524.2,1528.16 3 0
digital.vasic.translator/pkg/distributed/version_manager.go:1528.16,1530.3 1 0
digital.vasic.translator/pkg/distributed/version_manager.go:1533.2,1536.63 2 0
digital.vasic.translator/pkg/distributed/version_manager.go:1536.63,1538.3 1 0
digital.vasic.translator/pkg/distributed/version_manager.go:1540.2,1540.21 1 0
digital.vasic.translator/pkg/distributed/version_manager.go:1544.103,1547.16 2 0
digital.vasic.translator/pkg/distributed/version_manager.go:1547.16,1549.3 1 0
digital.vasic.translator/pkg/distributed/version_manager.go:1552.2,1553.18 2 0
digital.vasic.translator/pkg/distributed/version_manager.go:1553.18,1555.3 1 0
digital.vasic.translator/pkg/distributed/version_manager.go:1557.2,1558.16 2 0
digital.vasic.translator/pkg/distributed/version_manager.go:1558.16,1560.3 1 0
digital.vasic.translator/pkg/distributed/version_manager.go:1563.2,1564.16 2 0
digital.vasic.translator/pkg/distributed/version_manager.go:1564.16,1566.3 1 0
digital.vasic.translator/pkg/distributed/version_manager.go:1569.2,1570.16 2 0
digital.vasic.translator/pkg/distributed/version_manager.go:1570.16,1572.3 1 0
digital.vasic.translator/pkg/distributed/version_manager.go:1575.2,1579.16 3 0
digital.vasic.translator/pkg/distributed/version_manager.go:1579.16,1581.3 1 0
digital.vasic.translator/pkg/distributed/version_manager.go:1583.2,1583.12 1 0
digital.vasic.translator/pkg/distributed/version_manager.go:1587.112,1589.50 1 0
digital.vasic.translator/pkg/distributed/version_manager.go:1589.50,1591.3 1 0
digital.vasic.translator/pkg/distributed/version_manager.go:1594.2,1595.16 2 0
digital.vasic.translator/pkg/distributed/version_manager.go:1595.16,1597.3 1 0
digital.vasic.translator/pkg/distributed/version_manager.go:1600.2,1607.16 4 0
digital.vasic.translator/pkg/distributed/version_manager.go:1607.16,1609.3 1 0
digital.vasic.translator/pkg/distributed/version_manager.go:1610.2,1612.63 2 0
digital.vasic.translator/pkg/distributed/version_manager.go:1612.63,1614.3 1 0
digital.vasic.translator/pkg/distributed/version_manager.go:1617.2,1624.16 4 0
digital.vasic.translator/pkg/distributed/version_manager.go:1624.16,1626.3 1 0
digital.vasic.translator/pkg/distributed/version_manager.go:1627.2,1629.61 2 0
digital.vasic.translator/pkg/distributed/version_manager.go:1629.61,1631.3 1 0
digital.vasic.translator/pkg/distributed/version_manager.go:1633.2,1633.43 1 0
digital.vasic.translator/pkg/distributed/version_manager.go:1637.106,1640.16 2 0
digital.vasic.translator/pkg/distributed/version_manager.go:1640.16,1642.3 1 0
digital.vasic.translator/pkg/distributed/version_manager.go:1645.2,1646.16 2 0
digital.vasic.translator/pkg/distributed/version_manager.go:1646.16,1649.3 2 0
digital.vasic.translator/pkg/distributed/version_manager.go:1652.2,1662.27 3 0
digital.vasic.translator/pkg/distributed/version_manager.go:1666.135,1668.102 1 0
digital.vasic.translator/pkg/distributed/version_manager.go:1668.102,1670.3 1 0
digital.vasic.translator/pkg/distributed/version_manager.go:1673.2,1673.103 1 0
digital.vasic.translator/pkg/distributed/version_manager.go:1673.103,1675.3 1 0
digital.vasic.translator/pkg/distributed/version_manager.go:1677.2,1677.12 1 0
digital.vasic.translator/pkg/distributed/version_manager.go:1681.124,1683.22 2 0
digital.vasic.translator/pkg/distributed/version_manager.go:1683.22,1685.3 1 0
digital.vasic.translator/pkg/distributed/version_manager.go:1685.8,1687.3 1 0
digital.vasic.translator/pkg/distributed/version_manager.go:1689.2,1690.16 2 0
digital.vasic.translator/pkg/distributed/version_manager.go:1690.16,1692.3 1 0
digital.vasic.translator/pkg/distributed/version_manager.go:1693.2,1696.16 3 0
digital.vasic.translator/pkg/distributed/version_manager.go:1696.16,1698.3 1 0
digital.vasic.translator/pkg/distributed/version_manager.go:1700.2,1705.16 5 0
digital.vasic.translator/pkg/distributed/version_manager.go:1705.16,1707.3 1 0
digital.vasic.translator/pkg/distributed/version_manager.go:1708.2,1710.38 2 0
digital.vasic.translator/pkg/distributed/version_manager.go:1710.38,1713.3 2 0
digital.vasic.translator/pkg/distributed/version_manager.go:1715.2,1715.12 1 0
