mode: atomic
digital.vasic.translator/internal/cache/cache.go:25.55,33.13 2 19
digital.vasic.translator/internal/cache/cache.go:33.13,35.3 1 17
digital.vasic.translator/internal/cache/cache.go:37.2,37.10 1 19
digital.vasic.translator/internal/cache/cache.go:41.48,42.16 1 3113
digital.vasic.translator/internal/cache/cache.go:42.16,44.3 1 1
digital.vasic.translator/internal/cache/cache.go:46.2,50.9 4 3112
digital.vasic.translator/internal/cache/cache.go:50.9,52.3 1 9
digital.vasic.translator/internal/cache/cache.go:55.2,55.40 1 3103
digital.vasic.translator/internal/cache/cache.go:55.40,57.3 1 1
digital.vasic.translator/internal/cache/cache.go:59.2,59.26 1 3102
digital.vasic.translator/internal/cache/cache.go:63.40,64.16 1 2128
digital.vasic.translator/internal/cache/cache.go:64.16,66.3 1 1
digital.vasic.translator/internal/cache/cache.go:68.2,74.3 3 2127
digital.vasic.translator/internal/cache/cache.go:78.36,79.16 1 54
digital.vasic.translator/internal/cache/cache.go:79.16,81.3 1 1
digital.vasic.translator/internal/cache/cache.go:83.2,86.35 3 53
digital.vasic.translator/internal/cache/cache.go:90.25,95.2 3 2
digital.vasic.translator/internal/cache/cache.go:98.28,103.2 3 69
digital.vasic.translator/internal/cache/cache.go:106.36,114.34 6 53
digital.vasic.translator/internal/cache/cache.go:114.34,115.34 1 4
digital.vasic.translator/internal/cache/cache.go:115.34,117.4 1 1
digital.vasic.translator/internal/cache/cache.go:117.9,119.4 1 3
digital.vasic.translator/internal/cache/cache.go:122.2,128.3 1 53
digital.vasic.translator/internal/cache/cache.go:141.44,144.2 2 5295
digital.vasic.translator/internal/cache/cache.go:147.27,151.21 3 17
digital.vasic.translator/internal/cache/cache.go:151.21,153.3 1 0
digital.vasic.translator/internal/cache/cache.go:157.33,162.36 4 1
digital.vasic.translator/internal/cache/cache.go:162.36,163.34 1 2
digital.vasic.translator/internal/cache/cache.go:163.34,165.4 1 2
digital.vasic.translator/pkg/coordination/multi_llm.go:54.76,55.28 1 5
digital.vasic.translator/pkg/coordination/multi_llm.go:55.28,57.3 1 3
digital.vasic.translator/pkg/coordination/multi_llm.go:58.2,58.28 1 5
digital.vasic.translator/pkg/coordination/multi_llm.go:58.28,60.3 1 5
digital.vasic.translator/pkg/coordination/multi_llm.go:62.2,77.20 3 5
digital.vasic.translator/pkg/coordination/multi_llm.go:81.56,85.25 2 5
digital.vasic.translator/pkg/coordination/multi_llm.go:85.25,86.25 1 1
digital.vasic.translator/pkg/coordination/multi_llm.go:86.25,88.4 1 0
digital.vasic.translator/pkg/coordination/multi_llm.go:88.9,90.4 1 1
digital.vasic.translator/pkg/coordination/multi_llm.go:91.3,91.9 1 1
digital.vasic.translator/pkg/coordination/multi_llm.go:96.2,96.45 1 4
digital.vasic.translator/pkg/coordination/multi_llm.go:96.45,97.10 1 12
digital.vasic.translator/pkg/coordination/multi_llm.go:98.23,99.12 1 4
digital.vasic.translator/pkg/coordination/multi_llm.go:100.22,101.12 1 8
digital.vasic.translator/pkg/coordination/multi_llm.go:102.11,103.12 1 0
digital.vasic.translator/pkg/coordination/multi_llm.go:107.2,108.35 2 4
digital.vasic.translator/pkg/coordination/multi_llm.go:108.35,111.3 2 6
digital.vasic.translator/pkg/coordination/multi_llm.go:113.2,114.24 2 4
digital.vasic.translator/pkg/coordination/multi_llm.go:114.24,116.3 1 1
digital.vasic.translator/pkg/coordination/multi_llm.go:117.2,117.25 1 4
digital.vasic.translator/pkg/coordination/multi_llm.go:117.25,119.3 1 0
digital.vasic.translator/pkg/coordination/multi_llm.go:121.2,135.42 3 4
digital.vasic.translator/pkg/coordination/multi_llm.go:135.42,139.38 3 6
digital.vasic.translator/pkg/coordination/multi_llm.go:139.38,147.18 3 14
digital.vasic.translator/pkg/coordination/multi_llm.go:147.18,149.13 2 0
digital.vasic.translator/pkg/coordination/multi_llm.go:152.4,163.16 3 14
digital.vasic.translator/pkg/coordination/multi_llm.go:167.2,167.27 1 4
digital.vasic.translator/pkg/coordination/multi_llm.go:167.27,170.3 2 0
digital.vasic.translator/pkg/coordination/multi_llm.go:172.2,180.4 1 4
digital.vasic.translator/pkg/coordination/multi_llm.go:185.85,189.57 2 7
digital.vasic.translator/pkg/coordination/multi_llm.go:189.57,195.3 1 2
digital.vasic.translator/pkg/coordination/multi_llm.go:198.2,198.60 1 7
digital.vasic.translator/pkg/coordination/multi_llm.go:198.60,204.3 1 0
digital.vasic.translator/pkg/coordination/multi_llm.go:207.2,207.56 1 7
digital.vasic.translator/pkg/coordination/multi_llm.go:207.56,213.3 1 0
digital.vasic.translator/pkg/coordination/multi_llm.go:216.2,216.59 1 7
digital.vasic.translator/pkg/coordination/multi_llm.go:216.59,222.3 1 2
digital.vasic.translator/pkg/coordination/multi_llm.go:226.2,226.55 1 7
digital.vasic.translator/pkg/coordination/multi_llm.go:226.55,232.3 1 0
digital.vasic.translator/pkg/coordination/multi_llm.go:232.8,232.47 1 7
digital.vasic.translator/pkg/coordination/multi_llm.go:232.47,235.20 2 4
digital.vasic.translator/pkg/coordination/multi_llm.go:235.20,240.40 2 4
digital.vasic.translator/pkg/coordination/multi_llm.go:240.40,241.44 1 8
digital.vasic.translator/pkg/coordination/multi_llm.go:241.44,247.11 2 4
digital.vasic.translator/pkg/coordination/multi_llm.go:255.2,255.66 1 7
digital.vasic.translator/pkg/coordination/multi_llm.go:255.66,261.3 1 0
digital.vasic.translator/pkg/coordination/multi_llm.go:263.2,263.18 1 7
digital.vasic.translator/pkg/coordination/multi_llm.go:271.19,272.27 1 1
digital.vasic.translator/pkg/coordination/multi_llm.go:272.27,274.3 1 1
digital.vasic.translator/pkg/coordination/multi_llm.go:276.2,279.71 3 0
digital.vasic.translator/pkg/coordination/multi_llm.go:279.71,282.22 2 0
digital.vasic.translator/pkg/coordination/multi_llm.go:282.22,284.9 2 0
digital.vasic.translator/pkg/coordination/multi_llm.go:288.3,288.34 1 0
digital.vasic.translator/pkg/coordination/multi_llm.go:288.34,289.12 1 0
digital.vasic.translator/pkg/coordination/multi_llm.go:292.3,307.37 4 0
digital.vasic.translator/pkg/coordination/multi_llm.go:307.37,320.4 3 0
digital.vasic.translator/pkg/coordination/multi_llm.go:322.3,326.90 3 0
digital.vasic.translator/pkg/coordination/multi_llm.go:326.90,329.4 2 0
digital.vasic.translator/pkg/coordination/multi_llm.go:332.3,332.48 1 0
digital.vasic.translator/pkg/coordination/multi_llm.go:332.48,334.4 1 0
digital.vasic.translator/pkg/coordination/multi_llm.go:337.2,338.43 1 0
digital.vasic.translator/pkg/coordination/multi_llm.go:347.19,348.42 1 0
digital.vasic.translator/pkg/coordination/multi_llm.go:348.42,350.3 1 0
digital.vasic.translator/pkg/coordination/multi_llm.go:352.2,352.28 1 0
digital.vasic.translator/pkg/coordination/multi_llm.go:352.28,354.3 1 0
digital.vasic.translator/pkg/coordination/multi_llm.go:357.2,366.65 4 0
digital.vasic.translator/pkg/coordination/multi_llm.go:366.65,368.26 2 0
digital.vasic.translator/pkg/coordination/multi_llm.go:368.26,369.12 1 0
digital.vasic.translator/pkg/coordination/multi_llm.go:372.3,373.30 2 0
digital.vasic.translator/pkg/coordination/multi_llm.go:373.30,380.4 2 0
digital.vasic.translator/pkg/coordination/multi_llm.go:384.2,387.37 3 0
digital.vasic.translator/pkg/coordination/multi_llm.go:387.37,389.46 2 0
digital.vasic.translator/pkg/coordination/multi_llm.go:389.46,390.26 1 0
digital.vasic.translator/pkg/coordination/multi_llm.go:390.26,392.5 1 0
digital.vasic.translator/pkg/coordination/multi_llm.go:393.4,393.35 1 0
digital.vasic.translator/pkg/coordination/multi_llm.go:398.2,401.47 3 0
digital.vasic.translator/pkg/coordination/multi_llm.go:401.47,402.23 1 0
digital.vasic.translator/pkg/coordination/multi_llm.go:402.23,405.4 2 0
digital.vasic.translator/pkg/coordination/multi_llm.go:408.2,408.27 1 0
digital.vasic.translator/pkg/coordination/multi_llm.go:408.27,419.3 2 0
digital.vasic.translator/pkg/coordination/multi_llm.go:422.2,422.53 1 0
digital.vasic.translator/pkg/coordination/multi_llm.go:426.62,430.27 3 2
digital.vasic.translator/pkg/coordination/multi_llm.go:430.27,432.3 1 0
digital.vasic.translator/pkg/coordination/multi_llm.go:435.2,436.6 2 2
digital.vasic.translator/pkg/coordination/multi_llm.go:436.6,440.25 3 3
digital.vasic.translator/pkg/coordination/multi_llm.go:440.25,442.4 1 2
digital.vasic.translator/pkg/coordination/multi_llm.go:445.3,445.35 1 1
digital.vasic.translator/pkg/coordination/multi_llm.go:445.35,447.4 1 0
digital.vasic.translator/pkg/coordination/multi_llm.go:452.102,466.2 5 0
digital.vasic.translator/pkg/coordination/multi_llm.go:469.54,473.2 3 4
digital.vasic.translator/pkg/coordination/multi_llm.go:476.58,478.39 2 4
digital.vasic.translator/pkg/coordination/multi_llm.go:478.39,480.3 1 14
digital.vasic.translator/pkg/coordination/multi_llm.go:482.2,483.34 2 4
digital.vasic.translator/pkg/coordination/multi_llm.go:483.34,485.3 1 6
digital.vasic.translator/pkg/coordination/multi_llm.go:486.2,486.13 1 4
digital.vasic.translator/pkg/coordination/multi_llm.go:490.61,491.23 1 8
digital.vasic.translator/pkg/coordination/multi_llm.go:491.23,493.3 1 4
digital.vasic.translator/pkg/coordination/multi_llm.go:497.59,498.23 1 1
digital.vasic.translator/pkg/coordination/multi_llm.go:498.23,504.3 1 0
digital.vasic.translator/pkg/coordination/multi_llm.go:508.55,509.42 1 10
digital.vasic.translator/pkg/coordination/multi_llm.go:509.42,511.3 1 1
digital.vasic.translator/pkg/coordination/multi_llm.go:512.2,512.21 1 9
digital.vasic.translator/pkg/coordination/translator_wrapper.go:16.153,18.2 1 1
digital.vasic.translator/pkg/coordination/translator_wrapper.go:21.210,32.41 2 2
digital.vasic.translator/pkg/coordination/translator_wrapper.go:32.41,35.3 1 0
digital.vasic.translator/pkg/coordination/translator_wrapper.go:37.2,40.8 1 2
digital.vasic.translator/pkg/coordination/translator_wrapper.go:44.113,46.2 1 0
digital.vasic.translator/pkg/coordination/translator_wrapper.go:55.19,57.2 1 0
digital.vasic.translator/pkg/coordination/translator_wrapper.go:60.54,62.2 1 1
digital.vasic.translator/pkg/coordination/translator_wrapper.go:65.76,74.2 1 1
digital.vasic.translator/internal/config/config.go:89.30,131.2 1 19
digital.vasic.translator/internal/config/config.go:134.51,136.16 2 5
digital.vasic.translator/internal/config/config.go:136.16,138.3 1 1
digital.vasic.translator/internal/config/config.go:140.2,141.54 2 4
digital.vasic.translator/internal/config/config.go:141.54,143.3 1 1
digital.vasic.translator/internal/config/config.go:146.2,148.21 2 3
digital.vasic.translator/internal/config/config.go:152.56,154.16 2 4
digital.vasic.translator/internal/config/config.go:154.16,156.3 1 0
digital.vasic.translator/internal/config/config.go:158.2,158.59 1 4
digital.vasic.translator/internal/config/config.go:158.59,160.3 1 1
digital.vasic.translator/internal/config/config.go:162.2,162.12 1 3
digital.vasic.translator/internal/config/config.go:166.39,174.44 2 6
digital.vasic.translator/internal/config/config.go:174.44,175.42 1 24
digital.vasic.translator/internal/config/config.go:175.42,176.67 1 10
digital.vasic.translator/internal/config/config.go:176.67,179.5 2 1
digital.vasic.translator/internal/config/config.go:179.10,183.5 1 9
digital.vasic.translator/internal/config/config.go:188.2,188.59 1 6
digital.vasic.translator/internal/config/config.go:188.59,190.3 1 1
digital.vasic.translator/internal/config/config.go:194.35,195.48 1 10
digital.vasic.translator/internal/config/config.go:195.48,197.3 1 3
digital.vasic.translator/internal/config/config.go:199.2,199.26 1 7
digital.vasic.translator/internal/config/config.go:199.26,200.62 1 6
digital.vasic.translator/internal/config/config.go:200.62,202.4 1 3
digital.vasic.translator/internal/config/config.go:205.2,205.57 1 4
digital.vasic.translator/internal/config/config.go:205.57,207.3 1 1
digital.vasic.translator/internal/config/config.go:210.2,210.54 1 3
digital.vasic.translator/internal/config/config.go:210.54,212.3 1 0
digital.vasic.translator/internal/config/config.go:214.2,214.12 1 3
digital.vasic.translator/internal/config/config.go:218.52,219.28 1 3
digital.vasic.translator/internal/config/config.go:219.28,221.3 1 3
digital.vasic.translator/internal/config/config.go:224.2,224.35 1 0
digital.vasic.translator/internal/config/config.go:224.35,226.3 1 0
digital.vasic.translator/internal/config/config.go:229.2,229.37 1 0
digital.vasic.translator/internal/config/config.go:229.37,231.3 1 0
digital.vasic.translator/internal/config/config.go:234.2,234.37 1 0
digital.vasic.translator/internal/config/config.go:234.37,236.3 1 0
digital.vasic.translator/internal/config/config.go:239.2,239.54 1 0
digital.vasic.translator/internal/config/config.go:239.54,240.66 1 0
digital.vasic.translator/internal/config/config.go:240.66,242.4 1 0
digital.vasic.translator/internal/config/config.go:245.2,245.12 1 0
digital.vasic.translator/internal/config/config.go:249.83,250.23 1 0
digital.vasic.translator/internal/config/config.go:250.23,252.3 1 0
digital.vasic.translator/internal/config/config.go:254.2,254.23 1 0
digital.vasic.translator/internal/config/config.go:254.23,256.3 1 0
digital.vasic.translator/internal/config/config.go:258.2,258.45 1 0
digital.vasic.translator/internal/config/config.go:258.45,260.3 1 0
digital.vasic.translator/internal/config/config.go:262.2,262.23 1 0
digital.vasic.translator/internal/config/config.go:262.23,264.3 1 0
digital.vasic.translator/internal/config/config.go:267.2,267.51 1 0
digital.vasic.translator/internal/config/config.go:267.51,269.3 1 0
digital.vasic.translator/internal/config/config.go:271.2,271.29 1 0
digital.vasic.translator/internal/config/config.go:271.29,273.3 1 0
digital.vasic.translator/internal/config/config.go:276.2,276.34 1 0
digital.vasic.translator/internal/config/config.go:276.34,277.16 1 0
digital.vasic.translator/internal/config/config.go:277.16,279.4 1 0
digital.vasic.translator/internal/config/config.go:282.2,282.12 1 0
digital.vasic.translator/pkg/ebook/epub_parser.go:16.34,18.2 1 5
digital.vasic.translator/pkg/ebook/epub_parser.go:21.60,23.16 2 0
digital.vasic.translator/pkg/ebook/epub_parser.go:23.16,25.3 1 0
digital.vasic.translator/pkg/ebook/epub_parser.go:26.2,36.27 4 0
digital.vasic.translator/pkg/ebook/epub_parser.go:36.27,37.41 1 0
digital.vasic.translator/pkg/ebook/epub_parser.go:37.41,39.18 2 0
digital.vasic.translator/pkg/ebook/epub_parser.go:39.18,41.5 1 0
digital.vasic.translator/pkg/ebook/epub_parser.go:42.4,42.9 1 0
digital.vasic.translator/pkg/ebook/epub_parser.go:46.2,46.19 1 0
digital.vasic.translator/pkg/ebook/epub_parser.go:46.19,48.3 1 0
digital.vasic.translator/pkg/ebook/epub_parser.go:51.2,53.27 3 0
digital.vasic.translator/pkg/ebook/epub_parser.go:53.27,54.24 1 0
digital.vasic.translator/pkg/ebook/epub_parser.go:54.24,56.18 2 0
digital.vasic.translator/pkg/ebook/epub_parser.go:56.18,58.5 1 0
digital.vasic.translator/pkg/ebook/epub_parser.go:59.4,59.9 1 0
digital.vasic.translator/pkg/ebook/epub_parser.go:64.2,65.55 2 0
digital.vasic.translator/pkg/ebook/epub_parser.go:65.55,67.3 1 0
digital.vasic.translator/pkg/ebook/epub_parser.go:69.2,69.43 1 0
digital.vasic.translator/pkg/ebook/epub_parser.go:69.43,71.28 2 0
digital.vasic.translator/pkg/ebook/epub_parser.go:71.28,72.26 1 0
digital.vasic.translator/pkg/ebook/epub_parser.go:72.26,74.37 2 0
digital.vasic.translator/pkg/ebook/epub_parser.go:74.37,76.6 1 0
digital.vasic.translator/pkg/ebook/epub_parser.go:77.5,77.10 1 0
digital.vasic.translator/pkg/ebook/epub_parser.go:83.2,83.21 1 0
digital.vasic.translator/pkg/ebook/epub_parser.go:83.21,85.28 2 0
digital.vasic.translator/pkg/ebook/epub_parser.go:85.28,86.27 1 0
digital.vasic.translator/pkg/ebook/epub_parser.go:86.27,88.10 2 0
digital.vasic.translator/pkg/ebook/epub_parser.go:93.2,93.18 1 0
digital.vasic.translator/pkg/ebook/epub_parser.go:97.66,99.16 2 0
digital.vasic.translator/pkg/ebook/epub_parser.go:99.16,101.3 1 0
digital.vasic.translator/pkg/ebook/epub_parser.go:102.2,113.62 4 0
digital.vasic.translator/pkg/ebook/epub_parser.go:113.62,115.3 1 0
digital.vasic.translator/pkg/ebook/epub_parser.go:117.2,117.43 1 0
digital.vasic.translator/pkg/ebook/epub_parser.go:117.43,119.3 1 0
digital.vasic.translator/pkg/ebook/epub_parser.go:121.2,121.61 1 0
digital.vasic.translator/pkg/ebook/epub_parser.go:125.82,127.16 2 0
digital.vasic.translator/pkg/ebook/epub_parser.go:127.16,129.3 1 0
digital.vasic.translator/pkg/ebook/epub_parser.go:130.2,162.56 4 0
digital.vasic.translator/pkg/ebook/epub_parser.go:162.56,164.3 1 0
digital.vasic.translator/pkg/ebook/epub_parser.go:167.2,167.33 1 0
digital.vasic.translator/pkg/ebook/epub_parser.go:167.33,169.3 1 0
digital.vasic.translator/pkg/ebook/epub_parser.go:170.2,174.39 3 0
digital.vasic.translator/pkg/ebook/epub_parser.go:174.39,176.3 1 0
digital.vasic.translator/pkg/ebook/epub_parser.go:179.2,179.37 1 0
digital.vasic.translator/pkg/ebook/epub_parser.go:179.37,181.3 1 0
digital.vasic.translator/pkg/ebook/epub_parser.go:184.2,184.32 1 0
digital.vasic.translator/pkg/ebook/epub_parser.go:184.32,186.3 1 0
digital.vasic.translator/pkg/ebook/epub_parser.go:189.2,189.45 1 0
digital.vasic.translator/pkg/ebook/epub_parser.go:189.45,190.69 1 0
digital.vasic.translator/pkg/ebook/epub_parser.go:190.69,192.9 2 0
digital.vasic.translator/pkg/ebook/epub_parser.go:197.2,199.41 3 0
digital.vasic.translator/pkg/ebook/epub_parser.go:199.41,206.60 2 0
digital.vasic.translator/pkg/ebook/epub_parser.go:206.60,207.51 1 0
digital.vasic.translator/pkg/ebook/epub_parser.go:207.51,209.5 1 0
digital.vasic.translator/pkg/ebook/epub_parser.go:214.2,214.41 1 0
digital.vasic.translator/pkg/ebook/epub_parser.go:214.41,215.27 1 0
digital.vasic.translator/pkg/ebook/epub_parser.go:215.27,216.46 1 0
digital.vasic.translator/pkg/ebook/epub_parser.go:216.46,218.10 2 0
digital.vasic.translator/pkg/ebook/epub_parser.go:224.2,225.44 2 0
digital.vasic.translator/pkg/ebook/epub_parser.go:225.44,226.46 1 0
digital.vasic.translator/pkg/ebook/epub_parser.go:226.46,228.4 1 0
digital.vasic.translator/pkg/ebook/epub_parser.go:231.2,231.37 1 0
digital.vasic.translator/pkg/ebook/epub_parser.go:235.70,237.16 2 0
digital.vasic.translator/pkg/ebook/epub_parser.go:237.16,239.3 1 0
digital.vasic.translator/pkg/ebook/epub_parser.go:240.2,243.16 3 0
digital.vasic.translator/pkg/ebook/epub_parser.go:243.16,245.3 1 0
digital.vasic.translator/pkg/ebook/epub_parser.go:248.2,254.19 4 0
digital.vasic.translator/pkg/ebook/epub_parser.go:254.19,256.3 1 0
digital.vasic.translator/pkg/ebook/epub_parser.go:258.2,267.21 2 0
digital.vasic.translator/pkg/ebook/epub_parser.go:271.38,276.23 3 0
digital.vasic.translator/pkg/ebook/epub_parser.go:276.23,277.16 1 0
digital.vasic.translator/pkg/ebook/epub_parser.go:277.16,279.4 1 0
digital.vasic.translator/pkg/ebook/epub_parser.go:279.9,279.23 1 0
digital.vasic.translator/pkg/ebook/epub_parser.go:279.23,282.4 2 0
digital.vasic.translator/pkg/ebook/epub_parser.go:282.9,282.20 1 0
digital.vasic.translator/pkg/ebook/epub_parser.go:282.20,284.4 1 0
digital.vasic.translator/pkg/ebook/epub_parser.go:287.2,287.24 1 0
digital.vasic.translator/pkg/ebook/epub_parser.go:291.69,293.16 2 0
digital.vasic.translator/pkg/ebook/epub_parser.go:293.16,295.3 1 0
digital.vasic.translator/pkg/ebook/epub_parser.go:296.2,298.23 2 0
digital.vasic.translator/pkg/ebook/epub_parser.go:302.48,304.2 1 0
digital.vasic.translator/pkg/ebook/epub_writer.go:15.34,17.2 1 0
digital.vasic.translator/pkg/ebook/epub_writer.go:20.63,23.16 2 0
digital.vasic.translator/pkg/ebook/epub_writer.go:23.16,25.3 1 0
digital.vasic.translator/pkg/ebook/epub_writer.go:26.2,32.51 4 0
digital.vasic.translator/pkg/ebook/epub_writer.go:32.51,34.3 1 0
digital.vasic.translator/pkg/ebook/epub_writer.go:37.2,37.52 1 0
digital.vasic.translator/pkg/ebook/epub_writer.go:37.52,39.3 1 0
digital.vasic.translator/pkg/ebook/epub_writer.go:42.2,42.59 1 0
digital.vasic.translator/pkg/ebook/epub_writer.go:42.59,44.3 1 0
digital.vasic.translator/pkg/ebook/epub_writer.go:47.2,47.52 1 0
digital.vasic.translator/pkg/ebook/epub_writer.go:47.52,49.3 1 0
digital.vasic.translator/pkg/ebook/epub_writer.go:52.2,52.34 1 0
digital.vasic.translator/pkg/ebook/epub_writer.go:52.34,53.70 1 0
digital.vasic.translator/pkg/ebook/epub_writer.go:53.70,55.4 1 0
digital.vasic.translator/pkg/ebook/epub_writer.go:59.2,59.57 1 0
digital.vasic.translator/pkg/ebook/epub_writer.go:59.57,61.3 1 0
digital.vasic.translator/pkg/ebook/epub_writer.go:63.2,63.12 1 0
digital.vasic.translator/pkg/ebook/epub_writer.go:67.58,72.16 2 0
digital.vasic.translator/pkg/ebook/epub_writer.go:72.16,74.3 1 0
digital.vasic.translator/pkg/ebook/epub_writer.go:76.2,77.12 2 0
digital.vasic.translator/pkg/ebook/epub_writer.go:81.59,83.16 2 0
digital.vasic.translator/pkg/ebook/epub_writer.go:83.16,85.3 1 0
digital.vasic.translator/pkg/ebook/epub_writer.go:87.2,95.12 3 0
digital.vasic.translator/pkg/ebook/epub_writer.go:99.72,101.16 2 0
digital.vasic.translator/pkg/ebook/epub_writer.go:101.16,103.3 1 0
digital.vasic.translator/pkg/ebook/epub_writer.go:106.2,111.14 4 0
digital.vasic.translator/pkg/ebook/epub_writer.go:111.14,113.3 1 0
digital.vasic.translator/pkg/ebook/epub_writer.go:115.2,115.31 1 0
digital.vasic.translator/pkg/ebook/epub_writer.go:115.31,123.3 4 0
digital.vasic.translator/pkg/ebook/epub_writer.go:126.2,129.20 3 0
digital.vasic.translator/pkg/ebook/epub_writer.go:129.20,131.3 1 0
digital.vasic.translator/pkg/ebook/epub_writer.go:134.2,135.16 2 0
digital.vasic.translator/pkg/ebook/epub_writer.go:135.16,137.3 1 0
digital.vasic.translator/pkg/ebook/epub_writer.go:140.2,141.22 2 0
digital.vasic.translator/pkg/ebook/epub_writer.go:141.22,143.3 1 0
digital.vasic.translator/pkg/ebook/epub_writer.go:146.2,150.36 3 0
digital.vasic.translator/pkg/ebook/epub_writer.go:150.36,151.48 1 0
digital.vasic.translator/pkg/ebook/epub_writer.go:151.48,153.4 1 0
digital.vasic.translator/pkg/ebook/epub_writer.go:154.8,156.3 1 0
digital.vasic.translator/pkg/ebook/epub_writer.go:157.2,162.37 4 0
digital.vasic.translator/pkg/ebook/epub_writer.go:162.37,164.3 1 0
digital.vasic.translator/pkg/ebook/epub_writer.go:167.2,167.35 1 0
digital.vasic.translator/pkg/ebook/epub_writer.go:167.35,169.3 1 0
digital.vasic.translator/pkg/ebook/epub_writer.go:172.2,172.14 1 0
digital.vasic.translator/pkg/ebook/epub_writer.go:172.14,174.3 1 0
digital.vasic.translator/pkg/ebook/epub_writer.go:176.2,190.12 3 0
digital.vasic.translator/pkg/ebook/epub_writer.go:194.65,196.16 2 0
digital.vasic.translator/pkg/ebook/epub_writer.go:196.16,198.3 1 0
digital.vasic.translator/pkg/ebook/epub_writer.go:200.2,201.40 2 0
digital.vasic.translator/pkg/ebook/epub_writer.go:201.40,203.18 2 0
digital.vasic.translator/pkg/ebook/epub_writer.go:203.18,205.4 1 0
digital.vasic.translator/pkg/ebook/epub_writer.go:207.3,213.37 1 0
digital.vasic.translator/pkg/ebook/epub_writer.go:216.2,235.12 3 0
digital.vasic.translator/pkg/ebook/epub_writer.go:239.70,240.40 1 0
digital.vasic.translator/pkg/ebook/epub_writer.go:240.40,243.17 3 0
digital.vasic.translator/pkg/ebook/epub_writer.go:243.17,245.4 1 0
digital.vasic.translator/pkg/ebook/epub_writer.go:247.3,248.18 2 0
digital.vasic.translator/pkg/ebook/epub_writer.go:248.18,250.4 1 0
digital.vasic.translator/pkg/ebook/epub_writer.go:252.3,253.44 2 0
digital.vasic.translator/pkg/ebook/epub_writer.go:253.44,255.4 1 0
digital.vasic.translator/pkg/ebook/epub_writer.go:257.3,273.56 2 0
digital.vasic.translator/pkg/ebook/epub_writer.go:273.56,275.4 1 0
digital.vasic.translator/pkg/ebook/epub_writer.go:278.2,278.12 1 0
digital.vasic.translator/pkg/ebook/epub_writer.go:282.61,285.25 2 0
digital.vasic.translator/pkg/ebook/epub_writer.go:285.25,287.3 1 0
digital.vasic.translator/pkg/ebook/epub_writer.go:290.2,291.34 2 0
digital.vasic.translator/pkg/ebook/epub_writer.go:291.34,293.17 2 0
digital.vasic.translator/pkg/ebook/epub_writer.go:293.17,295.4 1 0
digital.vasic.translator/pkg/ebook/epub_writer.go:299.2,299.49 1 0
digital.vasic.translator/pkg/ebook/epub_writer.go:299.49,301.3 1 0
digital.vasic.translator/pkg/ebook/epub_writer.go:303.2,303.20 1 0
digital.vasic.translator/pkg/ebook/epub_writer.go:307.73,309.16 2 0
digital.vasic.translator/pkg/ebook/epub_writer.go:309.16,311.3 1 0
digital.vasic.translator/pkg/ebook/epub_writer.go:313.2,314.12 2 0
digital.vasic.translator/pkg/ebook/epub_writer.go:318.33,325.2 6 0
digital.vasic.translator/pkg/ebook/epub_writer.go:328.28,330.2 1 0
digital.vasic.translator/pkg/ebook/fb2_parser.go:12.32,14.2 1 5
digital.vasic.translator/pkg/ebook/fb2_parser.go:17.59,20.16 3 0
digital.vasic.translator/pkg/ebook/fb2_parser.go:20.16,22.3 1 0
digital.vasic.translator/pkg/ebook/fb2_parser.go:24.2,34.62 2 0
digital.vasic.translator/pkg/ebook/fb2_parser.go:34.62,36.30 2 0
digital.vasic.translator/pkg/ebook/fb2_parser.go:36.30,38.4 1 0
digital.vasic.translator/pkg/ebook/fb2_parser.go:39.3,39.28 1 0
digital.vasic.translator/pkg/ebook/fb2_parser.go:39.28,41.4 1 0
digital.vasic.translator/pkg/ebook/fb2_parser.go:42.3,42.23 1 0
digital.vasic.translator/pkg/ebook/fb2_parser.go:42.23,44.4 1 0
digital.vasic.translator/pkg/ebook/fb2_parser.go:48.2,48.36 1 0
digital.vasic.translator/pkg/ebook/fb2_parser.go:48.36,49.43 1 0
digital.vasic.translator/pkg/ebook/fb2_parser.go:49.43,52.4 2 0
digital.vasic.translator/pkg/ebook/fb2_parser.go:55.2,55.18 1 0
digital.vasic.translator/pkg/ebook/fb2_parser.go:59.53,65.38 2 0
digital.vasic.translator/pkg/ebook/fb2_parser.go:65.38,67.3 1 0
digital.vasic.translator/pkg/ebook/fb2_parser.go:70.2,74.40 2 0
digital.vasic.translator/pkg/ebook/fb2_parser.go:74.40,76.3 1 0
digital.vasic.translator/pkg/ebook/fb2_parser.go:78.2,81.40 2 0
digital.vasic.translator/pkg/ebook/fb2_parser.go:81.40,84.50 2 0
digital.vasic.translator/pkg/ebook/fb2_parser.go:84.50,87.4 2 0
digital.vasic.translator/pkg/ebook/fb2_parser.go:90.2,90.16 1 0
digital.vasic.translator/pkg/ebook/fb2_parser.go:94.47,96.2 1 0
digital.vasic.translator/pkg/ebook/html_parser.go:15.34,17.2 1 5
digital.vasic.translator/pkg/ebook/html_parser.go:20.60,22.16 2 0
digital.vasic.translator/pkg/ebook/html_parser.go:22.16,24.3 1 0
digital.vasic.translator/pkg/ebook/html_parser.go:25.2,28.16 3 0
digital.vasic.translator/pkg/ebook/html_parser.go:28.16,30.3 1 0
digital.vasic.translator/pkg/ebook/html_parser.go:32.2,42.17 3 0
digital.vasic.translator/pkg/ebook/html_parser.go:42.17,44.3 1 0
digital.vasic.translator/pkg/ebook/html_parser.go:47.2,61.18 4 0
digital.vasic.translator/pkg/ebook/html_parser.go:65.53,66.53 1 0
digital.vasic.translator/pkg/ebook/html_parser.go:66.53,67.26 1 0
digital.vasic.translator/pkg/ebook/html_parser.go:67.26,69.4 1 0
digital.vasic.translator/pkg/ebook/html_parser.go:72.2,72.53 1 0
digital.vasic.translator/pkg/ebook/html_parser.go:72.53,73.43 1 0
digital.vasic.translator/pkg/ebook/html_parser.go:73.43,75.4 1 0
digital.vasic.translator/pkg/ebook/html_parser.go:78.2,78.11 1 0
digital.vasic.translator/pkg/ebook/html_parser.go:82.55,83.29 1 0
digital.vasic.translator/pkg/ebook/html_parser.go:83.29,85.17 2 0
digital.vasic.translator/pkg/ebook/html_parser.go:85.17,87.4 1 0
digital.vasic.translator/pkg/ebook/html_parser.go:90.2,91.53 2 0
digital.vasic.translator/pkg/ebook/html_parser.go:91.53,93.78 1 0
digital.vasic.translator/pkg/ebook/html_parser.go:93.78,94.12 1 0
digital.vasic.translator/pkg/ebook/html_parser.go:97.3,101.59 3 0
digital.vasic.translator/pkg/ebook/html_parser.go:101.59,103.4 1 0
digital.vasic.translator/pkg/ebook/html_parser.go:106.2,106.25 1 0
digital.vasic.translator/pkg/ebook/html_parser.go:110.38,117.37 2 0
digital.vasic.translator/pkg/ebook/html_parser.go:117.37,118.18 1 0
digital.vasic.translator/pkg/ebook/html_parser.go:118.18,120.4 1 0
digital.vasic.translator/pkg/ebook/html_parser.go:122.2,122.14 1 0
digital.vasic.translator/pkg/ebook/html_parser.go:126.48,128.2 1 0
digital.vasic.translator/pkg/ebook/parser.go:54.44,67.2 6 5
digital.vasic.translator/pkg/ebook/parser.go:70.66,73.16 2 3
digital.vasic.translator/pkg/ebook/parser.go:73.16,75.3 1 1
digital.vasic.translator/pkg/ebook/parser.go:77.2,77.44 1 2
digital.vasic.translator/pkg/ebook/parser.go:77.44,79.3 1 1
digital.vasic.translator/pkg/ebook/parser.go:82.2,82.46 1 1
digital.vasic.translator/pkg/ebook/parser.go:82.46,84.3 1 0
digital.vasic.translator/pkg/ebook/parser.go:87.2,88.9 2 1
digital.vasic.translator/pkg/ebook/parser.go:88.9,90.3 1 0
digital.vasic.translator/pkg/ebook/parser.go:93.2,94.16 2 1
digital.vasic.translator/pkg/ebook/parser.go:94.16,96.3 1 0
digital.vasic.translator/pkg/ebook/parser.go:98.2,99.18 2 1
digital.vasic.translator/pkg/ebook/parser.go:103.66,105.2 1 1
digital.vasic.translator/pkg/ebook/parser.go:108.73,114.2 3 1
digital.vasic.translator/pkg/ebook/parser.go:117.40,120.40 2 4
digital.vasic.translator/pkg/ebook/parser.go:120.40,122.44 2 4
digital.vasic.translator/pkg/ebook/parser.go:122.44,124.4 1 5
digital.vasic.translator/pkg/ebook/parser.go:125.3,125.15 1 4
digital.vasic.translator/pkg/ebook/parser.go:128.2,128.13 1 4
digital.vasic.translator/pkg/ebook/parser.go:132.50,134.25 2 10
digital.vasic.translator/pkg/ebook/parser.go:134.25,136.3 1 6
digital.vasic.translator/pkg/ebook/parser.go:137.2,139.49 2 10
digital.vasic.translator/pkg/ebook/parser.go:139.49,141.3 1 4
digital.vasic.translator/pkg/ebook/parser.go:143.2,143.13 1 10
digital.vasic.translator/pkg/ebook/parser.go:147.41,149.2 1 3
digital.vasic.translator/pkg/ebook/parser.go:152.38,157.26 4 3
digital.vasic.translator/pkg/ebook/parser.go:157.26,158.44 1 94
digital.vasic.translator/pkg/ebook/parser.go:158.44,160.4 1 33
digital.vasic.translator/pkg/ebook/parser.go:160.9,160.21 1 61
digital.vasic.translator/pkg/ebook/parser.go:160.21,163.4 2 15
digital.vasic.translator/pkg/ebook/parser.go:165.2,165.14 1 3
digital.vasic.translator/pkg/ebook/txt_parser.go:14.32,16.2 1 5
digital.vasic.translator/pkg/ebook/txt_parser.go:19.59,21.16 2 1
digital.vasic.translator/pkg/ebook/txt_parser.go:21.16,23.3 1 0
digital.vasic.translator/pkg/ebook/txt_parser.go:24.2,38.21 5 1
digital.vasic.translator/pkg/ebook/txt_parser.go:38.21,41.3 2 0
digital.vasic.translator/pkg/ebook/txt_parser.go:43.2,43.38 1 1
digital.vasic.translator/pkg/ebook/txt_parser.go:43.38,45.3 1 0
digital.vasic.translator/pkg/ebook/txt_parser.go:48.2,59.18 3 1
digital.vasic.translator/pkg/ebook/txt_parser.go:63.47,65.2 1 0
digital.vasic.translator/pkg/fb2/parser.go:204.26,206.2 1 9
digital.vasic.translator/pkg/fb2/parser.go:209.63,211.16 2 3
digital.vasic.translator/pkg/fb2/parser.go:211.16,213.3 1 1
digital.vasic.translator/pkg/fb2/parser.go:214.2,216.28 2 2
digital.vasic.translator/pkg/fb2/parser.go:220.70,224.44 3 5
digital.vasic.translator/pkg/fb2/parser.go:224.44,226.3 1 1
digital.vasic.translator/pkg/fb2/parser.go:228.2,228.17 1 4
digital.vasic.translator/pkg/fb2/parser.go:232.64,234.16 2 1
digital.vasic.translator/pkg/fb2/parser.go:234.16,236.3 1 0
digital.vasic.translator/pkg/fb2/parser.go:237.2,239.34 2 1
digital.vasic.translator/pkg/fb2/parser.go:243.73,248.60 3 3
digital.vasic.translator/pkg/fb2/parser.go:248.60,250.3 1 0
digital.vasic.translator/pkg/fb2/parser.go:252.2,252.43 1 3
digital.vasic.translator/pkg/fb2/parser.go:252.43,254.3 1 0
digital.vasic.translator/pkg/fb2/parser.go:256.2,256.12 1 3
digital.vasic.translator/pkg/fb2/parser.go:260.45,262.2 1 4
digital.vasic.translator/pkg/fb2/parser.go:265.49,267.2 1 1
digital.vasic.translator/pkg/fb2/parser.go:270.42,272.2 1 6
digital.vasic.translator/pkg/fb2/parser.go:275.47,277.2 1 1
digital.vasic.translator/cmd/cli/main.go:23.13,72.17 26 0
digital.vasic.translator/cmd/cli/main.go:72.17,75.3 2 0
digital.vasic.translator/cmd/cli/main.go:78.2,78.57 1 0
digital.vasic.translator/cmd/cli/main.go:78.57,81.3 2 0
digital.vasic.translator/cmd/cli/main.go:84.2,84.24 1 0
digital.vasic.translator/cmd/cli/main.go:84.24,85.56 1 0
digital.vasic.translator/cmd/cli/main.go:85.56,88.4 2 0
digital.vasic.translator/cmd/cli/main.go:89.3,90.13 2 0
digital.vasic.translator/cmd/cli/main.go:94.2,97.18 3 0
digital.vasic.translator/cmd/cli/main.go:97.18,99.17 2 0
digital.vasic.translator/cmd/cli/main.go:99.17,103.4 3 0
digital.vasic.translator/cmd/cli/main.go:104.8,104.33 1 0
digital.vasic.translator/cmd/cli/main.go:104.33,106.17 2 0
digital.vasic.translator/cmd/cli/main.go:106.17,110.4 3 0
digital.vasic.translator/cmd/cli/main.go:111.8,114.3 1 0
digital.vasic.translator/cmd/cli/main.go:117.2,118.26 2 0
digital.vasic.translator/cmd/cli/main.go:118.26,120.17 2 0
digital.vasic.translator/cmd/cli/main.go:120.17,123.4 2 0
digital.vasic.translator/cmd/cli/main.go:127.2,127.18 1 0
digital.vasic.translator/cmd/cli/main.go:127.18,129.3 1 0
digital.vasic.translator/cmd/cli/main.go:132.2,135.49 2 0
digital.vasic.translator/cmd/cli/main.go:135.49,137.3 1 0
digital.vasic.translator/cmd/cli/main.go:140.2,145.16 5 0
digital.vasic.translator/cmd/cli/main.go:145.16,148.3 2 0
digital.vasic.translator/cmd/cli/main.go:150.2,155.16 4 0
digital.vasic.translator/cmd/cli/main.go:155.16,158.25 3 0
digital.vasic.translator/cmd/cli/main.go:158.25,160.4 1 0
digital.vasic.translator/cmd/cli/main.go:162.3,163.17 2 0
digital.vasic.translator/cmd/cli/main.go:163.17,166.4 2 0
digital.vasic.translator/cmd/cli/main.go:168.3,169.13 2 0
digital.vasic.translator/cmd/cli/main.go:172.2,175.22 2 0
digital.vasic.translator/cmd/cli/main.go:175.22,177.3 1 0
digital.vasic.translator/cmd/cli/main.go:180.2,194.16 1 0
digital.vasic.translator/cmd/cli/main.go:194.16,197.3 2 0
digital.vasic.translator/cmd/cli/main.go:199.2,201.49 3 0
digital.vasic.translator/cmd/cli/main.go:210.9,229.55 6 0
digital.vasic.translator/cmd/cli/main.go:229.55,231.22 2 0
digital.vasic.translator/cmd/cli/main.go:231.22,234.4 2 0
digital.vasic.translator/cmd/cli/main.go:234.9,234.41 1 0
digital.vasic.translator/cmd/cli/main.go:234.41,237.4 1 0
digital.vasic.translator/cmd/cli/main.go:242.2,242.18 1 0
digital.vasic.translator/cmd/cli/main.go:242.18,243.35 1 0
digital.vasic.translator/cmd/cli/main.go:243.35,245.4 1 0
digital.vasic.translator/cmd/cli/main.go:245.9,247.18 2 0
digital.vasic.translator/cmd/cli/main.go:247.18,249.5 1 0
digital.vasic.translator/cmd/cli/main.go:251.3,251.58 1 0
digital.vasic.translator/cmd/cli/main.go:255.2,256.18 2 0
digital.vasic.translator/cmd/cli/main.go:256.18,258.3 1 0
digital.vasic.translator/cmd/cli/main.go:259.2,270.85 3 0
digital.vasic.translator/cmd/cli/main.go:270.85,272.3 1 0
digital.vasic.translator/cmd/cli/main.go:275.2,275.54 1 0
digital.vasic.translator/cmd/cli/main.go:275.54,279.3 3 0
digital.vasic.translator/cmd/cli/main.go:282.2,285.19 3 0
digital.vasic.translator/cmd/cli/main.go:286.25,288.56 2 0
digital.vasic.translator/cmd/cli/main.go:288.56,290.4 1 0
digital.vasic.translator/cmd/cli/main.go:292.24,295.61 1 0
digital.vasic.translator/cmd/cli/main.go:297.24,299.55 1 0
digital.vasic.translator/cmd/cli/main.go:299.55,301.4 1 0
digital.vasic.translator/cmd/cli/main.go:303.10,304.67 1 0
digital.vasic.translator/cmd/cli/main.go:308.2,315.12 7 0
digital.vasic.translator/cmd/cli/main.go:318.72,323.39 3 0
digital.vasic.translator/cmd/cli/main.go:323.39,325.3 1 0
digital.vasic.translator/cmd/cli/main.go:328.2,328.31 1 0
digital.vasic.translator/cmd/cli/main.go:328.31,330.3 1 0
digital.vasic.translator/cmd/cli/main.go:333.81,336.34 2 0
digital.vasic.translator/cmd/cli/main.go:336.34,338.3 1 0
digital.vasic.translator/cmd/cli/main.go:341.81,345.37 3 0
digital.vasic.translator/cmd/cli/main.go:345.37,347.3 1 0
digital.vasic.translator/cmd/cli/main.go:350.59,352.16 2 0
digital.vasic.translator/cmd/cli/main.go:352.16,354.3 1 0
digital.vasic.translator/cmd/cli/main.go:355.2,359.12 4 0
digital.vasic.translator/cmd/cli/main.go:362.47,371.45 2 0
digital.vasic.translator/cmd/cli/main.go:371.45,373.3 1 0
digital.vasic.translator/cmd/cli/main.go:375.2,375.11 1 0
digital.vasic.translator/cmd/cli/main.go:378.80,385.2 4 0
digital.vasic.translator/cmd/cli/main.go:387.46,399.2 2 0
digital.vasic.translator/cmd/cli/main.go:401.43,404.29 3 0
digital.vasic.translator/cmd/cli/main.go:404.29,406.3 1 0
digital.vasic.translator/cmd/cli/main.go:407.2,407.34 1 0
digital.vasic.translator/cmd/cli/main.go:410.18,485.2 1 0
digital.vasic.translator/cmd/markdown-translator/main.go:19.13,32.22 11 0
digital.vasic.translator/cmd/markdown-translator/main.go:32.22,38.3 5 0
digital.vasic.translator/cmd/markdown-translator/main.go:41.2,41.55 1 0
digital.vasic.translator/cmd/markdown-translator/main.go:41.55,43.3 1 0
digital.vasic.translator/cmd/markdown-translator/main.go:46.2,50.23 3 0
digital.vasic.translator/cmd/markdown-translator/main.go:50.23,53.28 3 0
digital.vasic.translator/cmd/markdown-translator/main.go:53.28,55.4 1 0
digital.vasic.translator/cmd/markdown-translator/main.go:56.3,56.76 1 0
digital.vasic.translator/cmd/markdown-translator/main.go:60.2,65.21 4 0
digital.vasic.translator/cmd/markdown-translator/main.go:65.21,67.3 1 0
digital.vasic.translator/cmd/markdown-translator/main.go:70.2,70.51 1 0
digital.vasic.translator/cmd/markdown-translator/main.go:70.51,72.3 1 0
digital.vasic.translator/cmd/markdown-translator/main.go:74.2,80.24 6 0
digital.vasic.translator/cmd/markdown-translator/main.go:80.24,82.3 1 0
digital.vasic.translator/cmd/markdown-translator/main.go:83.2,83.21 1 0
digital.vasic.translator/cmd/markdown-translator/main.go:83.21,85.3 1 0
digital.vasic.translator/cmd/markdown-translator/main.go:86.2,86.27 1 0
digital.vasic.translator/cmd/markdown-translator/main.go:86.27,88.3 1 0
digital.vasic.translator/cmd/markdown-translator/main.go:91.2,91.22 1 0
digital.vasic.translator/cmd/markdown-translator/main.go:91.22,94.79 3 0
digital.vasic.translator/cmd/markdown-translator/main.go:94.79,96.4 1 0
digital.vasic.translator/cmd/markdown-translator/main.go:97.3,98.12 2 0
digital.vasic.translator/cmd/markdown-translator/main.go:99.8,101.3 1 0
digital.vasic.translator/cmd/markdown-translator/main.go:104.2,105.24 2 0
digital.vasic.translator/cmd/markdown-translator/main.go:105.24,111.23 4 0
digital.vasic.translator/cmd/markdown-translator/main.go:111.23,115.18 4 0
digital.vasic.translator/cmd/markdown-translator/main.go:115.18,117.5 1 0
digital.vasic.translator/cmd/markdown-translator/main.go:118.9,131.4 1 0
digital.vasic.translator/cmd/markdown-translator/main.go:134.3,148.17 3 0
digital.vasic.translator/cmd/markdown-translator/main.go:148.17,150.4 1 0
digital.vasic.translator/cmd/markdown-translator/main.go:152.3,154.17 3 0
digital.vasic.translator/cmd/markdown-translator/main.go:154.17,157.4 2 0
digital.vasic.translator/cmd/markdown-translator/main.go:157.9,161.65 3 0
digital.vasic.translator/cmd/markdown-translator/main.go:161.65,163.5 1 0
digital.vasic.translator/cmd/markdown-translator/main.go:163.10,172.5 7 0
digital.vasic.translator/cmd/markdown-translator/main.go:174.3,174.16 1 0
digital.vasic.translator/cmd/markdown-translator/main.go:178.2,180.16 3 0
digital.vasic.translator/cmd/markdown-translator/main.go:180.16,182.3 1 0
digital.vasic.translator/cmd/markdown-translator/main.go:183.2,189.83 5 0
digital.vasic.translator/cmd/markdown-translator/main.go:189.83,191.3 1 0
digital.vasic.translator/cmd/markdown-translator/main.go:193.2,193.83 1 0
digital.vasic.translator/cmd/markdown-translator/main.go:193.83,195.3 1 0
digital.vasic.translator/cmd/markdown-translator/main.go:196.2,200.29 3 0
digital.vasic.translator/cmd/markdown-translator/main.go:200.29,203.88 3 0
digital.vasic.translator/cmd/markdown-translator/main.go:203.88,205.4 1 0
digital.vasic.translator/cmd/markdown-translator/main.go:206.3,206.60 1 0
digital.vasic.translator/cmd/markdown-translator/main.go:207.8,207.34 1 0
digital.vasic.translator/cmd/markdown-translator/main.go:207.34,209.34 1 0
digital.vasic.translator/cmd/markdown-translator/main.go:209.34,211.18 2 0
digital.vasic.translator/cmd/markdown-translator/main.go:211.18,213.5 1 0
digital.vasic.translator/cmd/markdown-translator/main.go:214.4,214.67 1 0
digital.vasic.translator/cmd/markdown-translator/main.go:214.67,216.5 1 0
digital.vasic.translator/cmd/markdown-translator/main.go:218.3,218.64 1 0
digital.vasic.translator/cmd/markdown-translator/main.go:222.2,222.47 1 0
digital.vasic.translator/cmd/markdown-translator/main.go:222.47,224.23 2 0
digital.vasic.translator/cmd/markdown-translator/main.go:224.23,226.4 1 0
digital.vasic.translator/cmd/markdown-translator/main.go:227.3,228.38 2 0
digital.vasic.translator/cmd/markdown-translator/main.go:231.2,233.38 3 0
digital.vasic.translator/cmd/markdown-translator/main.go:233.38,234.23 1 0
digital.vasic.translator/cmd/markdown-translator/main.go:234.23,236.4 1 0
digital.vasic.translator/cmd/markdown-translator/main.go:237.3,237.55 1 0
digital.vasic.translator/cmd/markdown-translator/main.go:239.2,239.29 1 0
digital.vasic.translator/cmd/markdown-translator/main.go:239.29,241.3 1 0
digital.vasic.translator/cmd/markdown-translator/main.go:241.8,243.3 1 0
digital.vasic.translator/cmd/markdown-translator/main.go:247.90,252.18 3 0
digital.vasic.translator/cmd/markdown-translator/main.go:253.18,255.33 2 0
digital.vasic.translator/cmd/markdown-translator/main.go:256.16,258.25 2 0
digital.vasic.translator/cmd/markdown-translator/main.go:259.19,261.44 2 0
digital.vasic.translator/cmd/markdown-translator/main.go:262.15,264.25 2 0
digital.vasic.translator/cmd/markdown-translator/main.go:265.18,268.20 2 0
digital.vasic.translator/cmd/markdown-translator/main.go:269.10,270.63 1 0
digital.vasic.translator/cmd/markdown-translator/main.go:274.2,274.44 1 0
digital.vasic.translator/cmd/markdown-translator/main.go:274.44,276.3 1 0
digital.vasic.translator/cmd/markdown-translator/main.go:279.2,279.17 1 0
digital.vasic.translator/cmd/markdown-translator/main.go:279.17,281.3 1 0
digital.vasic.translator/cmd/markdown-translator/main.go:284.2,293.37 2 0
digital.vasic.translator/cmd/deployment/main.go:17.13,30.16 4 0
digital.vasic.translator/cmd/deployment/main.go:30.16,32.3 1 0
digital.vasic.translator/cmd/deployment/main.go:35.2,35.14 1 0
digital.vasic.translator/cmd/deployment/main.go:35.14,37.3 1 0
digital.vasic.translator/cmd/deployment/main.go:40.2,47.17 4 0
digital.vasic.translator/cmd/deployment/main.go:48.16,49.22 1 0
digital.vasic.translator/cmd/deployment/main.go:49.22,51.4 1 0
digital.vasic.translator/cmd/deployment/main.go:52.3,52.40 1 0
digital.vasic.translator/cmd/deployment/main.go:54.16,55.29 1 0
digital.vasic.translator/cmd/deployment/main.go:57.14,58.27 1 0
digital.vasic.translator/cmd/deployment/main.go:60.17,61.30 1 0
digital.vasic.translator/cmd/deployment/main.go:63.16,64.47 1 0
digital.vasic.translator/cmd/deployment/main.go:66.17,67.40 1 0
digital.vasic.translator/cmd/deployment/main.go:69.23,70.26 1 0
digital.vasic.translator/cmd/deployment/main.go:72.10,73.44 1 0
digital.vasic.translator/cmd/deployment/main.go:77.85,82.16 3 0
digital.vasic.translator/cmd/deployment/main.go:82.16,84.3 1 0
digital.vasic.translator/cmd/deployment/main.go:87.2,90.72 3 0
digital.vasic.translator/cmd/deployment/main.go:90.72,92.3 1 0
digital.vasic.translator/cmd/deployment/main.go:94.2,94.51 1 0
digital.vasic.translator/cmd/deployment/main.go:97.68,103.38 4 0
digital.vasic.translator/cmd/deployment/main.go:103.38,110.3 6 0
digital.vasic.translator/cmd/deployment/main.go:113.66,120.2 2 0
digital.vasic.translator/cmd/deployment/main.go:122.69,129.2 2 0
digital.vasic.translator/cmd/deployment/main.go:131.91,132.19 1 0
digital.vasic.translator/cmd/deployment/main.go:132.19,134.3 1 0
digital.vasic.translator/cmd/deployment/main.go:136.2,141.17 4 0
digital.vasic.translator/cmd/deployment/main.go:141.17,143.73 1 0
digital.vasic.translator/cmd/deployment/main.go:143.73,145.4 1 0
digital.vasic.translator/cmd/deployment/main.go:146.8,148.61 1 0
digital.vasic.translator/cmd/deployment/main.go:148.61,150.4 1 0
digital.vasic.translator/cmd/deployment/main.go:153.2,153.47 1 0
digital.vasic.translator/cmd/deployment/main.go:156.85,162.19 4 0
digital.vasic.translator/cmd/deployment/main.go:162.19,164.67 1 0
digital.vasic.translator/cmd/deployment/main.go:164.67,166.4 1 0
digital.vasic.translator/cmd/deployment/main.go:167.8,169.62 1 0
digital.vasic.translator/cmd/deployment/main.go:169.62,171.4 1 0
digital.vasic.translator/cmd/deployment/main.go:174.2,174.48 1 0
digital.vasic.translator/cmd/deployment/main.go:177.45,184.16 4 0
digital.vasic.translator/cmd/deployment/main.go:184.16,186.3 1 0
digital.vasic.translator/cmd/deployment/main.go:188.2,188.73 1 0
digital.vasic.translator/cmd/deployment/main.go:188.73,190.3 1 0
digital.vasic.translator/cmd/deployment/main.go:192.2,192.64 1 0
digital.vasic.translator/cmd/deployment/main.go:195.78,197.16 2 0
digital.vasic.translator/cmd/deployment/main.go:197.16,199.3 1 0
digital.vasic.translator/cmd/deployment/main.go:201.2,202.52 2 0
digital.vasic.translator/cmd/deployment/main.go:202.52,204.3 1 0
digital.vasic.translator/cmd/deployment/main.go:206.2,206.19 1 0
digital.vasic.translator/cmd/deployment/main.go:209.73,241.56 3 0
digital.vasic.translator/cmd/deployment/main.go:241.56,270.3 3 0
digital.vasic.translator/cmd/deployment/main.go:272.2,272.13 1 0
digital.vasic.translator/cmd/preparation-translator/main.go:17.13,31.55 10 0
digital.vasic.translator/cmd/preparation-translator/main.go:31.55,33.3 1 0
digital.vasic.translator/cmd/preparation-translator/main.go:35.2,47.16 11 0
digital.vasic.translator/cmd/preparation-translator/main.go:47.16,49.3 1 0
digital.vasic.translator/cmd/preparation-translator/main.go:50.2,82.16 9 0
digital.vasic.translator/cmd/preparation-translator/main.go:82.16,84.3 1 0
digital.vasic.translator/cmd/preparation-translator/main.go:87.2,101.46 5 0
digital.vasic.translator/cmd/preparation-translator/main.go:101.46,103.42 2 0
digital.vasic.translator/cmd/preparation-translator/main.go:103.42,104.64 1 0
digital.vasic.translator/cmd/preparation-translator/main.go:104.64,106.67 1 0
digital.vasic.translator/cmd/preparation-translator/main.go:106.67,108.6 1 0
digital.vasic.translator/cmd/preparation-translator/main.go:109.5,109.54 1 0
digital.vasic.translator/cmd/preparation-translator/main.go:109.54,111.6 1 0
digital.vasic.translator/cmd/preparation-translator/main.go:116.2,116.43 1 0
digital.vasic.translator/cmd/preparation-translator/main.go:116.43,118.3 1 0
digital.vasic.translator/cmd/preparation-translator/main.go:120.2,129.16 7 0
digital.vasic.translator/cmd/preparation-translator/main.go:129.16,131.3 1 0
digital.vasic.translator/cmd/preparation-translator/main.go:133.2,138.78 4 0
digital.vasic.translator/cmd/preparation-translator/main.go:138.78,140.3 1 0
digital.vasic.translator/cmd/preparation-translator/main.go:140.8,142.3 1 0
digital.vasic.translator/cmd/preparation-translator/main.go:145.2,145.68 1 0
digital.vasic.translator/cmd/preparation-translator/main.go:145.68,161.46 14 0
digital.vasic.translator/cmd/preparation-translator/main.go:161.46,163.57 2 0
digital.vasic.translator/cmd/preparation-translator/main.go:163.57,164.15 1 0
digital.vasic.translator/cmd/preparation-translator/main.go:164.15,166.11 2 0
digital.vasic.translator/cmd/preparation-translator/main.go:168.5,168.32 1 0
digital.vasic.translator/cmd/preparation-translator/main.go:173.3,173.56 1 0
digital.vasic.translator/cmd/preparation-translator/main.go:173.56,175.66 2 0
digital.vasic.translator/cmd/preparation-translator/main.go:175.66,176.15 1 0
digital.vasic.translator/cmd/preparation-translator/main.go:176.15,178.11 2 0
digital.vasic.translator/cmd/preparation-translator/main.go:180.5,180.53 1 0
digital.vasic.translator/cmd/preparation-translator/main.go:185.3,185.47 1 0
digital.vasic.translator/cmd/preparation-translator/main.go:185.47,187.57 2 0
digital.vasic.translator/cmd/preparation-translator/main.go:187.57,189.33 2 0
digital.vasic.translator/cmd/preparation-translator/main.go:189.33,191.6 1 0
digital.vasic.translator/cmd/preparation-translator/main.go:197.2,199.56 3 0
digital.vasic.translator/cmd/preparation-translator/main.go:199.56,201.3 1 0
digital.vasic.translator/cmd/preparation-translator/main.go:202.2,212.51 7 0
digital.vasic.translator/cmd/preparation-translator/main.go:212.51,214.3 1 0
digital.vasic.translator/cmd/preparation-translator/main.go:215.2,215.53 1 0
digital.vasic.translator/cmd/preparation-translator/main.go:215.53,217.3 1 0
digital.vasic.translator/cmd/preparation-translator/main.go:219.2,219.84 1 0
digital.vasic.translator/pkg/format/detector.go:40.30,42.2 1 17
digital.vasic.translator/pkg/format/detector.go:45.64,47.16 2 9
digital.vasic.translator/pkg/format/detector.go:47.16,49.3 1 1
digital.vasic.translator/pkg/format/detector.go:50.2,55.33 4 8
digital.vasic.translator/pkg/format/detector.go:55.33,57.3 1 0
digital.vasic.translator/pkg/format/detector.go:58.2,68.36 5 8
digital.vasic.translator/pkg/format/detector.go:68.36,70.65 1 3
digital.vasic.translator/pkg/format/detector.go:70.65,72.4 1 1
digital.vasic.translator/pkg/format/detector.go:73.3,73.28 1 2
digital.vasic.translator/pkg/format/detector.go:76.2,76.34 1 5
digital.vasic.translator/pkg/format/detector.go:76.34,78.3 1 4
digital.vasic.translator/pkg/format/detector.go:81.2,81.39 1 1
digital.vasic.translator/pkg/format/detector.go:85.57,89.13 3 21
digital.vasic.translator/pkg/format/detector.go:90.13,91.19 1 2
digital.vasic.translator/pkg/format/detector.go:92.14,93.20 1 2
digital.vasic.translator/pkg/format/detector.go:94.13,95.19 1 2
digital.vasic.translator/pkg/format/detector.go:96.21,97.20 1 1
digital.vasic.translator/pkg/format/detector.go:98.13,99.19 1 1
digital.vasic.translator/pkg/format/detector.go:100.14,101.20 1 1
digital.vasic.translator/pkg/format/detector.go:102.13,103.19 1 3
digital.vasic.translator/pkg/format/detector.go:104.21,105.20 1 3
digital.vasic.translator/pkg/format/detector.go:106.14,107.20 1 1
digital.vasic.translator/pkg/format/detector.go:108.13,109.19 1 2
digital.vasic.translator/pkg/format/detector.go:110.10,111.23 1 3
digital.vasic.translator/pkg/format/detector.go:116.59,117.40 1 13
digital.vasic.translator/pkg/format/detector.go:117.40,118.35 1 28
digital.vasic.translator/pkg/format/detector.go:118.35,120.4 1 6
digital.vasic.translator/pkg/format/detector.go:122.2,122.22 1 7
digital.vasic.translator/pkg/format/detector.go:126.87,128.30 1 4
digital.vasic.translator/pkg/format/detector.go:129.15,130.25 1 2
digital.vasic.translator/pkg/format/detector.go:131.15,132.25 1 1
digital.vasic.translator/pkg/format/detector.go:137.2,137.24 1 1
digital.vasic.translator/pkg/format/detector.go:141.56,145.40 2 8
digital.vasic.translator/pkg/format/detector.go:145.40,146.47 1 1
digital.vasic.translator/pkg/format/detector.go:146.47,148.4 1 1
digital.vasic.translator/pkg/format/detector.go:149.3,149.79 1 0
digital.vasic.translator/pkg/format/detector.go:149.79,151.4 1 0
digital.vasic.translator/pkg/format/detector.go:155.2,155.87 1 7
digital.vasic.translator/pkg/format/detector.go:155.87,157.3 1 2
digital.vasic.translator/pkg/format/detector.go:160.2,160.42 1 5
digital.vasic.translator/pkg/format/detector.go:160.42,162.3 1 1
digital.vasic.translator/pkg/format/detector.go:165.2,165.25 1 4
digital.vasic.translator/pkg/format/detector.go:165.25,167.3 1 2
digital.vasic.translator/pkg/format/detector.go:169.2,169.22 1 2
digital.vasic.translator/pkg/format/detector.go:173.50,174.20 1 9
digital.vasic.translator/pkg/format/detector.go:174.20,176.3 1 1
digital.vasic.translator/pkg/format/detector.go:177.2,178.25 2 8
digital.vasic.translator/pkg/format/detector.go:178.25,179.79 1 140
digital.vasic.translator/pkg/format/detector.go:179.79,181.4 1 117
digital.vasic.translator/pkg/format/detector.go:183.2,183.58 1 8
digital.vasic.translator/pkg/format/detector.go:187.52,196.30 2 11
digital.vasic.translator/pkg/format/detector.go:196.30,197.18 1 38
digital.vasic.translator/pkg/format/detector.go:197.18,199.4 1 4
digital.vasic.translator/pkg/format/detector.go:201.2,201.14 1 7
digital.vasic.translator/pkg/format/detector.go:205.51,212.2 1 1
digital.vasic.translator/pkg/format/detector.go:215.33,217.2 1 5
digital.vasic.translator/pkg/format/detector.go:220.35,222.11 2 17
digital.vasic.translator/pkg/format/detector.go:223.13,224.19 1 2
digital.vasic.translator/pkg/format/detector.go:225.14,226.20 1 2
digital.vasic.translator/pkg/format/detector.go:227.13,228.19 1 1
digital.vasic.translator/pkg/format/detector.go:229.14,230.20 1 1
digital.vasic.translator/pkg/format/detector.go:231.13,232.19 1 1
digital.vasic.translator/pkg/format/detector.go:233.14,234.20 1 1
digital.vasic.translator/pkg/format/detector.go:235.21,236.19 1 2
digital.vasic.translator/pkg/format/detector.go:237.21,238.20 1 2
digital.vasic.translator/pkg/format/detector.go:239.14,240.20 1 1
digital.vasic.translator/pkg/format/detector.go:241.13,242.19 1 1
digital.vasic.translator/pkg/format/detector.go:243.10,244.23 1 3
digital.vasic.translator/pkg/hardware/detector.go:27.30,29.2 1 10
digital.vasic.translator/pkg/hardware/detector.go:32.52,41.16 4 9
digital.vasic.translator/pkg/hardware/detector.go:41.16,43.3 1 0
digital.vasic.translator/pkg/hardware/detector.go:45.2,46.16 2 9
digital.vasic.translator/pkg/hardware/detector.go:46.16,49.3 1 0
digital.vasic.translator/pkg/hardware/detector.go:52.2,53.16 2 9
digital.vasic.translator/pkg/hardware/detector.go:53.16,55.3 1 0
digital.vasic.translator/pkg/hardware/detector.go:57.2,58.16 2 9
digital.vasic.translator/pkg/hardware/detector.go:58.16,60.3 1 0
digital.vasic.translator/pkg/hardware/detector.go:63.2,68.18 3 9
digital.vasic.translator/pkg/hardware/detector.go:72.50,73.22 1 9
digital.vasic.translator/pkg/hardware/detector.go:74.16,75.25 1 9
digital.vasic.translator/pkg/hardware/detector.go:76.15,77.25 1 0
digital.vasic.translator/pkg/hardware/detector.go:78.17,79.27 1 0
digital.vasic.translator/pkg/hardware/detector.go:80.10,81.73 1 0
digital.vasic.translator/pkg/hardware/detector.go:86.50,89.16 3 9
digital.vasic.translator/pkg/hardware/detector.go:89.16,91.3 1 0
digital.vasic.translator/pkg/hardware/detector.go:93.2,94.16 2 9
digital.vasic.translator/pkg/hardware/detector.go:94.16,96.3 1 0
digital.vasic.translator/pkg/hardware/detector.go:98.2,98.22 1 9
digital.vasic.translator/pkg/hardware/detector.go:102.50,105.16 3 0
digital.vasic.translator/pkg/hardware/detector.go:105.16,107.3 1 0
digital.vasic.translator/pkg/hardware/detector.go:110.2,111.20 2 0
digital.vasic.translator/pkg/hardware/detector.go:111.20,113.3 1 0
digital.vasic.translator/pkg/hardware/detector.go:115.2,116.16 2 0
digital.vasic.translator/pkg/hardware/detector.go:116.16,118.3 1 0
digital.vasic.translator/pkg/hardware/detector.go:120.2,120.26 1 0
digital.vasic.translator/pkg/hardware/detector.go:124.52,127.16 3 0
digital.vasic.translator/pkg/hardware/detector.go:127.16,129.3 1 0
digital.vasic.translator/pkg/hardware/detector.go:131.2,132.20 2 0
digital.vasic.translator/pkg/hardware/detector.go:132.20,134.3 1 0
digital.vasic.translator/pkg/hardware/detector.go:136.2,137.16 2 0
digital.vasic.translator/pkg/hardware/detector.go:137.16,139.3 1 0
digital.vasic.translator/pkg/hardware/detector.go:141.2,141.22 1 0
digital.vasic.translator/pkg/hardware/detector.go:145.54,146.22 1 9
digital.vasic.translator/pkg/hardware/detector.go:147.16,151.17 3 9
digital.vasic.translator/pkg/hardware/detector.go:151.17,153.4 1 0
digital.vasic.translator/pkg/hardware/detector.go:156.3,160.30 4 9
digital.vasic.translator/pkg/hardware/detector.go:160.30,161.45 1 216
digital.vasic.translator/pkg/hardware/detector.go:161.45,163.24 2 9
digital.vasic.translator/pkg/hardware/detector.go:163.24,166.6 2 9
digital.vasic.translator/pkg/hardware/detector.go:167.10,167.56 1 207
digital.vasic.translator/pkg/hardware/detector.go:167.56,169.24 2 9
digital.vasic.translator/pkg/hardware/detector.go:169.24,172.6 2 9
digital.vasic.translator/pkg/hardware/detector.go:173.10,173.59 1 198
digital.vasic.translator/pkg/hardware/detector.go:173.59,175.24 2 9
digital.vasic.translator/pkg/hardware/detector.go:175.24,178.6 2 9
digital.vasic.translator/pkg/hardware/detector.go:179.10,179.53 1 189
digital.vasic.translator/pkg/hardware/detector.go:179.53,181.32 2 9
digital.vasic.translator/pkg/hardware/detector.go:181.32,182.42 1 63
digital.vasic.translator/pkg/hardware/detector.go:182.42,184.12 2 9
digital.vasic.translator/pkg/hardware/detector.go:191.3,192.45 2 9
digital.vasic.translator/pkg/hardware/detector.go:194.15,197.17 3 0
digital.vasic.translator/pkg/hardware/detector.go:197.17,199.4 1 0
digital.vasic.translator/pkg/hardware/detector.go:201.3,202.21 2 0
digital.vasic.translator/pkg/hardware/detector.go:202.21,204.4 1 0
digital.vasic.translator/pkg/hardware/detector.go:206.3,207.17 2 0
digital.vasic.translator/pkg/hardware/detector.go:207.17,209.4 1 0
digital.vasic.translator/pkg/hardware/detector.go:211.3,211.29 1 0
digital.vasic.translator/pkg/hardware/detector.go:213.17,218.17 3 0
digital.vasic.translator/pkg/hardware/detector.go:218.17,220.4 1 0
digital.vasic.translator/pkg/hardware/detector.go:222.3,223.17 2 0
digital.vasic.translator/pkg/hardware/detector.go:223.17,225.4 1 0
digital.vasic.translator/pkg/hardware/detector.go:227.3,227.25 1 0
digital.vasic.translator/pkg/hardware/detector.go:229.10,230.63 1 0
digital.vasic.translator/pkg/hardware/detector.go:235.50,236.22 1 9
digital.vasic.translator/pkg/hardware/detector.go:237.16,240.17 3 9
digital.vasic.translator/pkg/hardware/detector.go:240.17,242.4 1 0
digital.vasic.translator/pkg/hardware/detector.go:243.3,243.48 1 9
digital.vasic.translator/pkg/hardware/detector.go:245.15,248.17 3 0
digital.vasic.translator/pkg/hardware/detector.go:248.17,250.4 1 0
digital.vasic.translator/pkg/hardware/detector.go:251.3,252.21 2 0
digital.vasic.translator/pkg/hardware/detector.go:252.21,254.4 1 0
digital.vasic.translator/pkg/hardware/detector.go:255.3,255.42 1 0
digital.vasic.translator/pkg/hardware/detector.go:257.17,262.17 3 0
digital.vasic.translator/pkg/hardware/detector.go:262.17,264.4 1 0
digital.vasic.translator/pkg/hardware/detector.go:265.3,265.48 1 0
digital.vasic.translator/pkg/hardware/detector.go:267.10,268.64 1 0
digital.vasic.translator/pkg/hardware/detector.go:273.47,274.22 1 9
digital.vasic.translator/pkg/hardware/detector.go:275.16,278.17 3 9
digital.vasic.translator/pkg/hardware/detector.go:278.17,280.4 1 0
digital.vasic.translator/pkg/hardware/detector.go:281.3,282.17 2 9
digital.vasic.translator/pkg/hardware/detector.go:282.17,284.4 1 0
digital.vasic.translator/pkg/hardware/detector.go:285.3,285.20 1 9
digital.vasic.translator/pkg/hardware/detector.go:287.15,290.17 3 0
digital.vasic.translator/pkg/hardware/detector.go:290.17,292.4 1 0
digital.vasic.translator/pkg/hardware/detector.go:294.3,294.60 1 0
digital.vasic.translator/pkg/hardware/detector.go:294.60,295.53 1 0
digital.vasic.translator/pkg/hardware/detector.go:295.53,297.24 2 0
digital.vasic.translator/pkg/hardware/detector.go:297.24,299.20 2 0
digital.vasic.translator/pkg/hardware/detector.go:299.20,301.7 1 0
digital.vasic.translator/pkg/hardware/detector.go:305.3,305.53 1 0
digital.vasic.translator/pkg/hardware/detector.go:307.17,312.17 3 0
digital.vasic.translator/pkg/hardware/detector.go:312.17,314.4 1 0
digital.vasic.translator/pkg/hardware/detector.go:315.3,316.17 2 0
digital.vasic.translator/pkg/hardware/detector.go:316.17,318.4 1 0
digital.vasic.translator/pkg/hardware/detector.go:319.3,319.20 1 0
digital.vasic.translator/pkg/hardware/detector.go:321.10,322.63 1 0
digital.vasic.translator/pkg/hardware/detector.go:327.47,329.59 1 9
digital.vasic.translator/pkg/hardware/detector.go:329.59,331.3 1 9
digital.vasic.translator/pkg/hardware/detector.go:334.2,334.55 1 0
digital.vasic.translator/pkg/hardware/detector.go:334.55,336.3 1 0
digital.vasic.translator/pkg/hardware/detector.go:339.2,339.53 1 0
digital.vasic.translator/pkg/hardware/detector.go:339.53,341.3 1 0
digital.vasic.translator/pkg/hardware/detector.go:344.2,344.55 1 0
digital.vasic.translator/pkg/hardware/detector.go:344.55,346.3 1 0
digital.vasic.translator/pkg/hardware/detector.go:349.2,349.31 1 0
digital.vasic.translator/pkg/hardware/detector.go:349.31,353.35 2 0
digital.vasic.translator/pkg/hardware/detector.go:353.35,356.4 1 0
digital.vasic.translator/pkg/hardware/detector.go:359.2,359.18 1 0
digital.vasic.translator/pkg/hardware/detector.go:364.83,375.12 3 17
digital.vasic.translator/pkg/hardware/detector.go:375.12,377.3 1 13
digital.vasic.translator/pkg/hardware/detector.go:380.2,383.21 2 17
digital.vasic.translator/pkg/hardware/detector.go:383.21,385.3 1 1
digital.vasic.translator/pkg/hardware/detector.go:385.8,385.28 1 16
digital.vasic.translator/pkg/hardware/detector.go:385.28,387.3 1 1
digital.vasic.translator/pkg/hardware/detector.go:387.8,387.28 1 15
digital.vasic.translator/pkg/hardware/detector.go:387.28,389.3 1 2
digital.vasic.translator/pkg/hardware/detector.go:389.8,389.27 1 13
digital.vasic.translator/pkg/hardware/detector.go:389.27,391.3 1 2
digital.vasic.translator/pkg/hardware/detector.go:391.8,391.27 1 11
digital.vasic.translator/pkg/hardware/detector.go:391.27,393.3 1 1
digital.vasic.translator/pkg/hardware/detector.go:395.2,395.22 1 10
digital.vasic.translator/pkg/hardware/detector.go:399.40,405.14 5 1
digital.vasic.translator/pkg/hardware/detector.go:405.14,407.3 1 1
digital.vasic.translator/pkg/hardware/detector.go:409.2,419.3 1 1
digital.vasic.translator/pkg/hardware/detector.go:423.60,425.2 1 4
digital.vasic.translator/cmd/server/main.go:30.13,37.18 5 0
digital.vasic.translator/cmd/server/main.go:37.18,40.3 2 0
digital.vasic.translator/cmd/server/main.go:42.2,42.20 1 0
digital.vasic.translator/cmd/server/main.go:42.20,43.51 1 0
digital.vasic.translator/cmd/server/main.go:43.51,45.4 1 0
digital.vasic.translator/cmd/server/main.go:46.3,47.13 2 0
digital.vasic.translator/cmd/server/main.go:51.2,52.16 2 0
digital.vasic.translator/cmd/server/main.go:52.16,54.3 1 0
digital.vasic.translator/cmd/server/main.go:57.2,57.39 1 0
digital.vasic.translator/cmd/server/main.go:57.39,59.3 1 0
digital.vasic.translator/cmd/server/main.go:62.2,75.29 8 0
digital.vasic.translator/cmd/server/main.go:75.29,78.17 3 0
digital.vasic.translator/cmd/server/main.go:78.17,80.4 1 0
digital.vasic.translator/cmd/server/main.go:84.2,85.29 2 0
digital.vasic.translator/cmd/server/main.go:85.29,88.73 2 0
digital.vasic.translator/cmd/server/main.go:88.73,89.58 1 0
digital.vasic.translator/cmd/server/main.go:89.58,92.5 2 0
digital.vasic.translator/cmd/server/main.go:97.2,100.34 2 0
digital.vasic.translator/cmd/server/main.go:100.34,102.3 1 0
digital.vasic.translator/cmd/server/main.go:104.2,118.28 7 0
digital.vasic.translator/cmd/server/main.go:118.28,120.61 2 0
digital.vasic.translator/cmd/server/main.go:120.61,122.4 1 0
digital.vasic.translator/cmd/server/main.go:123.8,125.61 2 0
digital.vasic.translator/cmd/server/main.go:125.61,127.4 1 0
digital.vasic.translator/cmd/server/main.go:131.66,133.53 1 0
digital.vasic.translator/cmd/server/main.go:133.53,137.58 3 0
digital.vasic.translator/cmd/server/main.go:137.58,139.4 1 0
digital.vasic.translator/cmd/server/main.go:141.3,141.18 1 0
digital.vasic.translator/cmd/server/main.go:144.2,144.36 1 0
digital.vasic.translator/cmd/server/main.go:147.84,155.16 3 0
digital.vasic.translator/cmd/server/main.go:155.16,157.3 1 0
digital.vasic.translator/cmd/server/main.go:158.2,177.12 4 0
digital.vasic.translator/cmd/server/main.go:177.12,179.97 2 0
digital.vasic.translator/cmd/server/main.go:179.97,181.4 1 0
digital.vasic.translator/cmd/server/main.go:185.2,193.80 6 0
digital.vasic.translator/cmd/server/main.go:196.84,211.2 5 0
digital.vasic.translator/cmd/server/main.go:213.74,223.24 7 0
digital.vasic.translator/cmd/server/main.go:223.24,224.45 1 0
digital.vasic.translator/cmd/server/main.go:224.45,226.4 1 0
digital.vasic.translator/cmd/server/main.go:229.2,229.24 1 0
digital.vasic.translator/cmd/server/main.go:229.24,230.51 1 0
digital.vasic.translator/cmd/server/main.go:230.51,232.4 1 0
digital.vasic.translator/cmd/server/main.go:235.2,236.12 2 0
digital.vasic.translator/cmd/server/main.go:239.55,240.30 1 0
digital.vasic.translator/cmd/server/main.go:240.30,245.29 3 0
digital.vasic.translator/cmd/server/main.go:245.29,246.31 1 0
digital.vasic.translator/cmd/server/main.go:246.31,248.10 2 0
digital.vasic.translator/cmd/server/main.go:252.3,252.14 1 0
digital.vasic.translator/cmd/server/main.go:252.14,257.4 4 0
digital.vasic.translator/cmd/server/main.go:259.3,259.36 1 0
digital.vasic.translator/cmd/server/main.go:259.36,262.4 2 0
digital.vasic.translator/cmd/server/main.go:264.3,264.11 1 0
digital.vasic.translator/cmd/server/main.go:268.73,269.30 1 0
digital.vasic.translator/cmd/server/main.go:269.30,273.26 2 0
digital.vasic.translator/cmd/server/main.go:273.26,279.4 3 0
digital.vasic.translator/cmd/server/main.go:281.3,281.11 1 0
digital.vasic.translator/cmd/server/main.go:285.38,291.2 3 0
digital.vasic.translator/pkg/language/detector.go:93.53,97.2 1 0
digital.vasic.translator/pkg/language/detector.go:100.79,102.26 1 0
digital.vasic.translator/pkg/language/detector.go:102.26,104.31 2 0
digital.vasic.translator/pkg/language/detector.go:104.31,105.58 1 0
digital.vasic.translator/pkg/language/detector.go:105.58,107.5 1 0
digital.vasic.translator/pkg/language/detector.go:112.2,112.37 1 0
digital.vasic.translator/pkg/language/detector.go:116.58,117.16 1 0
digital.vasic.translator/pkg/language/detector.go:117.16,119.3 1 0
digital.vasic.translator/pkg/language/detector.go:122.2,123.22 2 0
digital.vasic.translator/pkg/language/detector.go:123.22,125.3 1 0
digital.vasic.translator/pkg/language/detector.go:128.2,135.27 2 0
digital.vasic.translator/pkg/language/detector.go:135.27,136.10 1 0
digital.vasic.translator/pkg/language/detector.go:137.22,138.14 1 0
digital.vasic.translator/pkg/language/detector.go:139.19,140.11 1 0
digital.vasic.translator/pkg/language/detector.go:141.17,142.9 1 0
digital.vasic.translator/pkg/language/detector.go:143.20,144.12 1 0
digital.vasic.translator/pkg/language/detector.go:149.2,150.16 2 0
digital.vasic.translator/pkg/language/detector.go:150.16,152.3 1 0
digital.vasic.translator/pkg/language/detector.go:155.2,155.39 1 0
digital.vasic.translator/pkg/language/detector.go:155.39,159.3 1 0
digital.vasic.translator/pkg/language/detector.go:162.2,162.42 1 0
digital.vasic.translator/pkg/language/detector.go:162.42,164.3 1 0
digital.vasic.translator/pkg/language/detector.go:167.2,167.44 1 0
digital.vasic.translator/pkg/language/detector.go:167.44,170.3 1 0
digital.vasic.translator/pkg/language/detector.go:174.2,174.16 1 0
digital.vasic.translator/pkg/language/detector.go:178.65,186.25 2 0
digital.vasic.translator/pkg/language/detector.go:186.25,187.12 1 0
digital.vasic.translator/pkg/language/detector.go:188.43,189.18 1 0
digital.vasic.translator/pkg/language/detector.go:190.67,191.18 1 0
digital.vasic.translator/pkg/language/detector.go:192.55,193.20 1 0
digital.vasic.translator/pkg/language/detector.go:198.2,198.66 1 0
digital.vasic.translator/pkg/language/detector.go:198.66,200.3 1 0
digital.vasic.translator/pkg/language/detector.go:201.2,201.68 1 0
digital.vasic.translator/pkg/language/detector.go:201.68,203.3 1 0
digital.vasic.translator/pkg/language/detector.go:206.2,206.16 1 0
digital.vasic.translator/pkg/language/detector.go:210.48,212.36 2 0
digital.vasic.translator/pkg/language/detector.go:212.36,214.3 1 0
digital.vasic.translator/pkg/language/detector.go:215.2,215.58 1 0
digital.vasic.translator/pkg/language/detector.go:219.41,225.2 1 0
digital.vasic.translator/pkg/language/detector.go:228.30,230.2 1 0
digital.vasic.translator/pkg/language/detector.go:233.27,235.2 1 0
digital.vasic.translator/pkg/language/detector.go:238.25,243.2 1 0
digital.vasic.translator/pkg/language/detector.go:246.28,248.2 1 0
digital.vasic.translator/pkg/language/llm_detector.go:24.71,34.18 2 1
digital.vasic.translator/pkg/language/llm_detector.go:35.16,37.35 2 1
digital.vasic.translator/pkg/language/llm_detector.go:38.18,40.35 2 0
digital.vasic.translator/pkg/language/llm_detector.go:41.19,43.45 2 0
digital.vasic.translator/pkg/language/llm_detector.go:44.15,46.27 2 0
digital.vasic.translator/pkg/language/llm_detector.go:47.10,49.35 2 0
digital.vasic.translator/pkg/language/llm_detector.go:52.2,52.17 1 1
digital.vasic.translator/pkg/language/llm_detector.go:56.94,57.16 1 2
digital.vasic.translator/pkg/language/llm_detector.go:57.16,59.3 1 1
digital.vasic.translator/pkg/language/llm_detector.go:62.2,63.21 2 1
digital.vasic.translator/pkg/language/llm_detector.go:63.21,65.3 1 0
digital.vasic.translator/pkg/language/llm_detector.go:68.2,78.20 2 1
digital.vasic.translator/pkg/language/llm_detector.go:79.28,80.45 1 1
digital.vasic.translator/pkg/language/llm_detector.go:81.19,82.38 1 0
digital.vasic.translator/pkg/language/llm_detector.go:83.15,84.34 1 0
digital.vasic.translator/pkg/language/llm_detector.go:85.10,86.45 1 0
digital.vasic.translator/pkg/language/llm_detector.go:91.102,102.16 3 1
digital.vasic.translator/pkg/language/llm_detector.go:102.16,104.3 1 0
digital.vasic.translator/pkg/language/llm_detector.go:106.2,107.16 2 1
digital.vasic.translator/pkg/language/llm_detector.go:107.16,109.3 1 0
digital.vasic.translator/pkg/language/llm_detector.go:111.2,115.16 4 1
digital.vasic.translator/pkg/language/llm_detector.go:115.16,117.3 1 0
digital.vasic.translator/pkg/language/llm_detector.go:118.2,121.16 3 1
digital.vasic.translator/pkg/language/llm_detector.go:121.16,123.3 1 0
digital.vasic.translator/pkg/language/llm_detector.go:125.2,125.38 1 1
digital.vasic.translator/pkg/language/llm_detector.go:125.38,127.3 1 1
digital.vasic.translator/pkg/language/llm_detector.go:129.2,137.56 2 0
digital.vasic.translator/pkg/language/llm_detector.go:137.56,139.3 1 0
digital.vasic.translator/pkg/language/llm_detector.go:141.2,141.32 1 0
digital.vasic.translator/pkg/language/llm_detector.go:141.32,143.3 1 0
digital.vasic.translator/pkg/language/llm_detector.go:145.2,146.41 2 0
digital.vasic.translator/pkg/language/llm_detector.go:150.95,160.16 3 0
digital.vasic.translator/pkg/language/llm_detector.go:160.16,162.3 1 0
digital.vasic.translator/pkg/language/llm_detector.go:164.2,165.16 2 0
digital.vasic.translator/pkg/language/llm_detector.go:165.16,167.3 1 0
digital.vasic.translator/pkg/language/llm_detector.go:169.2,174.16 5 0
digital.vasic.translator/pkg/language/llm_detector.go:174.16,176.3 1 0
digital.vasic.translator/pkg/language/llm_detector.go:177.2,180.16 3 0
digital.vasic.translator/pkg/language/llm_detector.go:180.16,182.3 1 0
digital.vasic.translator/pkg/language/llm_detector.go:184.2,184.38 1 0
digital.vasic.translator/pkg/language/llm_detector.go:184.38,186.3 1 0
digital.vasic.translator/pkg/language/llm_detector.go:188.2,194.56 2 0
digital.vasic.translator/pkg/language/llm_detector.go:194.56,196.3 1 0
digital.vasic.translator/pkg/language/llm_detector.go:198.2,198.32 1 0
digital.vasic.translator/pkg/language/llm_detector.go:198.32,200.3 1 0
digital.vasic.translator/pkg/language/llm_detector.go:202.2,203.41 2 0
digital.vasic.translator/pkg/language/llm_detector.go:207.91,218.16 3 0
digital.vasic.translator/pkg/language/llm_detector.go:218.16,220.3 1 0
digital.vasic.translator/pkg/language/llm_detector.go:222.2,223.16 2 0
digital.vasic.translator/pkg/language/llm_detector.go:223.16,225.3 1 0
digital.vasic.translator/pkg/language/llm_detector.go:227.2,231.16 4 0
digital.vasic.translator/pkg/language/llm_detector.go:231.16,233.3 1 0
digital.vasic.translator/pkg/language/llm_detector.go:234.2,237.16 3 0
digital.vasic.translator/pkg/language/llm_detector.go:237.16,239.3 1 0
digital.vasic.translator/pkg/language/llm_detector.go:241.2,241.38 1 0
digital.vasic.translator/pkg/language/llm_detector.go:241.38,243.3 1 0
digital.vasic.translator/pkg/language/llm_detector.go:245.2,253.56 2 0
digital.vasic.translator/pkg/language/llm_detector.go:253.56,255.3 1 0
digital.vasic.translator/pkg/language/llm_detector.go:257.2,257.32 1 0
digital.vasic.translator/pkg/language/llm_detector.go:257.32,259.3 1 0
digital.vasic.translator/pkg/language/llm_detector.go:261.2,262.41 2 0
digital.vasic.translator/pkg/language/llm_detector.go:266.45,270.19 2 6
digital.vasic.translator/pkg/language/llm_detector.go:270.19,272.3 1 3
digital.vasic.translator/pkg/language/llm_detector.go:274.2,274.13 1 6
digital.vasic.translator/pkg/script/converter.go:20.32,34.37 3 10
digital.vasic.translator/pkg/script/converter.go:34.37,36.3 1 600
digital.vasic.translator/pkg/script/converter.go:38.2,45.3 4 10
digital.vasic.translator/pkg/script/converter.go:49.49,53.28 3 34
digital.vasic.translator/pkg/script/converter.go:53.28,54.42 1 539
digital.vasic.translator/pkg/script/converter.go:54.42,56.4 1 445
digital.vasic.translator/pkg/script/converter.go:56.9,58.4 1 94
digital.vasic.translator/pkg/script/converter.go:61.2,61.24 1 34
digital.vasic.translator/pkg/script/converter.go:65.52,73.21 5 38
digital.vasic.translator/pkg/script/converter.go:73.21,75.23 1 536
digital.vasic.translator/pkg/script/converter.go:75.23,77.45 2 506
digital.vasic.translator/pkg/script/converter.go:77.45,80.13 3 22
digital.vasic.translator/pkg/script/converter.go:85.3,86.44 2 514
digital.vasic.translator/pkg/script/converter.go:86.44,88.4 1 437
digital.vasic.translator/pkg/script/converter.go:88.9,90.4 1 77
digital.vasic.translator/pkg/script/converter.go:91.3,91.6 1 514
digital.vasic.translator/pkg/script/converter.go:94.2,94.24 1 38
digital.vasic.translator/pkg/script/converter.go:98.58,102.28 3 18
digital.vasic.translator/pkg/script/converter.go:102.28,103.38 1 130
digital.vasic.translator/pkg/script/converter.go:103.38,105.4 1 48
digital.vasic.translator/pkg/script/converter.go:107.3,107.67 1 130
digital.vasic.translator/pkg/script/converter.go:107.67,109.4 1 69
digital.vasic.translator/pkg/script/converter.go:112.2,112.32 1 18
digital.vasic.translator/pkg/script/converter.go:112.32,114.3 1 6
digital.vasic.translator/pkg/script/converter.go:115.2,115.14 1 12
digital.vasic.translator/pkg/script/converter.go:119.74,122.35 2 8
digital.vasic.translator/pkg/script/converter.go:122.35,124.3 1 2
digital.vasic.translator/pkg/script/converter.go:126.2,126.27 1 6
digital.vasic.translator/pkg/script/converter.go:126.27,128.3 1 2
digital.vasic.translator/pkg/script/converter.go:129.2,129.27 1 4
digital.vasic.translator/pkg/security/auth.go:27.76,32.2 1 12
digital.vasic.translator/pkg/security/auth.go:35.95,49.2 3 8
digital.vasic.translator/pkg/security/auth.go:52.75,53.104 1 16
digital.vasic.translator/pkg/security/auth.go:53.104,54.58 1 8
digital.vasic.translator/pkg/security/auth.go:54.58,56.4 1 1
digital.vasic.translator/pkg/security/auth.go:57.3,57.27 1 7
digital.vasic.translator/pkg/security/auth.go:60.2,60.16 1 16
digital.vasic.translator/pkg/security/auth.go:60.16,62.3 1 12
digital.vasic.translator/pkg/security/auth.go:64.2,64.61 1 4
digital.vasic.translator/pkg/security/auth.go:64.61,66.3 1 4
digital.vasic.translator/pkg/security/auth.go:68.2,68.41 1 0
digital.vasic.translator/pkg/security/auth.go:72.39,74.44 2 7
digital.vasic.translator/pkg/security/auth.go:74.44,76.3 1 0
digital.vasic.translator/pkg/security/auth.go:77.2,77.54 1 7
digital.vasic.translator/pkg/security/auth.go:96.36,100.2 1 6
digital.vasic.translator/pkg/security/auth.go:103.61,105.2 1 9
digital.vasic.translator/pkg/security/auth.go:108.69,110.9 2 11
digital.vasic.translator/pkg/security/auth.go:110.9,112.3 1 1
digital.vasic.translator/pkg/security/auth.go:114.2,114.18 1 10
digital.vasic.translator/pkg/security/auth.go:114.18,116.3 1 2
digital.vasic.translator/pkg/security/auth.go:118.2,118.64 1 8
digital.vasic.translator/pkg/security/auth.go:118.64,120.3 1 1
digital.vasic.translator/pkg/security/auth.go:122.2,122.20 1 7
digital.vasic.translator/pkg/security/auth.go:126.47,127.35 1 1
digital.vasic.translator/pkg/security/auth.go:127.35,130.3 2 1
digital.vasic.translator/pkg/security/ratelimit.go:19.50,30.2 3 15
digital.vasic.translator/pkg/security/ratelimit.go:33.47,36.2 2 961744
digital.vasic.translator/pkg/security/ratelimit.go:39.41,42.2 2 0
digital.vasic.translator/pkg/security/ratelimit.go:45.61,50.12 4 961744
digital.vasic.translator/pkg/security/ratelimit.go:50.12,52.3 1 961594
digital.vasic.translator/pkg/security/ratelimit.go:54.2,58.49 3 150
digital.vasic.translator/pkg/security/ratelimit.go:58.49,60.3 1 24
digital.vasic.translator/pkg/security/ratelimit.go:62.2,64.16 3 126
digital.vasic.translator/pkg/security/ratelimit.go:68.34,72.21 3 15
digital.vasic.translator/pkg/security/ratelimit.go:72.21,77.3 2 0
digital.vasic.translator/pkg/security/ratelimit.go:81.42,85.2 3 1
digital.vasic.translator/pkg/security/ratelimit.go:88.58,97.2 3 4
digital.vasic.translator/pkg/models/downloader.go:21.34,32.2 4 10
digital.vasic.translator/pkg/models/downloader.go:35.69,39.49 2 3
digital.vasic.translator/pkg/models/downloader.go:39.49,41.30 1 2
digital.vasic.translator/pkg/models/downloader.go:41.30,43.4 1 1
digital.vasic.translator/pkg/models/downloader.go:45.3,45.23 1 1
digital.vasic.translator/pkg/models/downloader.go:48.2,48.61 1 2
digital.vasic.translator/pkg/models/downloader.go:52.70,56.46 2 4
digital.vasic.translator/pkg/models/downloader.go:56.46,59.3 2 0
digital.vasic.translator/pkg/models/downloader.go:62.2,71.16 6 4
digital.vasic.translator/pkg/models/downloader.go:71.16,73.3 1 1
digital.vasic.translator/pkg/models/downloader.go:76.2,77.16 2 3
digital.vasic.translator/pkg/models/downloader.go:77.16,79.3 1 0
digital.vasic.translator/pkg/models/downloader.go:82.2,82.33 1 3
digital.vasic.translator/pkg/models/downloader.go:82.33,84.3 1 1
digital.vasic.translator/pkg/models/downloader.go:86.2,90.16 3 2
digital.vasic.translator/pkg/models/downloader.go:90.16,92.3 1 0
digital.vasic.translator/pkg/models/downloader.go:94.2,96.23 2 2
digital.vasic.translator/pkg/models/downloader.go:100.71,103.16 2 4
digital.vasic.translator/pkg/models/downloader.go:103.16,105.3 1 0
digital.vasic.translator/pkg/models/downloader.go:106.2,110.16 3 4
digital.vasic.translator/pkg/models/downloader.go:110.16,112.3 1 0
digital.vasic.translator/pkg/models/downloader.go:116.2,117.19 2 4
digital.vasic.translator/pkg/models/downloader.go:117.19,119.3 1 4
digital.vasic.translator/pkg/models/downloader.go:120.2,120.62 1 4
digital.vasic.translator/pkg/models/downloader.go:120.62,123.3 2 0
digital.vasic.translator/pkg/models/downloader.go:126.2,127.16 2 4
digital.vasic.translator/pkg/models/downloader.go:127.16,129.3 1 1
digital.vasic.translator/pkg/models/downloader.go:130.2,133.38 2 3
digital.vasic.translator/pkg/models/downloader.go:133.38,135.92 1 0
digital.vasic.translator/pkg/models/downloader.go:135.92,137.4 1 0
digital.vasic.translator/pkg/models/downloader.go:138.3,138.51 1 0
digital.vasic.translator/pkg/models/downloader.go:142.2,154.16 4 3
digital.vasic.translator/pkg/models/downloader.go:154.16,156.3 1 0
digital.vasic.translator/pkg/models/downloader.go:159.2,162.12 3 3
digital.vasic.translator/pkg/models/downloader.go:174.56,176.16 2 12805
digital.vasic.translator/pkg/models/downloader.go:176.16,178.3 1 0
digital.vasic.translator/pkg/models/downloader.go:180.2,183.45 2 12805
digital.vasic.translator/pkg/models/downloader.go:183.45,186.3 2 0
digital.vasic.translator/pkg/models/downloader.go:188.2,188.15 1 12805
digital.vasic.translator/pkg/models/downloader.go:191.53,192.19 1 5
digital.vasic.translator/pkg/models/downloader.go:192.19,196.3 2 0
digital.vasic.translator/pkg/models/downloader.go:199.2,204.15 4 5
digital.vasic.translator/pkg/models/downloader.go:204.15,209.12 4 5
digital.vasic.translator/pkg/models/downloader.go:209.12,212.4 1 4
digital.vasic.translator/pkg/models/downloader.go:212.9,215.4 1 1
digital.vasic.translator/pkg/models/downloader.go:216.8,218.3 1 0
digital.vasic.translator/pkg/models/downloader.go:222.60,226.2 2 12
digital.vasic.translator/pkg/models/downloader.go:229.63,231.16 2 5
digital.vasic.translator/pkg/models/downloader.go:231.16,232.25 1 0
digital.vasic.translator/pkg/models/downloader.go:232.25,234.4 1 0
digital.vasic.translator/pkg/models/downloader.go:235.3,235.18 1 0
digital.vasic.translator/pkg/models/downloader.go:238.2,239.29 2 5
digital.vasic.translator/pkg/models/downloader.go:239.29,240.63 1 9
digital.vasic.translator/pkg/models/downloader.go:240.63,244.4 2 6
digital.vasic.translator/pkg/models/downloader.go:247.2,247.20 1 5
digital.vasic.translator/pkg/models/downloader.go:251.56,255.16 3 2
digital.vasic.translator/pkg/models/downloader.go:255.16,256.25 1 1
[...]
digital.vasic.translator/pkg/verification/reporter.go:219.24,224.35 3 0
digital.vasic.translator/pkg/verification/reporter.go:224.35,226.53 2 0
digital.vasic.translator/pkg/verification/reporter.go:226.53,228.31 2 0
digital.vasic.translator/pkg/verification/reporter.go:228.31,230.6 1 0
digital.vasic.translator/pkg/verification/reporter.go:230.11,230.35 1 0
digital.vasic.translator/pkg/verification/reporter.go:230.35,232.6 1 0
digital.vasic.translator/pkg/verification/reporter.go:233.5,233.76 1 0
digital.vasic.translator/pkg/verification/reporter.go:235.4,235.24 1 0
digital.vasic.translator/pkg/verification/reporter.go:239.3,239.31 1 0
digital.vasic.translator/pkg/verification/reporter.go:239.31,241.50 2 0
digital.vasic.translator/pkg/verification/reporter.go:241.50,243.5 1 0
digital.vasic.translator/pkg/verification/reporter.go:244.4,244.24 1 0
digital.vasic.translator/pkg/verification/reporter.go:249.2,249.27 1 0
digital.vasic.translator/pkg/verification/reporter.go:249.27,254.24 4 0
digital.vasic.translator/pkg/verification/reporter.go:254.24,256.4 1 0
digital.vasic.translator/pkg/verification/reporter.go:258.3,258.37 1 0
digital.vasic.translator/pkg/verification/reporter.go:258.37,261.36 3 0
digital.vasic.translator/pkg/verification/reporter.go:261.36,263.5 1 0
digital.vasic.translator/pkg/verification/reporter.go:263.10,263.40 1 0
digital.vasic.translator/pkg/verification/reporter.go:263.40,265.5 1 0
digital.vasic.translator/pkg/verification/reporter.go:267.4,271.30 4 0
digital.vasic.translator/pkg/verification/reporter.go:271.30,273.5 1 0
digital.vasic.translator/pkg/verification/reporter.go:274.4,274.29 1 0
digital.vasic.translator/pkg/verification/reporter.go:279.2,279.36 1 0
digital.vasic.translator/pkg/verification/reporter.go:279.36,284.24 4 0
digital.vasic.translator/pkg/verification/reporter.go:284.24,286.4 1 0
digital.vasic.translator/pkg/verification/reporter.go:288.3,288.37 1 0
digital.vasic.translator/pkg/verification/reporter.go:288.37,301.4 11 0
digital.vasic.translator/pkg/verification/reporter.go:305.2,308.43 3 0
digital.vasic.translator/pkg/verification/reporter.go:308.43,320.49 8 0
digital.vasic.translator/pkg/verification/reporter.go:320.49,323.4 1 0
digital.vasic.translator/pkg/verification/reporter.go:323.9,326.4 1 0
digital.vasic.translator/pkg/verification/reporter.go:329.3,329.30 1 0
digital.vasic.translator/pkg/verification/reporter.go:329.30,331.42 2 0
digital.vasic.translator/pkg/verification/reporter.go:331.42,334.5 1 0
digital.vasic.translator/pkg/verification/reporter.go:335.4,335.24 1 0
digital.vasic.translator/pkg/verification/reporter.go:339.3,339.29 1 0
digital.vasic.translator/pkg/verification/reporter.go:339.29,341.40 2 0
digital.vasic.translator/pkg/verification/reporter.go:341.40,344.5 1 0
digital.vasic.translator/pkg/verification/reporter.go:345.4,345.24 1 0
digital.vasic.translator/pkg/verification/reporter.go:348.3,348.28 1 0
digital.vasic.translator/pkg/verification/reporter.go:352.2,353.29 2 0
digital.vasic.translator/pkg/verification/reporter.go:353.29,355.3 1 0
digital.vasic.translator/pkg/verification/reporter.go:355.8,355.36 1 0
digital.vasic.translator/pkg/verification/reporter.go:355.36,357.3 1 0
digital.vasic.translator/pkg/verification/reporter.go:357.8,357.36 1 0
digital.vasic.translator/pkg/verification/reporter.go:357.36,359.3 1 0
digital.vasic.translator/pkg/verification/reporter.go:359.8,361.3 1 0
digital.vasic.translator/pkg/verification/reporter.go:362.2,366.20 3 0
digital.vasic.translator/pkg/verification/reporter.go:370.72,407.2 1 0
digital.vasic.translator/pkg/verification/reporter.go:410.53,427.24 13 0
digital.vasic.translator/pkg/verification/reporter.go:427.24,429.52 2 0
digital.vasic.translator/pkg/verification/reporter.go:429.52,431.4 1 0
digital.vasic.translator/pkg/verification/reporter.go:434.2,434.20 1 0
digital.vasic.translator/pkg/verification/reporter.go:439.37,440.19 1 0
digital.vasic.translator/pkg/verification/reporter.go:440.19,442.3 1 0
digital.vasic.translator/pkg/verification/reporter.go:442.8,442.26 1 0
digital.vasic.translator/pkg/verification/reporter.go:442.26,444.3 1 0
digital.vasic.translator/pkg/verification/reporter.go:444.8,444.26 1 0
digital.vasic.translator/pkg/verification/reporter.go:444.26,446.3 1 0
digital.vasic.translator/pkg/verification/reporter.go:446.8,446.26 1 0
digital.vasic.translator/pkg/verification/reporter.go:446.26,448.3 1 0
digital.vasic.translator/pkg/verification/reporter.go:448.8,448.26 1 0
digital.vasic.translator/pkg/verification/reporter.go:448.26,450.3 1 0
digital.vasic.translator/pkg/verification/reporter.go:450.8,450.26 1 0
digital.vasic.translator/pkg/verification/reporter.go:450.26,452.3 1 0
digital.vasic.translator/pkg/verification/reporter.go:452.8,452.26 1 0
digital.vasic.translator/pkg/verification/reporter.go:452.26,454.3 1 0
digital.vasic.translator/pkg/verification/reporter.go:454.8,454.26 1 0
digital.vasic.translator/pkg/verification/reporter.go:454.26,456.3 1 0
digital.vasic.translator/pkg/verification/reporter.go:456.8,458.3 1 0
digital.vasic.translator/pkg/verification/reporter.go:461.57,462.25 1 0
digital.vasic.translator/pkg/verification/reporter.go:462.25,464.3 1 0
digital.vasic.translator/pkg/verification/reporter.go:465.2,465.30 1 0
digital.vasic.translator/pkg/verification/verifier.go:53.13,60.2 1 0
digital.vasic.translator/pkg/verification/verifier.go:63.99,80.65 3 0
digital.vasic.translator/pkg/verification/verifier.go:80.65,82.3 1 0
digital.vasic.translator/pkg/verification/verifier.go:85.2,86.31 2 0
digital.vasic.translator/pkg/verification/verifier.go:86.31,100.73 3 0
digital.vasic.translator/pkg/verification/verifier.go:100.73,102.4 1 0
digital.vasic.translator/pkg/verification/verifier.go:106.2,128.40 6 0
digital.vasic.translator/pkg/verification/verifier.go:128.40,130.51 2 0
digital.vasic.translator/pkg/verification/verifier.go:130.51,131.14 1 0
digital.vasic.translator/pkg/verification/verifier.go:131.14,133.5 1 0
digital.vasic.translator/pkg/verification/verifier.go:138.2,138.35 1 0
digital.vasic.translator/pkg/verification/verifier.go:138.35,140.49 2 0
digital.vasic.translator/pkg/verification/verifier.go:140.49,141.14 1 0
digital.vasic.translator/pkg/verification/verifier.go:141.14,143.5 1 0
digital.vasic.translator/pkg/verification/verifier.go:147.2,147.20 1 0
digital.vasic.translator/pkg/verification/verifier.go:151.95,152.26 1 0
digital.vasic.translator/pkg/verification/verifier.go:152.26,153.41 1 0
digital.vasic.translator/pkg/verification/verifier.go:153.41,161.4 2 0
digital.vasic.translator/pkg/verification/verifier.go:164.2,164.32 1 0
digital.vasic.translator/pkg/verification/verifier.go:164.32,165.47 1 0
digital.vasic.translator/pkg/verification/verifier.go:165.47,173.4 2 0
digital.vasic.translator/pkg/verification/verifier.go:176.2,176.12 1 0
digital.vasic.translator/pkg/verification/verifier.go:180.108,184.25 2 0
digital.vasic.translator/pkg/verification/verifier.go:184.25,185.40 1 0
digital.vasic.translator/pkg/verification/verifier.go:185.40,193.4 2 0
digital.vasic.translator/pkg/verification/verifier.go:197.2,197.34 1 0
digital.vasic.translator/pkg/verification/verifier.go:197.34,199.83 2 0
digital.vasic.translator/pkg/verification/verifier.go:199.83,201.4 1 0
digital.vasic.translator/pkg/verification/verifier.go:204.2,204.12 1 0
digital.vasic.translator/pkg/verification/verifier.go:208.109,210.25 1 0
digital.vasic.translator/pkg/verification/verifier.go:210.25,211.40 1 0
digital.vasic.translator/pkg/verification/verifier.go:211.40,219.4 2 0
digital.vasic.translator/pkg/verification/verifier.go:223.2,223.27 1 0
digital.vasic.translator/pkg/verification/verifier.go:223.27,225.42 1 0
digital.vasic.translator/pkg/verification/verifier.go:225.42,233.4 2 0
digital.vasic.translator/pkg/verification/verifier.go:236.3,237.42 2 0
digital.vasic.translator/pkg/verification/verifier.go:237.42,241.4 3 0
digital.vasic.translator/pkg/verification/verifier.go:244.3,245.36 2 0
digital.vasic.translator/pkg/verification/verifier.go:245.36,246.32 1 0
digital.vasic.translator/pkg/verification/verifier.go:246.32,254.5 2 0
digital.vasic.translator/pkg/verification/verifier.go:259.2,259.37 1 0
digital.vasic.translator/pkg/verification/verifier.go:259.37,261.82 2 0
digital.vasic.translator/pkg/verification/verifier.go:261.82,263.4 1 0
digital.vasic.translator/pkg/verification/verifier.go:266.2,266.12 1 0
digital.vasic.translator/pkg/verification/verifier.go:270.55,271.16 1 0
digital.vasic.translator/pkg/verification/verifier.go:271.16,273.3 1 0
digital.vasic.translator/pkg/verification/verifier.go:276.2,280.68 2 0
digital.vasic.translator/pkg/verification/verifier.go:280.68,283.34 2 0
digital.vasic.translator/pkg/verification/verifier.go:283.34,284.45 1 0
digital.vasic.translator/pkg/verification/verifier.go:284.45,285.24 1 0
digital.vasic.translator/pkg/verification/verifier.go:285.24,287.6 1 0
digital.vasic.translator/pkg/verification/verifier.go:293.2,297.30 4 0
digital.vasic.translator/pkg/verification/verifier.go:297.30,298.26 1 0
digital.vasic.translator/pkg/verification/verifier.go:298.26,300.39 2 0
digital.vasic.translator/pkg/verification/verifier.go:300.39,302.5 1 0
digital.vasic.translator/pkg/verification/verifier.go:302.10,302.43 1 0
digital.vasic.translator/pkg/verification/verifier.go:302.43,304.5 1 0
digital.vasic.translator/pkg/verification/verifier.go:308.2,308.20 1 0
digital.vasic.translator/pkg/verification/verifier.go:308.20,310.3 1 0
digital.vasic.translator/pkg/verification/verifier.go:313.2,318.39 3 0
digital.vasic.translator/pkg/verification/verifier.go:318.39,321.3 1 0
digital.vasic.translator/pkg/verification/verifier.go:323.2,323.39 1 0
digital.vasic.translator/pkg/verification/verifier.go:323.39,326.3 1 0
digital.vasic.translator/pkg/verification/verifier.go:330.2,330.14 1 0
digital.vasic.translator/pkg/verification/verifier.go:334.71,343.27 5 0
digital.vasic.translator/pkg/verification/verifier.go:343.27,345.67 1 0
digital.vasic.translator/pkg/verification/verifier.go:345.67,350.4 1 0
digital.vasic.translator/pkg/verification/verifier.go:354.2,355.34 2 0
digital.vasic.translator/pkg/verification/verifier.go:355.34,360.3 1 0
digital.vasic.translator/pkg/verification/verifier.go:362.2,362.18 1 0
digital.vasic.translator/pkg/verification/verifier.go:366.65,371.34 3 0
digital.vasic.translator/pkg/verification/verifier.go:371.34,373.20 2 0
digital.vasic.translator/pkg/verification/verifier.go:373.20,375.4 1 0
digital.vasic.translator/pkg/verification/verifier.go:378.2,378.15 1 0
digital.vasic.translator/pkg/verification/verifier.go:382.96,388.31 3 0
digital.vasic.translator/pkg/verification/verifier.go:388.31,391.3 2 0
digital.vasic.translator/pkg/verification/verifier.go:392.2,392.37 1 0
digital.vasic.translator/pkg/verification/verifier.go:392.37,395.3 2 0
digital.vasic.translator/pkg/verification/verifier.go:397.2,397.40 1 0
digital.vasic.translator/pkg/verification/verifier.go:397.40,398.26 1 0
digital.vasic.translator/pkg/verification/verifier.go:398.26,401.4 2 0
digital.vasic.translator/pkg/verification/verifier.go:402.3,402.68 1 0
digital.vasic.translator/pkg/verification/verifier.go:405.2,405.40 1 0
digital.vasic.translator/pkg/verification/verifier.go:405.40,407.3 1 0
digital.vasic.translator/pkg/verification/verifier.go:410.2,411.50 2 0
digital.vasic.translator/pkg/verification/verifier.go:411.50,413.3 1 0
digital.vasic.translator/pkg/verification/verifier.go:416.2,420.23 3 0
digital.vasic.translator/pkg/verification/verifier.go:420.23,422.3 1 0
digital.vasic.translator/pkg/verification/verifier.go:425.2,426.24 2 0
digital.vasic.translator/pkg/verification/verifier.go:426.24,428.3 1 0
digital.vasic.translator/pkg/verification/verifier.go:430.2,431.20 2 0
digital.vasic.translator/pkg/verification/verifier.go:431.20,433.3 1 0
digital.vasic.translator/pkg/verification/verifier.go:435.2,435.19 1 0
digital.vasic.translator/pkg/verification/verifier.go:439.86,441.27 2 0
digital.vasic.translator/pkg/verification/verifier.go:441.27,443.26 2 0
digital.vasic.translator/pkg/verification/verifier.go:443.26,446.4 2 0
digital.vasic.translator/pkg/verification/verifier.go:447.3,447.28 1 0
digital.vasic.translator/pkg/verification/verifier.go:447.28,450.4 2 0
digital.vasic.translator/pkg/verification/verifier.go:451.3,451.65 1 0
digital.vasic.translator/pkg/verification/verifier.go:453.2,453.14 1 0
digital.vasic.translator/pkg/verification/verifier.go:457.50,458.23 1 0
digital.vasic.translator/pkg/verification/verifier.go:458.23,460.3 1 0
digital.vasic.translator/pkg/verification/verifier.go:464.48,465.23 1 0
digital.vasic.translator/pkg/verification/verifier.go:465.23,469.3 3 0
digital.vasic.translator/pkg/verification/verifier.go:473.47,474.25 1 0
digital.vasic.translator/pkg/verification/verifier.go:474.25,476.3 1 0
digital.vasic.translator/pkg/verification/verifier.go:477.2,477.30 1 0
digital.vasic.translator/pkg/websocket/hub.go:30.45,42.2 3 13
digital.vasic.translator/pkg/websocket/hub.go:45.21,46.6 1 12
digital.vasic.translator/pkg/websocket/hub.go:46.6,47.10 1 145
digital.vasic.translator/pkg/websocket/hub.go:48.31,51.17 3 107
digital.vasic.translator/pkg/websocket/hub.go:53.33,55.38 2 26
digital.vasic.translator/pkg/websocket/hub.go:55.38,58.5 2 26
digital.vasic.translator/pkg/websocket/hub.go:59.4,59.17 1 26
digital.vasic.translator/pkg/websocket/hub.go:65.40,67.2 1 107
digital.vasic.translator/pkg/websocket/hub.go:70.42,72.2 1 26
digital.vasic.translator/pkg/websocket/hub.go:75.47,78.16 2 4
digital.vasic.translator/pkg/websocket/hub.go:78.16,80.3 1 0
digital.vasic.translator/pkg/websocket/hub.go:83.2,86.32 3 4
digital.vasic.translator/pkg/websocket/hub.go:86.32,88.93 1 6
digital.vasic.translator/pkg/websocket/hub.go:88.93,89.12 1 1
digital.vasic.translator/pkg/websocket/hub.go:92.3,92.10 1 5
digital.vasic.translator/pkg/websocket/hub.go:93.28,93.28 0 5
digital.vasic.translator/pkg/websocket/hub.go:94.11,94.11 0 0
digital.vasic.translator/pkg/websocket/hub.go:101.41,105.32 3 25
digital.vasic.translator/pkg/websocket/hub.go:105.32,106.10 1 145
digital.vasic.translator/pkg/websocket/hub.go:107.31,107.31 0 142
digital.vasic.translator/pkg/websocket/hub.go:108.11,108.11 0 3
digital.vasic.translator/pkg/websocket/hub.go:115.36,119.2 3 38
digital.vasic.translator/pkg/websocket/hub.go:122.29,123.15 1 0
digital.vasic.translator/pkg/websocket/hub.go:123.15,126.3 2 0
digital.vasic.translator/pkg/websocket/hub.go:128.2,128.6 1 0
digital.vasic.translator/pkg/websocket/hub.go:128.6,130.17 2 0
digital.vasic.translator/pkg/websocket/hub.go:130.17,131.9 1 0
digital.vasic.translator/pkg/websocket/hub.go:139.30,140.15 1 0
digital.vasic.translator/pkg/websocket/hub.go:140.15,142.3 1 0
digital.vasic.translator/pkg/websocket/hub.go:144.2,144.6 1 0
digital.vasic.translator/pkg/websocket/hub.go:144.6,146.10 2 0
digital.vasic.translator/pkg/websocket/hub.go:146.10,150.4 2 0
digital.vasic.translator/pkg/websocket/hub.go:152.3,153.17 2 0
digital.vasic.translator/pkg/websocket/hub.go:153.17,155.4 1 0
digital.vasic.translator/pkg/websocket/hub.go:156.3,156.45 1 0
digital.vasic.translator/pkg/websocket/hub.go:156.45,158.4 1 0
digital.vasic.translator/pkg/websocket/hub.go:161.3,162.26 2 0
digital.vasic.translator/pkg/websocket/hub.go:162.26,163.51 1 0
digital.vasic.translator/pkg/websocket/hub.go:163.51,165.5 1 0
digital.vasic.translator/pkg/websocket/hub.go:166.4,166.47 1 0
digital.vasic.translator/pkg/websocket/hub.go:166.47,168.5 1 0
digital.vasic.translator/pkg/websocket/hub.go:171.3,171.35 1 0
digital.vasic.translator/pkg/websocket/hub.go:171.35,173.4 1 0
digital.vasic.translator/pkg/translator/translator.go:71.66,77.2 1 1
digital.vasic.translator/pkg/translator/translator.go:80.55,82.2 1 0
digital.vasic.translator/pkg/translator/translator.go:85.66,86.42 1 0
digital.vasic.translator/pkg/translator/translator.go:86.42,89.3 2 0
digital.vasic.translator/pkg/translator/translator.go:90.2,90.18 1 0
digital.vasic.translator/pkg/translator/translator.go:94.67,96.2 1 0
digital.vasic.translator/pkg/translator/translator.go:99.53,101.13 2 0
digital.vasic.translator/pkg/translator/translator.go:101.13,103.3 1 0
digital.vasic.translator/pkg/translator/translator.go:103.8,105.3 1 0
digital.vasic.translator/pkg/translator/translator.go:109.102,110.21 1 0
digital.vasic.translator/pkg/translator/translator.go:110.21,112.3 1 0
digital.vasic.translator/pkg/translator/translator.go:114.2,116.25 3 0
digital.vasic.translator/pkg/translator/translator.go:120.81,121.21 1 0
digital.vasic.translator/pkg/translator/translator.go:121.21,123.3 1 0
digital.vasic.translator/pkg/translator/translator.go:125.2,131.25 4 0
digital.vasic.translator/pkg/translator/universal.go:24.24,31.2 1 0
digital.vasic.translator/pkg/translator/universal.go:39.9,41.60 1 0
digital.vasic.translator/pkg/translator/universal.go:41.60,45.25 3 0
digital.vasic.translator/pkg/translator/universal.go:45.25,47.4 1 0
digital.vasic.translator/pkg/translator/universal.go:49.3,50.17 2 0
digital.vasic.translator/pkg/translator/universal.go:50.17,58.4 2 0
digital.vasic.translator/pkg/translator/universal.go:62.2,62.34 1 0
digital.vasic.translator/pkg/translator/universal.go:62.34,64.3 1 0
digital.vasic.translator/pkg/translator/universal.go:67.2,68.87 2 0
digital.vasic.translator/pkg/translator/universal.go:68.87,70.3 1 0
digital.vasic.translator/pkg/translator/universal.go:73.2,74.31 2 0
digital.vasic.translator/pkg/translator/universal.go:74.31,83.90 2 0
digital.vasic.translator/pkg/translator/universal.go:83.90,85.4 1 0
digital.vasic.translator/pkg/translator/universal.go:89.2,91.12 2 0
digital.vasic.translator/pkg/translator/universal.go:100.9,102.26 1 0
digital.vasic.translator/pkg/translator/universal.go:102.26,110.17 2 0
digital.vasic.translator/pkg/translator/universal.go:110.17,112.4 1 0
digital.vasic.translator/pkg/translator/universal.go:113.3,113.30 1 0
digital.vasic.translator/pkg/translator/universal.go:117.2,117.32 1 0
digital.vasic.translator/pkg/translator/universal.go:117.32,125.17 2 0
digital.vasic.translator/pkg/translator/universal.go:125.17,127.4 1 0
digital.vasic.translator/pkg/translator/universal.go:127.9,129.4 1 0
digital.vasic.translator/pkg/translator/universal.go:132.2,132.12 1 0
digital.vasic.translator/pkg/translator/universal.go:141.9,143.25 1 0
digital.vasic.translator/pkg/translator/universal.go:143.25,151.17 2 0
digital.vasic.translator/pkg/translator/universal.go:151.17,153.4 1 0
digital.vasic.translator/pkg/translator/universal.go:154.3,154.29 1 0
digital.vasic.translator/pkg/translator/universal.go:158.2,158.34 1 0
digital.vasic.translator/pkg/translator/universal.go:158.34,159.93 1 0
digital.vasic.translator/pkg/translator/universal.go:159.93,161.4 1 0
digital.vasic.translator/pkg/translator/universal.go:164.2,164.12 1 0
digital.vasic.translator/pkg/translator/universal.go:173.9,175.25 1 0
digital.vasic.translator/pkg/translator/universal.go:175.25,183.17 2 0
digital.vasic.translator/pkg/translator/universal.go:183.17,185.4 1 0
digital.vasic.translator/pkg/translator/universal.go:186.3,186.29 1 0
digital.vasic.translator/pkg/translator/universal.go:190.2,190.27 1 0
digital.vasic.translator/pkg/translator/universal.go:190.27,198.17 2 0
digital.vasic.translator/pkg/translator/universal.go:198.17,200.4 1 0
digital.vasic.translator/pkg/translator/universal.go:201.3,201.31 1 0
digital.vasic.translator/pkg/translator/universal.go:205.2,205.37 1 0
digital.vasic.translator/pkg/translator/universal.go:205.37,206.96 1 0
digital.vasic.translator/pkg/translator/universal.go:206.96,208.4 1 0
digital.vasic.translator/pkg/translator/universal.go:211.2,211.12 1 0
digital.vasic.translator/pkg/translator/universal.go:215.70,217.2 1 0
digital.vasic.translator/pkg/translator/universal.go:220.70,222.2 1 0
digital.vasic.translator/pkg/translator/universal.go:225.84,226.19 1 0
digital.vasic.translator/pkg/translator/universal.go:226.19,228.3 1 0
digital.vasic.translator/pkg/translator/universal.go:230.2,252.14 1 0
