mode: set
digital.vasic.translator/pkg/fb2/parser.go:204.26,206.2 1 1
digital.vasic.translator/pkg/fb2/parser.go:209.63,211.16 2 1
digital.vasic.translator/pkg/fb2/parser.go:211.16,213.3 1 1
digital.vasic.translator/pkg/fb2/parser.go:214.2,216.28 2 1
digital.vasic.translator/pkg/fb2/parser.go:220.70,224.44 3 1
digital.vasic.translator/pkg/fb2/parser.go:224.44,226.3 1 1
digital.vasic.translator/pkg/fb2/parser.go:228.2,228.17 1 1
digital.vasic.translator/pkg/fb2/parser.go:232.64,234.16 2 1
digital.vasic.translator/pkg/fb2/parser.go:234.16,236.3 1 0
digital.vasic.translator/pkg/fb2/parser.go:237.2,239.34 2 1
digital.vasic.translator/pkg/fb2/parser.go:243.73,248.60 3 1
digital.vasic.translator/pkg/fb2/parser.go:248.60,250.3 1 0
digital.vasic.translator/pkg/fb2/parser.go:252.2,252.43 1 1
digital.vasic.translator/pkg/fb2/parser.go:252.43,254.3 1 0
digital.vasic.translator/pkg/fb2/parser.go:256.2,256.12 1 1
digital.vasic.translator/pkg/fb2/parser.go:260.45,262.2 1 1
digital.vasic.translator/pkg/fb2/parser.go:265.49,267.2 1 1
digital.vasic.translator/pkg/fb2/parser.go:270.42,272.2 1 1
digital.vasic.translator/pkg/fb2/parser.go:275.47,277.2 1 1
digital.vasic.translator/pkg/deployment/api_logger.go:19.81,21.16 2 1
digital.vasic.translator/pkg/deployment/api_logger.go:21.16,23.3 1 1
digital.vasic.translator/pkg/deployment/api_logger.go:25.2,30.8 2 1
digital.vasic.translator/pkg/deployment/api_logger.go:34.90,41.30 4 1
digital.vasic.translator/pkg/deployment/api_logger.go:41.30,45.31 3 1
digital.vasic.translator/pkg/deployment/api_logger.go:45.31,47.4 1 1
digital.vasic.translator/pkg/deployment/api_logger.go:48.3,55.13 1 1
digital.vasic.translator/pkg/deployment/api_logger.go:56.8,61.32 4 1
digital.vasic.translator/pkg/deployment/api_logger.go:61.32,63.4 1 1
digital.vasic.translator/pkg/deployment/api_logger.go:64.3,78.27 3 1
digital.vasic.translator/pkg/deployment/api_logger.go:78.27,80.4 1 0
digital.vasic.translator/pkg/deployment/api_logger.go:83.2,84.12 2 1
digital.vasic.translator/pkg/deployment/api_logger.go:88.177,101.12 2 1
digital.vasic.translator/pkg/deployment/api_logger.go:101.12,102.53 1 1
digital.vasic.translator/pkg/deployment/api_logger.go:102.53,104.4 1 0
digital.vasic.translator/pkg/deployment/api_logger.go:107.2,107.14 1 1
digital.vasic.translator/pkg/deployment/api_logger.go:111.147,117.16 5 1
digital.vasic.translator/pkg/deployment/api_logger.go:117.16,119.3 1 0
digital.vasic.translator/pkg/deployment/api_logger.go:122.2,122.12 1 1
digital.vasic.translator/pkg/deployment/api_logger.go:122.12,123.59 1 1
digital.vasic.translator/pkg/deployment/api_logger.go:123.59,125.4 1 0
digital.vasic.translator/pkg/deployment/api_logger.go:130.87,137.2 3 0
digital.vasic.translator/pkg/deployment/api_logger.go:140.50,144.24 3 1
digital.vasic.translator/pkg/deployment/api_logger.go:144.24,146.3 1 1
digital.vasic.translator/pkg/deployment/api_logger.go:147.2,147.12 1 0
digital.vasic.translator/pkg/deployment/api_logger.go:151.70,160.2 1 1
digital.vasic.translator/pkg/deployment/api_logger.go:165.65,166.33 1 1
digital.vasic.translator/pkg/deployment/api_logger.go:166.33,168.3 1 0
digital.vasic.translator/pkg/deployment/api_logger.go:169.2,169.15 1 1
digital.vasic.translator/pkg/deployment/api_logger.go:173.75,174.21 1 1
digital.vasic.translator/pkg/deployment/api_logger.go:174.21,176.3 1 1
digital.vasic.translator/pkg/deployment/api_logger.go:177.2,177.42 1 0
digital.vasic.translator/pkg/deployment/api_logger.go:181.73,182.20 1 1
digital.vasic.translator/pkg/deployment/api_logger.go:183.11,184.14 1 1
digital.vasic.translator/pkg/deployment/api_logger.go:185.11,186.19 1 0
digital.vasic.translator/pkg/deployment/api_logger.go:187.11,188.22 1 0
digital.vasic.translator/pkg/deployment/api_logger.go:189.11,190.23 1 0
digital.vasic.translator/pkg/deployment/api_logger.go:191.11,192.24 1 0
digital.vasic.translator/pkg/deployment/api_logger.go:193.11,194.21 1 0
digital.vasic.translator/pkg/deployment/api_logger.go:195.11,196.21 1 0
digital.vasic.translator/pkg/deployment/api_logger.go:197.11,198.30 1 0
digital.vasic.translator/pkg/deployment/api_logger.go:199.11,200.20 1 0
digital.vasic.translator/pkg/deployment/api_logger.go:201.11,202.32 1 0
digital.vasic.translator/pkg/deployment/api_logger.go:203.11,204.29 1 0
digital.vasic.translator/pkg/deployment/api_logger.go:205.11,206.33 1 0
digital.vasic.translator/pkg/deployment/api_logger.go:207.11,208.23 1 0
digital.vasic.translator/pkg/deployment/api_logger.go:209.11,210.31 1 0
digital.vasic.translator/pkg/deployment/api_logger.go:211.11,212.27 1 0
digital.vasic.translator/pkg/deployment/api_logger.go:213.10,214.12 1 0
digital.vasic.translator/pkg/deployment/docker_orchestrator.go:68.95,81.2 4 0
digital.vasic.translator/pkg/deployment/docker_orchestrator.go:84.89,97.81 3 0
digital.vasic.translator/pkg/deployment/docker_orchestrator.go:97.81,99.3 1 0
digital.vasic.translator/pkg/deployment/docker_orchestrator.go:102.2,102.38 1 0
digital.vasic.translator/pkg/deployment/docker_orchestrator.go:102.38,104.84 2 0
digital.vasic.translator/pkg/deployment/docker_orchestrator.go:104.84,106.4 1 0
digital.vasic.translator/pkg/deployment/docker_orchestrator.go:110.2,114.72 3 0
digital.vasic.translator/pkg/deployment/docker_orchestrator.go:114.72,116.3 1 0
digital.vasic.translator/pkg/deployment/docker_orchestrator.go:118.2,119.25 2 0
digital.vasic.translator/pkg/deployment/docker_orchestrator.go:123.136,135.33 2 0
digital.vasic.translator/pkg/deployment/docker_orchestrator.go:135.33,137.52 2 0
digital.vasic.translator/pkg/deployment/docker_orchestrator.go:137.52,139.4 1 0
digital.vasic.translator/pkg/deployment/docker_orchestrator.go:140.3,140.49 1 0
digital.vasic.translator/pkg/deployment/docker_orchestrator.go:144.2,144.37 1 0
digital.vasic.translator/pkg/deployment/docker_orchestrator.go:144.37,146.22 2 0
digital.vasic.translator/pkg/deployment/docker_orchestrator.go:146.22,148.4 1 0
digital.vasic.translator/pkg/deployment/docker_orchestrator.go:149.3,149.55 1 0
digital.vasic.translator/pkg/deployment/docker_orchestrator.go:153.2,153.28 1 0
digital.vasic.translator/pkg/deployment/docker_orchestrator.go:153.28,161.3 1 0
digital.vasic.translator/pkg/deployment/docker_orchestrator.go:163.2,164.12 2 0
digital.vasic.translator/pkg/deployment/docker_orchestrator.go:168.89,206.2 4 0
digital.vasic.translator/pkg/deployment/docker_orchestrator.go:209.45,210.12 1 0
digital.vasic.translator/pkg/deployment/docker_orchestrator.go:210.12,212.3 1 0
digital.vasic.translator/pkg/deployment/docker_orchestrator.go:213.2,213.19 1 0
digital.vasic.translator/pkg/deployment/docker_orchestrator.go:217.96,219.16 2 0
digital.vasic.translator/pkg/deployment/docker_orchestrator.go:219.16,221.3 1 0
digital.vasic.translator/pkg/deployment/docker_orchestrator.go:222.2,226.31 4 0
digital.vasic.translator/pkg/deployment/docker_orchestrator.go:230.96,236.16 4 0
digital.vasic.translator/pkg/deployment/docker_orchestrator.go:236.16,238.3 1 0
digital.vasic.translator/pkg/deployment/docker_orchestrator.go:239.2,239.15 1 0
digital.vasic.translator/pkg/deployment/docker_orchestrator.go:239.15,239.39 1 0
digital.vasic.translator/pkg/deployment/docker_orchestrator.go:241.2,241.45 1 0
digital.vasic.translator/pkg/deployment/docker_orchestrator.go:241.45,243.3 1 0
digital.vasic.translator/pkg/deployment/docker_orchestrator.go:246.2,246.58 1 0
digital.vasic.translator/pkg/deployment/docker_orchestrator.go:246.58,248.3 1 0
digital.vasic.translator/pkg/deployment/docker_orchestrator.go:251.2,251.62 1 0
digital.vasic.translator/pkg/deployment/docker_orchestrator.go:251.62,253.3 1 0
digital.vasic.translator/pkg/deployment/docker_orchestrator.go:256.2,256.67 1 0
digital.vasic.translator/pkg/deployment/docker_orchestrator.go:256.67,258.3 1 0
digital.vasic.translator/pkg/deployment/docker_orchestrator.go:260.2,269.12 2 0
digital.vasic.translator/pkg/deployment/docker_orchestrator.go:273.92,278.16 4 0
digital.vasic.translator/pkg/deployment/docker_orchestrator.go:278.16,280.3 1 0
digital.vasic.translator/pkg/deployment/docker_orchestrator.go:282.2,283.12 2 0
digital.vasic.translator/pkg/deployment/docker_orchestrator.go:287.100,294.6 5 0
digital.vasic.translator/pkg/deployment/docker_orchestrator.go:294.6,295.10 1 0
digital.vasic.translator/pkg/deployment/docker_orchestrator.go:296.21,297.20 1 0
digital.vasic.translator/pkg/deployment/docker_orchestrator.go:298.18,299.71 1 0
digital.vasic.translator/pkg/deployment/docker_orchestrator.go:300.19,301.75 1 0
digital.vasic.translator/pkg/deployment/docker_orchestrator.go:301.75,303.5 1 0
digital.vasic.translator/pkg/deployment/docker_orchestrator.go:303.10,303.22 1 0
digital.vasic.translator/pkg/deployment/docker_orchestrator.go:303.22,306.5 2 0
digital.vasic.translator/pkg/deployment/docker_orchestrator.go:312.105,317.16 4 0
digital.vasic.translator/pkg/deployment/docker_orchestrator.go:317.16,319.3 1 0
digital.vasic.translator/pkg/deployment/docker_orchestrator.go:323.2,324.86 2 0
digital.vasic.translator/pkg/deployment/docker_orchestrator.go:324.86,326.3 1 0
digital.vasic.translator/pkg/deployment/docker_orchestrator.go:328.2,328.19 1 0
digital.vasic.translator/pkg/deployment/docker_orchestrator.go:332.105,337.16 4 0
digital.vasic.translator/pkg/deployment/docker_orchestrator.go:337.16,339.3 1 0
digital.vasic.translator/pkg/deployment/docker_orchestrator.go:341.2,342.12 2 0
digital.vasic.translator/pkg/deployment/docker_orchestrator.go:346.114,351.16 4 0
digital.vasic.translator/pkg/deployment/docker_orchestrator.go:351.16,353.3 1 0
digital.vasic.translator/pkg/deployment/docker_orchestrator.go:355.2,355.28 1 0
digital.vasic.translator/pkg/deployment/docker_orchestrator.go:359.73,366.16 5 0
digital.vasic.translator/pkg/deployment/docker_orchestrator.go:366.16,368.3 1 0
digital.vasic.translator/pkg/deployment/docker_orchestrator.go:370.2,371.12 2 0
digital.vasic.translator/pkg/deployment/docker_orchestrator.go:375.102,379.71 2 0
digital.vasic.translator/pkg/deployment/docker_orchestrator.go:379.71,381.3 1 0
digital.vasic.translator/pkg/deployment/docker_orchestrator.go:384.2,384.75 1 0
digital.vasic.translator/pkg/deployment/docker_orchestrator.go:384.75,386.3 1 0
digital.vasic.translator/pkg/deployment/docker_orchestrator.go:389.2,389.67 1 0
digital.vasic.translator/pkg/deployment/docker_orchestrator.go:389.67,391.3 1 0
digital.vasic.translator/pkg/deployment/docker_orchestrator.go:393.2,404.12 3 0
digital.vasic.translator/pkg/deployment/docker_orchestrator.go:408.93,411.74 2 0
digital.vasic.translator/pkg/deployment/docker_orchestrator.go:411.74,413.3 1 0
digital.vasic.translator/pkg/deployment/docker_orchestrator.go:416.2,416.67 1 0
digital.vasic.translator/pkg/deployment/docker_orchestrator.go:416.67,418.3 1 0
digital.vasic.translator/pkg/deployment/docker_orchestrator.go:420.2,430.12 3 0
digital.vasic.translator/pkg/deployment/docker_orchestrator.go:434.76,438.58 2 0
digital.vasic.translator/pkg/deployment/docker_orchestrator.go:438.58,440.3 1 0
digital.vasic.translator/pkg/deployment/docker_orchestrator.go:443.2,443.62 1 0
digital.vasic.translator/pkg/deployment/docker_orchestrator.go:443.62,445.3 1 0
digital.vasic.translator/pkg/deployment/docker_orchestrator.go:448.2,448.70 1 0
digital.vasic.translator/pkg/deployment/docker_orchestrator.go:448.70,450.3 1 0
digital.vasic.translator/pkg/deployment/docker_orchestrator.go:452.2,459.12 3 0
digital.vasic.translator/pkg/deployment/docker_orchestrator.go:463.77,466.61 2 0
digital.vasic.translator/pkg/deployment/docker_orchestrator.go:466.61,468.3 1 0
digital.vasic.translator/pkg/deployment/docker_orchestrator.go:471.2,471.70 1 0
digital.vasic.translator/pkg/deployment/docker_orchestrator.go:471.70,473.3 1 0
digital.vasic.translator/pkg/deployment/docker_orchestrator.go:475.2,482.12 3 0
digital.vasic.translator/pkg/deployment/docker_orchestrator.go:486.100,493.6 5 0
digital.vasic.translator/pkg/deployment/docker_orchestrator.go:493.6,494.10 1 0
digital.vasic.translator/pkg/deployment/docker_orchestrator.go:495.21,496.20 1 0
digital.vasic.translator/pkg/deployment/docker_orchestrator.go:497.18,498.86 1 0
digital.vasic.translator/pkg/deployment/docker_orchestrator.go:499.19,500.75 1 0
digital.vasic.translator/pkg/deployment/docker_orchestrator.go:500.75,502.5 1 0
digital.vasic.translator/pkg/deployment/docker_orchestrator.go:502.10,502.22 1 0
digital.vasic.translator/pkg/deployment/docker_orchestrator.go:502.22,505.5 2 0
digital.vasic.translator/pkg/deployment/docker_orchestrator.go:511.105,516.16 4 0
digital.vasic.translator/pkg/deployment/docker_orchestrator.go:516.16,518.3 1 0
digital.vasic.translator/pkg/deployment/docker_orchestrator.go:521.2,522.86 2 0
digital.vasic.translator/pkg/deployment/docker_orchestrator.go:522.86,524.3 1 0
digital.vasic.translator/pkg/deployment/docker_orchestrator.go:526.2,526.19 1 0
digital.vasic.translator/pkg/deployment/docker_orchestrator.go:530.105,535.16 4 0
digital.vasic.translator/pkg/deployment/docker_orchestrator.go:535.16,537.3 1 0
digital.vasic.translator/pkg/deployment/docker_orchestrator.go:539.2,539.47 1 0
digital.vasic.translator/pkg/deployment/docker_orchestrator.go:543.47,546.52 2 0
digital.vasic.translator/pkg/deployment/docker_orchestrator.go:546.52,548.3 1 0
digital.vasic.translator/pkg/deployment/docker_orchestrator.go:550.2,550.12 1 0
digital.vasic.translator/pkg/deployment/docker_orchestrator.go:554.61,555.24 1 0
digital.vasic.translator/pkg/deployment/docker_orchestrator.go:555.24,557.3 1 0
digital.vasic.translator/pkg/deployment/network_discovery.go:31.86,43.2 2 1
digital.vasic.translator/pkg/deployment/network_discovery.go:46.115,51.16 3 1
digital.vasic.translator/pkg/deployment/network_discovery.go:51.16,53.3 1 0
digital.vasic.translator/pkg/deployment/network_discovery.go:54.2,60.12 5 1
digital.vasic.translator/pkg/deployment/network_discovery.go:64.72,69.16 3 1
digital.vasic.translator/pkg/deployment/network_discovery.go:69.16,71.3 1 0
digital.vasic.translator/pkg/deployment/network_discovery.go:72.2,78.12 5 1
digital.vasic.translator/pkg/deployment/network_discovery.go:82.80,84.16 2 1
digital.vasic.translator/pkg/deployment/network_discovery.go:84.16,86.3 1 0
digital.vasic.translator/pkg/deployment/network_discovery.go:88.2,89.16 2 1
digital.vasic.translator/pkg/deployment/network_discovery.go:89.16,91.3 1 0
digital.vasic.translator/pkg/deployment/network_discovery.go:93.2,93.18 1 1
digital.vasic.translator/pkg/deployment/network_discovery.go:97.80,99.16 2 1
digital.vasic.translator/pkg/deployment/network_discovery.go:99.16,101.3 1 0
digital.vasic.translator/pkg/deployment/network_discovery.go:103.2,104.16 2 1
digital.vasic.translator/pkg/deployment/network_discovery.go:104.16,106.3 1 0
digital.vasic.translator/pkg/deployment/network_discovery.go:108.2,108.18 1 1
digital.vasic.translator/pkg/deployment/network_discovery.go:112.105,117.6 4 1
digital.vasic.translator/pkg/deployment/network_discovery.go:117.6,118.10 1 1
digital.vasic.translator/pkg/deployment/network_discovery.go:119.21,120.10 1 1
digital.vasic.translator/pkg/deployment/network_discovery.go:121.24,122.10 1 0
digital.vasic.translator/pkg/deployment/network_discovery.go:123.19,124.35 1 0
digital.vasic.translator/pkg/deployment/network_discovery.go:130.88,131.37 1 0
digital.vasic.translator/pkg/deployment/network_discovery.go:131.37,145.58 2 0
digital.vasic.translator/pkg/deployment/network_discovery.go:145.58,147.4 1 0
digital.vasic.translator/pkg/deployment/network_discovery.go:152.83,154.16 2 0
digital.vasic.translator/pkg/deployment/network_discovery.go:154.16,156.3 1 0
digital.vasic.translator/pkg/deployment/network_discovery.go:158.2,159.12 2 0
digital.vasic.translator/pkg/deployment/network_discovery.go:163.65,168.6 3 1
digital.vasic.translator/pkg/deployment/network_discovery.go:168.6,169.10 1 1
digital.vasic.translator/pkg/deployment/network_discovery.go:170.21,171.10 1 1
digital.vasic.translator/pkg/deployment/network_discovery.go:172.24,173.10 1 0
digital.vasic.translator/pkg/deployment/network_discovery.go:174.11,175.92 1 1
digital.vasic.translator/pkg/deployment/network_discovery.go:175.92,177.13 2 0
digital.vasic.translator/pkg/deployment/network_discovery.go:180.4,181.18 2 1
digital.vasic.translator/pkg/deployment/network_discovery.go:181.18,182.62 1 1
digital.vasic.translator/pkg/deployment/network_discovery.go:182.62,183.14 1 0
digital.vasic.translator/pkg/deployment/network_discovery.go:185.5,186.13 2 1
digital.vasic.translator/pkg/deployment/network_discovery.go:189.4,189.70 1 0
digital.vasic.translator/pkg/deployment/network_discovery.go:189.70,191.5 1 0
digital.vasic.translator/pkg/deployment/network_discovery.go:197.91,199.55 2 0
digital.vasic.translator/pkg/deployment/network_discovery.go:199.55,201.3 1 0
digital.vasic.translator/pkg/deployment/network_discovery.go:204.2,204.40 1 0
digital.vasic.translator/pkg/deployment/network_discovery.go:204.40,206.3 1 0
digital.vasic.translator/pkg/deployment/network_discovery.go:208.2,226.12 6 0
digital.vasic.translator/pkg/deployment/network_discovery.go:230.66,234.2 1 0
digital.vasic.translator/pkg/deployment/network_discovery.go:237.77,238.73 1 1
digital.vasic.translator/pkg/deployment/network_discovery.go:238.73,240.3 1 1
digital.vasic.translator/pkg/deployment/network_discovery.go:241.2,241.36 1 1
digital.vasic.translator/pkg/deployment/network_discovery.go:241.36,243.3 1 1
digital.vasic.translator/pkg/deployment/network_discovery.go:244.2,244.18 1 1
digital.vasic.translator/pkg/deployment/network_discovery.go:248.38,252.2 1 1
digital.vasic.translator/pkg/deployment/network_discovery.go:254.44,255.43 1 1
digital.vasic.translator/pkg/deployment/network_discovery.go:255.43,256.35 1 1
digital.vasic.translator/pkg/deployment/network_discovery.go:256.35,258.4 1 1
digital.vasic.translator/pkg/deployment/network_discovery.go:260.2,260.14 1 1
digital.vasic.translator/pkg/deployment/network_discovery.go:264.81,270.39 4 1
digital.vasic.translator/pkg/deployment/network_discovery.go:270.39,271.46 1 1
digital.vasic.translator/pkg/deployment/network_discovery.go:271.46,273.4 1 1
digital.vasic.translator/pkg/deployment/network_discovery.go:276.2,277.32 2 1
digital.vasic.translator/pkg/deployment/network_discovery.go:277.32,279.3 1 0
digital.vasic.translator/pkg/deployment/network_discovery.go:280.2,280.15 1 1
digital.vasic.translator/pkg/deployment/network_discovery.go:284.121,288.2 1 0
digital.vasic.translator/pkg/deployment/network_discovery.go:291.44,296.29 3 1
digital.vasic.translator/pkg/deployment/network_discovery.go:296.29,298.3 1 1
digital.vasic.translator/pkg/deployment/network_discovery.go:300.2,300.29 1 1
digital.vasic.translator/pkg/deployment/network_discovery.go:300.29,302.3 1 1
digital.vasic.translator/pkg/deployment/network_discovery.go:304.2,305.12 2 1
digital.vasic.translator/pkg/deployment/orchestrator.go:82.103,90.16 5 1
digital.vasic.translator/pkg/deployment/orchestrator.go:90.16,93.3 2 0
digital.vasic.translator/pkg/deployment/orchestrator.go:95.2,103.3 1 1
digital.vasic.translator/pkg/deployment/orchestrator.go:107.118,111.66 2 1
digital.vasic.translator/pkg/deployment/orchestrator.go:111.66,113.3 1 1
digital.vasic.translator/pkg/deployment/orchestrator.go:116.2,116.72 1 0
digital.vasic.translator/pkg/deployment/orchestrator.go:116.72,118.3 1 0
digital.vasic.translator/pkg/deployment/orchestrator.go:121.2,121.48 1 0
digital.vasic.translator/pkg/deployment/orchestrator.go:121.48,122.67 1 0
digital.vasic.translator/pkg/deployment/orchestrator.go:122.67,124.12 2 0
digital.vasic.translator/pkg/deployment/orchestrator.go:129.2,129.68 1 0
digital.vasic.translator/pkg/deployment/orchestrator.go:129.68,131.3 1 0
digital.vasic.translator/pkg/deployment/orchestrator.go:134.2,134.59 1 0
digital.vasic.translator/pkg/deployment/orchestrator.go:134.59,136.3 1 0
digital.vasic.translator/pkg/deployment/orchestrator.go:138.2,149.12 2 0
digital.vasic.translator/pkg/deployment/orchestrator.go:153.104,158.16 3 0
digital.vasic.translator/pkg/deployment/orchestrator.go:158.16,160.3 1 0
digital.vasic.translator/pkg/deployment/orchestrator.go:163.2,167.16 3 0
digital.vasic.translator/pkg/deployment/orchestrator.go:167.16,169.3 1 0
digital.vasic.translator/pkg/deployment/orchestrator.go:172.2,187.12 6 0
digital.vasic.translator/pkg/deployment/orchestrator.go:191.117,196.16 3 0
digital.vasic.translator/pkg/deployment/orchestrator.go:196.16,198.3 1 0
digital.vasic.translator/pkg/deployment/orchestrator.go:201.2,204.28 2 0
digital.vasic.translator/pkg/deployment/orchestrator.go:204.28,206.3 1 0
digital.vasic.translator/pkg/deployment/orchestrator.go:207.2,212.16 4 0
digital.vasic.translator/pkg/deployment/orchestrator.go:212.16,214.3 1 0
digital.vasic.translator/pkg/deployment/orchestrator.go:217.2,232.12 6 0
digital.vasic.translator/pkg/deployment/orchestrator.go:236.98,237.62 1 1
digital.vasic.translator/pkg/deployment/orchestrator.go:237.62,238.37 1 1
digital.vasic.translator/pkg/deployment/orchestrator.go:238.37,240.4 1 1
digital.vasic.translator/pkg/deployment/orchestrator.go:242.2,242.98 1 0
digital.vasic.translator/pkg/deployment/orchestrator.go:246.79,249.16 3 1
digital.vasic.translator/pkg/deployment/orchestrator.go:249.16,251.3 1 1
digital.vasic.translator/pkg/deployment/orchestrator.go:252.2,253.14 2 0
digital.vasic.translator/pkg/deployment/orchestrator.go:257.104,264.6 5 0
digital.vasic.translator/pkg/deployment/orchestrator.go:264.6,265.10 1 0
digital.vasic.translator/pkg/deployment/orchestrator.go:266.21,267.20 1 0
digital.vasic.translator/pkg/deployment/orchestrator.go:268.18,269.58 1 0
digital.vasic.translator/pkg/deployment/orchestrator.go:270.19,274.42 3 0
digital.vasic.translator/pkg/deployment/orchestrator.go:274.42,276.19 2 0
digital.vasic.translator/pkg/deployment/orchestrator.go:276.19,279.14 3 0
digital.vasic.translator/pkg/deployment/orchestrator.go:282.5,282.17 1 0
digital.vasic.translator/pkg/deployment/orchestrator.go:282.17,284.14 2 0
digital.vasic.translator/pkg/deployment/orchestrator.go:287.5,290.25 4 0
digital.vasic.translator/pkg/deployment/orchestrator.go:292.4,294.18 2 0
digital.vasic.translator/pkg/deployment/orchestrator.go:294.18,297.5 2 0
digital.vasic.translator/pkg/deployment/orchestrator.go:303.118,305.2 1 0
digital.vasic.translator/pkg/deployment/orchestrator.go:308.89,312.74 2 0
digital.vasic.translator/pkg/deployment/orchestrator.go:312.74,314.3 1 0
digital.vasic.translator/pkg/deployment/orchestrator.go:317.2,317.58 1 0
digital.vasic.translator/pkg/deployment/orchestrator.go:317.58,319.3 1 0
digital.vasic.translator/pkg/deployment/orchestrator.go:321.2,322.12 2 0
digital.vasic.translator/pkg/deployment/orchestrator.go:326.86,327.22 1 1
digital.vasic.translator/pkg/deployment/orchestrator.go:327.22,329.3 1 1
digital.vasic.translator/pkg/deployment/orchestrator.go:331.2,331.28 1 1
digital.vasic.translator/pkg/deployment/orchestrator.go:331.28,333.3 1 1
digital.vasic.translator/pkg/deployment/orchestrator.go:336.2,336.61 1 1
digital.vasic.translator/pkg/deployment/orchestrator.go:336.61,338.3 1 0
digital.vasic.translator/pkg/deployment/orchestrator.go:341.2,341.38 1 1
digital.vasic.translator/pkg/deployment/orchestrator.go:341.38,342.59 1 1
digital.vasic.translator/pkg/deployment/orchestrator.go:342.59,344.4 1 0
digital.vasic.translator/pkg/deployment/orchestrator.go:347.2,347.12 1 1
digital.vasic.translator/pkg/deployment/orchestrator.go:351.87,352.20 1 1
digital.vasic.translator/pkg/deployment/orchestrator.go:352.20,354.3 1 0
digital.vasic.translator/pkg/deployment/orchestrator.go:356.2,356.20 1 1
digital.vasic.translator/pkg/deployment/orchestrator.go:356.20,358.3 1 0
digital.vasic.translator/pkg/deployment/orchestrator.go:360.2,360.27 1 1
digital.vasic.translator/pkg/deployment/orchestrator.go:360.27,362.3 1 0
digital.vasic.translator/pkg/deployment/orchestrator.go:364.2,364.29 1 1
digital.vasic.translator/pkg/deployment/orchestrator.go:364.29,366.3 1 0
digital.vasic.translator/pkg/deployment/orchestrator.go:368.2,368.25 1 1
digital.vasic.translator/pkg/deployment/orchestrator.go:368.25,370.3 1 0
digital.vasic.translator/pkg/deployment/orchestrator.go:372.2,372.12 1 1
digital.vasic.translator/pkg/deployment/orchestrator.go:376.64,380.39 3 0
digital.vasic.translator/pkg/deployment/orchestrator.go:380.39,381.44 1 0
digital.vasic.translator/pkg/deployment/orchestrator.go:381.44,383.4 1 0
digital.vasic.translator/pkg/deployment/orchestrator.go:385.2,385.11 1 0
digital.vasic.translator/pkg/deployment/orchestrator.go:389.87,394.32 4 1
digital.vasic.translator/pkg/deployment/orchestrator.go:394.32,396.3 1 1
digital.vasic.translator/pkg/deployment/orchestrator.go:397.2,397.15 1 1
digital.vasic.translator/pkg/deployment/orchestrator.go:401.65,402.24 1 0
digital.vasic.translator/pkg/deployment/orchestrator.go:402.24,404.3 1 0
digital.vasic.translator/pkg/deployment/orchestrator.go:408.106,415.13 5 0
digital.vasic.translator/pkg/deployment/orchestrator.go:415.13,417.3 1 0
digital.vasic.translator/pkg/deployment/orchestrator.go:420.2,424.16 3 0
digital.vasic.translator/pkg/deployment/orchestrator.go:424.16,426.3 1 0
digital.vasic.translator/pkg/deployment/orchestrator.go:429.2,436.79 6 0
digital.vasic.translator/pkg/deployment/orchestrator.go:436.79,438.3 1 0
digital.vasic.translator/pkg/deployment/orchestrator.go:440.2,457.12 7 0
digital.vasic.translator/pkg/deployment/orchestrator.go:461.80,466.39 4 0
digital.vasic.translator/pkg/deployment/orchestrator.go:466.39,468.3 1 0
digital.vasic.translator/pkg/deployment/orchestrator.go:469.2,471.37 2 0
digital.vasic.translator/pkg/deployment/orchestrator.go:471.37,472.99 1 0
digital.vasic.translator/pkg/deployment/orchestrator.go:472.99,474.4 1 0
digital.vasic.translator/pkg/deployment/orchestrator.go:477.2,484.12 3 0
digital.vasic.translator/pkg/deployment/orchestrator.go:488.97,495.13 5 0
digital.vasic.translator/pkg/deployment/orchestrator.go:495.13,497.3 1 0
digital.vasic.translator/pkg/deployment/orchestrator.go:500.2,500.74 1 0
digital.vasic.translator/pkg/deployment/orchestrator.go:500.74,502.3 1 0
digital.vasic.translator/pkg/deployment/orchestrator.go:505.2,511.79 5 0
digital.vasic.translator/pkg/deployment/orchestrator.go:511.79,513.3 1 0
digital.vasic.translator/pkg/deployment/orchestrator.go:515.2,530.12 7 0
digital.vasic.translator/pkg/deployment/orchestrator.go:534.81,539.39 4 0
digital.vasic.translator/pkg/deployment/orchestrator.go:539.39,541.3 1 0
digital.vasic.translator/pkg/deployment/orchestrator.go:542.2,544.37 2 0
digital.vasic.translator/pkg/deployment/orchestrator.go:544.37,545.61 1 0
digital.vasic.translator/pkg/deployment/orchestrator.go:545.61,547.4 1 0
digital.vasic.translator/pkg/deployment/orchestrator.go:550.2,557.12 3 0
digital.vasic.translator/pkg/deployment/orchestrator.go:561.135,566.6 4 0
digital.vasic.translator/pkg/deployment/orchestrator.go:566.6,567.10 1 0
digital.vasic.translator/pkg/deployment/orchestrator.go:568.21,569.20 1 0
digital.vasic.translator/pkg/deployment/orchestrator.go:570.22,571.87 1 0
digital.vasic.translator/pkg/deployment/orchestrator.go:572.19,574.18 2 0
digital.vasic.translator/pkg/deployment/orchestrator.go:574.18,576.13 2 0
digital.vasic.translator/pkg/deployment/orchestrator.go:579.4,579.15 1 0
digital.vasic.translator/pkg/deployment/orchestrator.go:579.15,581.5 1 0
digital.vasic.translator/pkg/deployment/orchestrator.go:587.49,590.25 2 1
digital.vasic.translator/pkg/deployment/orchestrator.go:590.25,592.3 1 1
digital.vasic.translator/pkg/deployment/orchestrator.go:594.2,594.26 1 1
digital.vasic.translator/pkg/deployment/orchestrator.go:594.26,596.3 1 1
digital.vasic.translator/pkg/deployment/orchestrator.go:598.2,598.24 1 1
digital.vasic.translator/pkg/deployment/orchestrator.go:598.24,600.3 1 1
digital.vasic.translator/pkg/deployment/orchestrator.go:602.2,602.12 1 1
digital.vasic.translator/pkg/deployment/ssh_deployer.go:20.54,24.2 1 1
digital.vasic.translator/pkg/deployment/ssh_deployer.go:27.102,32.16 3 0
digital.vasic.translator/pkg/deployment/ssh_deployer.go:32.16,34.3 1 0
digital.vasic.translator/pkg/deployment/ssh_deployer.go:35.2,38.53 2 0
digital.vasic.translator/pkg/deployment/ssh_deployer.go:38.53,40.3 1 0
digital.vasic.translator/pkg/deployment/ssh_deployer.go:43.2,43.70 1 0
digital.vasic.translator/pkg/deployment/ssh_deployer.go:43.70,45.3 1 0
digital.vasic.translator/pkg/deployment/ssh_deployer.go:48.2,48.87 1 0
digital.vasic.translator/pkg/deployment/ssh_deployer.go:48.87,50.3 1 0
digital.vasic.translator/pkg/deployment/ssh_deployer.go:53.2,54.16 2 0
digital.vasic.translator/pkg/deployment/ssh_deployer.go:54.16,56.3 1 0
digital.vasic.translator/pkg/deployment/ssh_deployer.go:58.2,59.25 2 0
digital.vasic.translator/pkg/deployment/ssh_deployer.go:63.82,76.16 3 0
digital.vasic.translator/pkg/deployment/ssh_deployer.go:76.16,78.3 1 0
digital.vasic.translator/pkg/deployment/ssh_deployer.go:80.2,80.20 1 0
digital.vasic.translator/pkg/deployment/ssh_deployer.go:84.84,86.16 2 0
digital.vasic.translator/pkg/deployment/ssh_deployer.go:86.16,88.3 1 0
digital.vasic.translator/pkg/deployment/ssh_deployer.go:89.2,92.52 2 0
digital.vasic.translator/pkg/deployment/ssh_deployer.go:92.52,94.3 1 0
digital.vasic.translator/pkg/deployment/ssh_deployer.go:97.2,98.16 2 0
digital.vasic.translator/pkg/deployment/ssh_deployer.go:98.16,100.3 1 0
digital.vasic.translator/pkg/deployment/ssh_deployer.go:101.2,104.74 2 0
digital.vasic.translator/pkg/deployment/ssh_deployer.go:104.74,107.17 2 0
digital.vasic.translator/pkg/deployment/ssh_deployer.go:107.17,109.4 1 0
digital.vasic.translator/pkg/deployment/ssh_deployer.go:110.3,112.68 2 0
digital.vasic.translator/pkg/deployment/ssh_deployer.go:112.68,114.4 1 0
digital.vasic.translator/pkg/deployment/ssh_deployer.go:117.2,117.12 1 0
digital.vasic.translator/pkg/deployment/ssh_deployer.go:121.95,123.16 2 0
digital.vasic.translator/pkg/deployment/ssh_deployer.go:123.16,125.3 1 0
digital.vasic.translator/pkg/deployment/ssh_deployer.go:126.2,129.25 3 0
digital.vasic.translator/pkg/deployment/ssh_deployer.go:133.118,135.16 2 0
digital.vasic.translator/pkg/deployment/ssh_deployer.go:135.16,137.3 1 0
digital.vasic.translator/pkg/deployment/ssh_deployer.go:138.2,142.41 3 0
digital.vasic.translator/pkg/deployment/ssh_deployer.go:142.41,144.3 1 0
digital.vasic.translator/pkg/deployment/ssh_deployer.go:146.2,147.16 2 0
digital.vasic.translator/pkg/deployment/ssh_deployer.go:147.16,149.3 1 0
digital.vasic.translator/pkg/deployment/ssh_deployer.go:150.2,154.41 3 0
digital.vasic.translator/pkg/deployment/ssh_deployer.go:154.41,156.3 1 0
digital.vasic.translator/pkg/deployment/ssh_deployer.go:158.2,158.12 1 0
digital.vasic.translator/pkg/deployment/ssh_deployer.go:162.131,164.16 2 0
digital.vasic.translator/pkg/deployment/ssh_deployer.go:164.16,166.3 1 0
digital.vasic.translator/pkg/deployment/ssh_deployer.go:167.2,179.41 7 0
digital.vasic.translator/pkg/deployment/ssh_deployer.go:179.41,181.3 1 0
digital.vasic.translator/pkg/deployment/ssh_deployer.go:184.2,185.23 2 0
digital.vasic.translator/pkg/deployment/ssh_deployer.go:185.23,187.3 1 0
digital.vasic.translator/pkg/deployment/ssh_deployer.go:189.2,189.25 1 0
digital.vasic.translator/pkg/deployment/ssh_deployer.go:193.79,199.32 4 0
digital.vasic.translator/pkg/deployment/ssh_deployer.go:199.32,202.3 2 0
digital.vasic.translator/pkg/deployment/ssh_deployer.go:202.8,204.3 1 0
digital.vasic.translator/pkg/deployment/ssh_deployer.go:207.2,207.42 1 0
digital.vasic.translator/pkg/deployment/ssh_deployer.go:207.42,210.3 2 0
digital.vasic.translator/pkg/deployment/ssh_deployer.go:213.2,213.36 1 0
digital.vasic.translator/pkg/deployment/ssh_deployer.go:213.36,215.52 2 0
digital.vasic.translator/pkg/deployment/ssh_deployer.go:215.52,218.4 2 0
digital.vasic.translator/pkg/deployment/ssh_deployer.go:222.2,222.40 1 0
digital.vasic.translator/pkg/deployment/ssh_deployer.go:222.40,227.22 5 0
digital.vasic.translator/pkg/deployment/ssh_deployer.go:227.22,229.4 1 0
digital.vasic.translator/pkg/deployment/ssh_deployer.go:233.2,233.45 1 0
digital.vasic.translator/pkg/deployment/ssh_deployer.go:233.45,239.3 5 0
digital.vasic.translator/pkg/deployment/ssh_deployer.go:242.2,242.31 1 0
digital.vasic.translator/pkg/deployment/ssh_deployer.go:242.31,247.38 4 0
digital.vasic.translator/pkg/deployment/ssh_deployer.go:247.38,249.4 1 0
digital.vasic.translator/pkg/deployment/ssh_deployer.go:250.3,250.37 1 0
digital.vasic.translator/pkg/deployment/ssh_deployer.go:250.37,252.4 1 0
digital.vasic.translator/pkg/deployment/ssh_deployer.go:253.3,253.37 1 0
digital.vasic.translator/pkg/deployment/ssh_deployer.go:253.37,255.4 1 0
digital.vasic.translator/pkg/deployment/ssh_deployer.go:256.3,256.41 1 0
digital.vasic.translator/pkg/deployment/ssh_deployer.go:256.41,258.4 1 0
digital.vasic.translator/pkg/deployment/ssh_deployer.go:262.2,265.21 3 0
digital.vasic.translator/pkg/deployment/ssh_deployer.go:269.102,277.16 4 0
digital.vasic.translator/pkg/deployment/ssh_deployer.go:277.16,279.3 1 0
digital.vasic.translator/pkg/deployment/ssh_deployer.go:280.2,282.46 2 0
digital.vasic.translator/pkg/deployment/ssh_deployer.go:286.115,288.16 2 0
digital.vasic.translator/pkg/deployment/ssh_deployer.go:288.16,290.3 1 0
digital.vasic.translator/pkg/deployment/ssh_deployer.go:291.2,294.16 3 0
digital.vasic.translator/pkg/deployment/ssh_deployer.go:294.16,296.3 1 0
digital.vasic.translator/pkg/deployment/ssh_deployer.go:297.2,305.41 6 0
digital.vasic.translator/pkg/deployment/ssh_deployer.go:305.41,307.3 1 0
digital.vasic.translator/pkg/deployment/ssh_deployer.go:309.2,309.29 1 0
digital.vasic.translator/pkg/deployment/ssh_deployer.go:313.90,315.16 2 0
digital.vasic.translator/pkg/deployment/ssh_deployer.go:315.16,317.3 1 0
digital.vasic.translator/pkg/deployment/ssh_deployer.go:318.2,321.16 3 0
digital.vasic.translator/pkg/deployment/ssh_deployer.go:321.16,323.3 1 0
digital.vasic.translator/pkg/deployment/ssh_deployer.go:324.2,327.25 3 0
digital.vasic.translator/pkg/deployment/ssh_deployer.go:331.92,333.16 2 0
digital.vasic.translator/pkg/deployment/ssh_deployer.go:333.16,335.3 1 0
digital.vasic.translator/pkg/deployment/ssh_deployer.go:336.2,339.16 3 0
digital.vasic.translator/pkg/deployment/ssh_deployer.go:339.16,341.3 1 0
digital.vasic.translator/pkg/deployment/ssh_deployer.go:342.2,345.25 3 0
digital.vasic.translator/pkg/deployment/ssh_deployer.go:349.102,353.16 3 0
digital.vasic.translator/pkg/deployment/ssh_deployer.go:353.16,355.3 1 0
digital.vasic.translator/pkg/deployment/ssh_deployer.go:356.2,359.16 3 0
digital.vasic.translator/pkg/deployment/ssh_deployer.go:359.16,361.3 1 0
digital.vasic.translator/pkg/deployment/ssh_deployer.go:362.2,366.45 3 0
digital.vasic.translator/pkg/deployment/ssh_deployer.go:366.45,368.3 1 0
digital.vasic.translator/pkg/deployment/ssh_deployer.go:371.2,372.47 2 0
digital.vasic.translator/pkg/deployment/ssh_deployer.go:372.47,374.3 1 0
digital.vasic.translator/pkg/deployment/ssh_deployer.go:377.2,379.16 3 0
digital.vasic.translator/pkg/deployment/ssh_deployer.go:379.16,381.3 1 0
digital.vasic.translator/pkg/deployment/ssh_deployer.go:382.2,384.46 2 0
digital.vasic.translator/pkg/deployment/ssh_deployer.go:384.46,386.3 1 0
digital.vasic.translator/pkg/deployment/ssh_deployer.go:389.2,391.16 3 0
digital.vasic.translator/pkg/deployment/ssh_deployer.go:391.16,393.3 1 0
digital.vasic.translator/pkg/deployment/ssh_deployer.go:394.2,399.45 4 0
digital.vasic.translator/pkg/deployment/ssh_deployer.go:399.45,401.3 1 0
digital.vasic.translator/pkg/deployment/ssh_deployer.go:403.2,406.25 3 0
digital.vasic.translator/pkg/deployment/ssh_deployer.go:410.93,414.16 3 0
digital.vasic.translator/pkg/deployment/ssh_deployer.go:414.16,416.3 1 0
digital.vasic.translator/pkg/deployment/ssh_deployer.go:417.2,420.16 3 0
digital.vasic.translator/pkg/deployment/ssh_deployer.go:420.16,422.3 1 0
digital.vasic.translator/pkg/deployment/ssh_deployer.go:423.2,426.25 3 0
digital.vasic.translator/pkg/deployment/ssh_deployer.go:430.38,433.2 1 1
digital.vasic.translator/pkg/events/events.go:43.30,48.2 1 1
digital.vasic.translator/pkg/events/events.go:51.74,55.2 3 1
digital.vasic.translator/pkg/events/events.go:58.56,62.2 3 1
digital.vasic.translator/pkg/events/events.go:65.42,70.49 3 1
digital.vasic.translator/pkg/events/events.go:70.49,71.36 1 1
digital.vasic.translator/pkg/events/events.go:71.36,72.28 1 1
digital.vasic.translator/pkg/events/events.go:72.28,73.18 1 1
digital.vasic.translator/pkg/events/events.go:73.18,74.34 1 1
digital.vasic.translator/pkg/events/events.go:74.35,76.7 0 1
digital.vasic.translator/pkg/events/events.go:78.5,78.13 1 1
digital.vasic.translator/pkg/events/events.go:84.2,84.39 1 1
digital.vasic.translator/pkg/events/events.go:84.39,85.27 1 1
digital.vasic.translator/pkg/events/events.go:85.27,86.17 1 1
digital.vasic.translator/pkg/events/events.go:86.17,87.33 1 1
digital.vasic.translator/pkg/events/events.go:87.34,89.6 0 0
digital.vasic.translator/pkg/events/events.go:91.4,91.12 1 1
digital.vasic.translator/pkg/events/events.go:97.87,105.2 1 1
digital.vasic.translator/pkg/events/events.go:108.31,110.2 1 1
digital.vasic.translator/pkg/batch/processor.go:72.68,76.2 1 1
digital.vasic.translator/pkg/batch/processor.go:79.84,80.30 1 1
digital.vasic.translator/pkg/batch/processor.go:81.23,82.31 1 1
digital.vasic.translator/pkg/batch/processor.go:83.22,84.30 1 1
digital.vasic.translator/pkg/batch/processor.go:85.26,86.34 1 1
digital.vasic.translator/pkg/batch/processor.go:87.21,89.17 2 1
digital.vasic.translator/pkg/batch/processor.go:89.17,96.4 1 0
digital.vasic.translator/pkg/batch/processor.go:97.3,97.42 1 1
digital.vasic.translator/pkg/batch/processor.go:98.10,99.77 1 0
digital.vasic.translator/pkg/batch/processor.go:104.90,105.34 1 1
digital.vasic.translator/pkg/batch/processor.go:105.34,107.3 1 1
digital.vasic.translator/pkg/batch/processor.go:110.2,111.16 2 1
digital.vasic.translator/pkg/batch/processor.go:111.16,118.3 1 0
digital.vasic.translator/pkg/batch/processor.go:121.2,121.33 1 1
digital.vasic.translator/pkg/batch/processor.go:121.33,123.17 2 1
digital.vasic.translator/pkg/batch/processor.go:123.17,130.4 1 0
digital.vasic.translator/pkg/batch/processor.go:131.8,134.3 1 1
digital.vasic.translator/pkg/batch/processor.go:136.2,141.9 1 1
digital.vasic.translator/pkg/batch/processor.go:145.89,147.19 2 1
digital.vasic.translator/pkg/batch/processor.go:147.19,149.3 1 0
digital.vasic.translator/pkg/batch/processor.go:152.2,153.16 2 1
digital.vasic.translator/pkg/batch/processor.go:153.16,160.3 1 0
digital.vasic.translator/pkg/batch/processor.go:163.2,164.16 2 1
digital.vasic.translator/pkg/batch/processor.go:164.16,171.3 1 0
digital.vasic.translator/pkg/batch/processor.go:174.2,174.33 1 1
digital.vasic.translator/pkg/batch/processor.go:174.33,176.17 2 1
digital.vasic.translator/pkg/batch/processor.go:176.17,183.4 1 0
digital.vasic.translator/pkg/batch/processor.go:184.8,186.3 1 1
digital.vasic.translator/pkg/batch/processor.go:188.2,193.9 1 1
digital.vasic.translator/pkg/batch/processor.go:197.93,198.32 1 1
digital.vasic.translator/pkg/batch/processor.go:198.32,200.3 1 0
digital.vasic.translator/pkg/batch/processor.go:203.2,204.16 2 1
digital.vasic.translator/pkg/batch/processor.go:204.16,206.3 1 0
digital.vasic.translator/pkg/batch/processor.go:207.2,207.19 1 1
digital.vasic.translator/pkg/batch/processor.go:207.19,209.3 1 0
digital.vasic.translator/pkg/batch/processor.go:212.2,213.16 2 1
digital.vasic.translator/pkg/batch/processor.go:213.16,215.3 1 0
digital.vasic.translator/pkg/batch/processor.go:217.2,217.21 1 1
digital.vasic.translator/pkg/batch/processor.go:217.21,219.3 1 0
digital.vasic.translator/pkg/batch/processor.go:222.2,222.32 1 1
digital.vasic.translator/pkg/batch/processor.go:222.32,233.3 1 0
digital.vasic.translator/pkg/batch/processor.go:236.2,236.25 1 1
digital.vasic.translator/pkg/batch/processor.go:236.25,238.3 1 1
digital.vasic.translator/pkg/batch/processor.go:239.2,239.46 1 1
digital.vasic.translator/pkg/batch/processor.go:243.92,247.65 3 1
digital.vasic.translator/pkg/batch/processor.go:247.65,248.17 1 1
digital.vasic.translator/pkg/batch/processor.go:248.17,250.4 1 0
digital.vasic.translator/pkg/batch/processor.go:253.3,253.19 1 1
digital.vasic.translator/pkg/batch/processor.go:253.19,254.33 1 1
digital.vasic.translator/pkg/batch/processor.go:254.33,256.5 1 1
digital.vasic.translator/pkg/batch/processor.go:257.4,257.14 1 1
digital.vasic.translator/pkg/batch/processor.go:261.3,262.57 2 1
digital.vasic.translator/pkg/batch/processor.go:262.57,264.4 1 1
digital.vasic.translator/pkg/batch/processor.go:266.3,266.13 1 1
digital.vasic.translator/pkg/batch/processor.go:269.2,270.16 2 1
digital.vasic.translator/pkg/batch/processor.go:270.16,272.3 1 0
digital.vasic.translator/pkg/batch/processor.go:274.2,274.19 1 1
digital.vasic.translator/pkg/batch/processor.go:278.115,281.29 2 1
digital.vasic.translator/pkg/batch/processor.go:281.29,284.17 2 1
digital.vasic.translator/pkg/batch/processor.go:284.17,291.12 2 0
digital.vasic.translator/pkg/batch/processor.go:295.3,295.33 1 1
digital.vasic.translator/pkg/batch/processor.go:295.33,307.4 1 0
digital.vasic.translator/pkg/batch/processor.go:310.3,311.17 2 1
digital.vasic.translator/pkg/batch/processor.go:311.17,318.12 2 0
digital.vasic.translator/pkg/batch/processor.go:321.3,321.37 1 1
digital.vasic.translator/pkg/batch/processor.go:324.2,324.21 1 1
digital.vasic.translator/pkg/batch/processor.go:328.113,330.21 2 1
digital.vasic.translator/pkg/batch/processor.go:330.21,332.3 1 0
digital.vasic.translator/pkg/batch/processor.go:334.2,338.29 4 1
digital.vasic.translator/pkg/batch/processor.go:338.29,340.37 2 1
digital.vasic.translator/pkg/batch/processor.go:340.37,345.17 3 1
digital.vasic.translator/pkg/batch/processor.go:345.17,345.32 1 1
digital.vasic.translator/pkg/batch/processor.go:348.4,349.18 2 1
digital.vasic.translator/pkg/batch/processor.go:349.18,357.5 2 0
digital.vasic.translator/pkg/batch/processor.go:360.4,360.34 1 1
digital.vasic.translator/pkg/batch/processor.go:360.34,370.5 1 0
digital.vasic.translator/pkg/batch/processor.go:373.4,374.18 2 1
digital.vasic.translator/pkg/batch/processor.go:374.18,382.5 2 0
digital.vasic.translator/pkg/batch/processor.go:384.4,384.26 1 1
digital.vasic.translator/pkg/batch/processor.go:388.2,390.21 2 1
digital.vasic.translator/pkg/batch/processor.go:394.117,398.16 3 1
digital.vasic.translator/pkg/batch/processor.go:398.16,400.3 1 0
digital.vasic.translator/pkg/batch/processor.go:408.2,410.16 3 1
digital.vasic.translator/pkg/batch/processor.go:410.16,412.3 1 0
digital.vasic.translator/pkg/batch/processor.go:414.2,419.8 1 1
digital.vasic.translator/pkg/batch/processor.go:423.79,424.33 1 1
digital.vasic.translator/pkg/batch/processor.go:424.33,430.25 5 1
digital.vasic.translator/pkg/batch/processor.go:430.25,432.4 1 0
digital.vasic.translator/pkg/batch/processor.go:433.3,433.64 1 1
digital.vasic.translator/pkg/batch/processor.go:437.2,438.39 2 1
digital.vasic.translator/pkg/batch/processor.go:438.39,440.3 1 0
digital.vasic.translator/pkg/batch/processor.go:442.2,444.18 2 1
digital.vasic.translator/pkg/batch/processor.go:444.18,447.3 1 1
digital.vasic.translator/pkg/batch/processor.go:451.2,452.16 2 1
digital.vasic.translator/pkg/batch/processor.go:452.16,454.3 1 0
digital.vasic.translator/pkg/batch/processor.go:457.2,461.24 5 1
digital.vasic.translator/pkg/batch/processor.go:461.24,463.3 1 0
digital.vasic.translator/pkg/batch/processor.go:465.2,471.16 5 1
digital.vasic.translator/pkg/batch/processor.go:471.16,473.3 1 0
digital.vasic.translator/pkg/batch/processor.go:475.2,475.24 1 1
digital.vasic.translator/pkg/ebook/docx_parser.go:33.52,34.19 1 1
digital.vasic.translator/pkg/ebook/docx_parser.go:34.19,48.3 1 1
digital.vasic.translator/pkg/ebook/docx_parser.go:49.2,49.36 1 1
digital.vasic.translator/pkg/ebook/docx_parser.go:52.60,55.16 2 0
digital.vasic.translator/pkg/ebook/docx_parser.go:55.16,57.3 1 0
digital.vasic.translator/pkg/ebook/docx_parser.go:59.2,59.55 1 0
digital.vasic.translator/pkg/ebook/docx_parser.go:62.88,64.16 2 1
digital.vasic.translator/pkg/ebook/docx_parser.go:64.16,66.3 1 1
digital.vasic.translator/pkg/ebook/docx_parser.go:68.2,75.30 2 0
digital.vasic.translator/pkg/ebook/docx_parser.go:75.30,76.54 1 0
digital.vasic.translator/pkg/ebook/docx_parser.go:76.54,78.4 1 0
digital.vasic.translator/pkg/ebook/docx_parser.go:82.2,86.39 3 0
digital.vasic.translator/pkg/ebook/docx_parser.go:86.39,91.34 3 0
digital.vasic.translator/pkg/ebook/docx_parser.go:91.34,94.4 2 0
digital.vasic.translator/pkg/ebook/docx_parser.go:97.3,97.28 1 0
digital.vasic.translator/pkg/ebook/docx_parser.go:97.28,99.4 1 0
digital.vasic.translator/pkg/ebook/docx_parser.go:102.3,102.16 1 0
digital.vasic.translator/pkg/ebook/docx_parser.go:102.16,103.11 1 0
digital.vasic.translator/pkg/ebook/docx_parser.go:104.22,105.26 1 0
digital.vasic.translator/pkg/ebook/docx_parser.go:106.12,106.12 0 0
digital.vasic.translator/pkg/ebook/docx_parser.go:112.2,125.18 4 0
digital.vasic.translator/pkg/ebook/docx_parser.go:128.50,130.16 2 1
digital.vasic.translator/pkg/ebook/docx_parser.go:130.16,132.3 1 1
digital.vasic.translator/pkg/ebook/docx_parser.go:134.2,134.12 1 0
digital.vasic.translator/pkg/ebook/docx_parser.go:137.50,139.2 1 1
digital.vasic.translator/pkg/ebook/docx_parser.go:141.66,143.16 2 1
digital.vasic.translator/pkg/ebook/docx_parser.go:143.16,145.3 1 1
digital.vasic.translator/pkg/ebook/docx_parser.go:147.2,149.16 3 0
digital.vasic.translator/pkg/ebook/docx_parser.go:149.16,151.3 1 0
digital.vasic.translator/pkg/ebook/docx_parser.go:154.2,155.21 2 0
digital.vasic.translator/pkg/ebook/docx_parser.go:158.48,160.2 1 1
digital.vasic.translator/pkg/ebook/docx_parser.go:162.80,167.25 2 0
digital.vasic.translator/pkg/ebook/docx_parser.go:167.25,169.3 1 0
digital.vasic.translator/pkg/ebook/docx_parser.go:174.2,174.31 1 0
digital.vasic.translator/pkg/ebook/docx_parser.go:174.31,176.3 1 0
digital.vasic.translator/pkg/ebook/docx_parser.go:181.2,181.31 1 0
digital.vasic.translator/pkg/ebook/docx_parser.go:181.31,183.3 1 0
digital.vasic.translator/pkg/ebook/docx_parser.go:185.2,185.12 1 0
digital.vasic.translator/pkg/ebook/epub_parser.go:17.34,19.2 1 1
digital.vasic.translator/pkg/ebook/epub_parser.go:22.60,24.16 2 1
digital.vasic.translator/pkg/ebook/epub_parser.go:24.16,26.3 1 1
digital.vasic.translator/pkg/ebook/epub_parser.go:27.2,37.27 4 1
digital.vasic.translator/pkg/ebook/epub_parser.go:37.27,38.41 1 1
digital.vasic.translator/pkg/ebook/epub_parser.go:38.41,40.18 2 1
digital.vasic.translator/pkg/ebook/epub_parser.go:40.18,42.5 1 0
digital.vasic.translator/pkg/ebook/epub_parser.go:43.4,43.9 1 1
digital.vasic.translator/pkg/ebook/epub_parser.go:47.2,47.19 1 1
digital.vasic.translator/pkg/ebook/epub_parser.go:47.19,49.3 1 1
digital.vasic.translator/pkg/ebook/epub_parser.go:52.2,54.27 3 1
digital.vasic.translator/pkg/ebook/epub_parser.go:54.27,55.24 1 1
digital.vasic.translator/pkg/ebook/epub_parser.go:55.24,57.18 2 1
digital.vasic.translator/pkg/ebook/epub_parser.go:57.18,59.5 1 0
digital.vasic.translator/pkg/ebook/epub_parser.go:60.4,60.9 1 1
digital.vasic.translator/pkg/ebook/epub_parser.go:65.2,66.55 2 1
digital.vasic.translator/pkg/ebook/epub_parser.go:66.55,68.3 1 1
digital.vasic.translator/pkg/ebook/epub_parser.go:70.2,70.43 1 1
digital.vasic.translator/pkg/ebook/epub_parser.go:70.43,72.28 2 1
digital.vasic.translator/pkg/ebook/epub_parser.go:72.28,73.26 1 1
digital.vasic.translator/pkg/ebook/epub_parser.go:73.26,75.37 2 1
digital.vasic.translator/pkg/ebook/epub_parser.go:75.37,77.6 1 1
digital.vasic.translator/pkg/ebook/epub_parser.go:78.5,78.10 1 1
digital.vasic.translator/pkg/ebook/epub_parser.go:84.2,84.21 1 1
digital.vasic.translator/pkg/ebook/epub_parser.go:84.21,86.28 2 1
digital.vasic.translator/pkg/ebook/epub_parser.go:86.28,87.27 1 1
digital.vasic.translator/pkg/ebook/epub_parser.go:87.27,89.10 2 1
digital.vasic.translator/pkg/ebook/epub_parser.go:94.2,94.18 1 1
digital.vasic.translator/pkg/ebook/epub_parser.go:98.66,100.16 2 1
digital.vasic.translator/pkg/ebook/epub_parser.go:100.16,102.3 1 0
digital.vasic.translator/pkg/ebook/epub_parser.go:103.2,106.16 3 1
digital.vasic.translator/pkg/ebook/epub_parser.go:106.16,108.3 1 0
digital.vasic.translator/pkg/ebook/epub_parser.go:111.2,120.56 3 1
digital.vasic.translator/pkg/ebook/epub_parser.go:120.56,123.62 2 1
digital.vasic.translator/pkg/ebook/epub_parser.go:123.62,125.4 1 1
digital.vasic.translator/pkg/ebook/epub_parser.go:128.2,128.43 1 1
digital.vasic.translator/pkg/ebook/epub_parser.go:128.43,130.3 1 1
digital.vasic.translator/pkg/ebook/epub_parser.go:132.2,132.61 1 1
digital.vasic.translator/pkg/ebook/epub_parser.go:136.55,142.28 3 1
digital.vasic.translator/pkg/ebook/epub_parser.go:142.28,146.36 1 1
digital.vasic.translator/pkg/ebook/epub_parser.go:146.36,148.4 1 1
digital.vasic.translator/pkg/ebook/epub_parser.go:152.2,163.27 9 1
digital.vasic.translator/pkg/ebook/epub_parser.go:167.82,169.16 2 1
digital.vasic.translator/pkg/ebook/epub_parser.go:169.16,171.3 1 0
digital.vasic.translator/pkg/ebook/epub_parser.go:172.2,175.16 3 1
digital.vasic.translator/pkg/ebook/epub_parser.go:175.16,177.3 1 0
digital.vasic.translator/pkg/ebook/epub_parser.go:179.2,209.50 3 1
digital.vasic.translator/pkg/ebook/epub_parser.go:209.50,212.56 2 0
digital.vasic.translator/pkg/ebook/epub_parser.go:212.56,214.4 1 0
digital.vasic.translator/pkg/ebook/epub_parser.go:218.2,218.33 1 1
digital.vasic.translator/pkg/ebook/epub_parser.go:218.33,220.3 1 1
digital.vasic.translator/pkg/ebook/epub_parser.go:221.2,225.39 3 1
digital.vasic.translator/pkg/ebook/epub_parser.go:225.39,227.3 1 1
digital.vasic.translator/pkg/ebook/epub_parser.go:230.2,230.37 1 1
digital.vasic.translator/pkg/ebook/epub_parser.go:230.37,232.3 1 1
digital.vasic.translator/pkg/ebook/epub_parser.go:235.2,235.32 1 1
digital.vasic.translator/pkg/ebook/epub_parser.go:235.32,237.3 1 1
digital.vasic.translator/pkg/ebook/epub_parser.go:240.2,240.45 1 1
digital.vasic.translator/pkg/ebook/epub_parser.go:240.45,241.69 1 1
digital.vasic.translator/pkg/ebook/epub_parser.go:241.69,243.9 2 1
digital.vasic.translator/pkg/ebook/epub_parser.go:248.2,250.41 3 1
digital.vasic.translator/pkg/ebook/epub_parser.go:250.41,257.58 2 1
digital.vasic.translator/pkg/ebook/epub_parser.go:257.58,258.51 1 1
digital.vasic.translator/pkg/ebook/epub_parser.go:258.51,260.5 1 1
digital.vasic.translator/pkg/ebook/epub_parser.go:265.2,265.41 1 1
digital.vasic.translator/pkg/ebook/epub_parser.go:265.41,266.27 1 0
digital.vasic.translator/pkg/ebook/epub_parser.go:266.27,267.46 1 0
digital.vasic.translator/pkg/ebook/epub_parser.go:267.46,269.10 2 0
digital.vasic.translator/pkg/ebook/epub_parser.go:275.2,276.44 2 1
digital.vasic.translator/pkg/ebook/epub_parser.go:276.44,277.46 1 1
digital.vasic.translator/pkg/ebook/epub_parser.go:277.46,279.4 1 1
digital.vasic.translator/pkg/ebook/epub_parser.go:282.2,282.37 1 1
digital.vasic.translator/pkg/ebook/epub_parser.go:286.70,288.16 2 1
digital.vasic.translator/pkg/ebook/epub_parser.go:288.16,290.3 1 0
digital.vasic.translator/pkg/ebook/epub_parser.go:291.2,294.16 3 1
digital.vasic.translator/pkg/ebook/epub_parser.go:294.16,296.3 1 0
digital.vasic.translator/pkg/ebook/epub_parser.go:299.2,314.19 8 1
digital.vasic.translator/pkg/ebook/epub_parser.go:314.19,316.3 1 1
digital.vasic.translator/pkg/ebook/epub_parser.go:318.2,327.21 2 1
digital.vasic.translator/pkg/ebook/epub_parser.go:331.38,344.2 5 1
digital.vasic.translator/pkg/ebook/epub_parser.go:347.69,349.16 2 1
digital.vasic.translator/pkg/ebook/epub_parser.go:349.16,351.3 1 0
digital.vasic.translator/pkg/ebook/epub_parser.go:352.2,354.23 2 1
digital.vasic.translator/pkg/ebook/epub_parser.go:358.48,360.2 1 1
digital.vasic.translator/pkg/ebook/epub_writer.go:16.34,18.2 1 1
digital.vasic.translator/pkg/ebook/epub_writer.go:21.63,24.16 2 1
digital.vasic.translator/pkg/ebook/epub_writer.go:24.16,26.3 1 1
digital.vasic.translator/pkg/ebook/epub_writer.go:27.2,33.51 4 1
digital.vasic.translator/pkg/ebook/epub_writer.go:33.51,35.3 1 0
digital.vasic.translator/pkg/ebook/epub_writer.go:38.2,38.52 1 1
digital.vasic.translator/pkg/ebook/epub_writer.go:38.52,40.3 1 0
digital.vasic.translator/pkg/ebook/epub_writer.go:43.2,43.59 1 1
digital.vasic.translator/pkg/ebook/epub_writer.go:43.59,45.3 1 0
digital.vasic.translator/pkg/ebook/epub_writer.go:48.2,48.52 1 1
digital.vasic.translator/pkg/ebook/epub_writer.go:48.52,50.3 1 0
digital.vasic.translator/pkg/ebook/epub_writer.go:53.2,53.34 1 1
digital.vasic.translator/pkg/ebook/epub_writer.go:53.34,54.70 1 1
digital.vasic.translator/pkg/ebook/epub_writer.go:54.70,56.4 1 0
digital.vasic.translator/pkg/ebook/epub_writer.go:60.2,60.57 1 1
digital.vasic.translator/pkg/ebook/epub_writer.go:60.57,62.3 1 0
digital.vasic.translator/pkg/ebook/epub_writer.go:64.2,64.12 1 1
digital.vasic.translator/pkg/ebook/epub_writer.go:68.58,73.16 2 1
digital.vasic.translator/pkg/ebook/epub_writer.go:73.16,75.3 1 0
digital.vasic.translator/pkg/ebook/epub_writer.go:77.2,78.12 2 1
digital.vasic.translator/pkg/ebook/epub_writer.go:82.59,84.16 2 1
digital.vasic.translator/pkg/ebook/epub_writer.go:84.16,86.3 1 0
digital.vasic.translator/pkg/ebook/epub_writer.go:88.2,96.12 3 1
digital.vasic.translator/pkg/ebook/epub_writer.go:100.72,102.16 2 1
digital.vasic.translator/pkg/ebook/epub_writer.go:102.16,104.3 1 0
digital.vasic.translator/pkg/ebook/epub_writer.go:107.2,112.14 4 1
digital.vasic.translator/pkg/ebook/epub_writer.go:112.14,114.3 1 1
digital.vasic.translator/pkg/ebook/epub_writer.go:116.2,116.31 1 1
digital.vasic.translator/pkg/ebook/epub_writer.go:116.31,124.3 4 1
digital.vasic.translator/pkg/ebook/epub_writer.go:127.2,130.20 3 1
digital.vasic.translator/pkg/ebook/epub_writer.go:130.20,132.3 1 1
digital.vasic.translator/pkg/ebook/epub_writer.go:135.2,136.16 2 1
digital.vasic.translator/pkg/ebook/epub_writer.go:136.16,138.3 1 1
digital.vasic.translator/pkg/ebook/epub_writer.go:141.2,142.22 2 1
digital.vasic.translator/pkg/ebook/epub_writer.go:142.22,144.3 1 1
digital.vasic.translator/pkg/ebook/epub_writer.go:147.2,151.36 3 1
digital.vasic.translator/pkg/ebook/epub_writer.go:151.36,152.48 1 1
digital.vasic.translator/pkg/ebook/epub_writer.go:152.48,154.4 1 1
digital.vasic.translator/pkg/ebook/epub_writer.go:155.8,157.3 1 1
digital.vasic.translator/pkg/ebook/epub_writer.go:158.2,163.37 4 1
digital.vasic.translator/pkg/ebook/epub_writer.go:163.37,165.3 1 1
digital.vasic.translator/pkg/ebook/epub_writer.go:168.2,168.35 1 1
digital.vasic.translator/pkg/ebook/epub_writer.go:168.35,170.3 1 1
digital.vasic.translator/pkg/ebook/epub_writer.go:173.2,173.14 1 1
digital.vasic.translator/pkg/ebook/epub_writer.go:173.14,175.3 1 1
digital.vasic.translator/pkg/ebook/epub_writer.go:177.2,191.12 3 1
digital.vasic.translator/pkg/ebook/epub_writer.go:195.65,197.16 2 1
digital.vasic.translator/pkg/ebook/epub_writer.go:197.16,199.3 1 0
digital.vasic.translator/pkg/ebook/epub_writer.go:201.2,202.40 2 1
digital.vasic.translator/pkg/ebook/epub_writer.go:202.40,204.18 2 1
digital.vasic.translator/pkg/ebook/epub_writer.go:204.18,206.4 1 0
digital.vasic.translator/pkg/ebook/epub_writer.go:208.3,214.37 1 1
digital.vasic.translator/pkg/ebook/epub_writer.go:217.2,236.12 3 1
digital.vasic.translator/pkg/ebook/epub_writer.go:240.70,241.40 1 1
digital.vasic.translator/pkg/ebook/epub_writer.go:241.40,244.17 3 1
digital.vasic.translator/pkg/ebook/epub_writer.go:244.17,246.4 1 0
digital.vasic.translator/pkg/ebook/epub_writer.go:248.3,249.18 2 1
digital.vasic.translator/pkg/ebook/epub_writer.go:249.18,251.4 1 0
digital.vasic.translator/pkg/ebook/epub_writer.go:253.3,254.44 2 1
digital.vasic.translator/pkg/ebook/epub_writer.go:254.44,256.4 1 1
digital.vasic.translator/pkg/ebook/epub_writer.go:258.3,274.56 2 1
digital.vasic.translator/pkg/ebook/epub_writer.go:274.56,276.4 1 0
digital.vasic.translator/pkg/ebook/epub_writer.go:279.2,279.12 1 1
digital.vasic.translator/pkg/ebook/epub_writer.go:283.61,286.25 2 1
digital.vasic.translator/pkg/ebook/epub_writer.go:286.25,288.3 1 1
digital.vasic.translator/pkg/ebook/epub_writer.go:291.2,292.34 2 1
digital.vasic.translator/pkg/ebook/epub_writer.go:292.34,294.17 2 1
digital.vasic.translator/pkg/ebook/epub_writer.go:294.17,296.4 1 1
digital.vasic.translator/pkg/ebook/epub_writer.go:300.2,300.49 1 1
digital.vasic.translator/pkg/ebook/epub_writer.go:300.49,302.3 1 1
digital.vasic.translator/pkg/ebook/epub_writer.go:304.2,304.20 1 1
digital.vasic.translator/pkg/ebook/epub_writer.go:308.73,310.16 2 1
digital.vasic.translator/pkg/ebook/epub_writer.go:310.16,312.3 1 0
digital.vasic.translator/pkg/ebook/epub_writer.go:314.2,315.12 2 1
digital.vasic.translator/pkg/ebook/epub_writer.go:319.33,326.2 6 1
digital.vasic.translator/pkg/ebook/epub_writer.go:329.28,334.2 3 1
digital.vasic.translator/pkg/ebook/fb2_parser.go:12.32,14.2 1 1
digital.vasic.translator/pkg/ebook/fb2_parser.go:17.59,20.16 3 1
digital.vasic.translator/pkg/ebook/fb2_parser.go:20.16,22.3 1 1
digital.vasic.translator/pkg/ebook/fb2_parser.go:24.2,34.62 2 1
digital.vasic.translator/pkg/ebook/fb2_parser.go:34.62,36.30 2 1
digital.vasic.translator/pkg/ebook/fb2_parser.go:36.30,38.4 1 1
digital.vasic.translator/pkg/ebook/fb2_parser.go:39.3,39.28 1 1
digital.vasic.translator/pkg/ebook/fb2_parser.go:39.28,41.4 1 1
digital.vasic.translator/pkg/ebook/fb2_parser.go:42.3,42.23 1 1
digital.vasic.translator/pkg/ebook/fb2_parser.go:42.23,44.4 1 1
digital.vasic.translator/pkg/ebook/fb2_parser.go:48.2,48.36 1 1
digital.vasic.translator/pkg/ebook/fb2_parser.go:48.36,49.43 1 1
digital.vasic.translator/pkg/ebook/fb2_parser.go:49.43,52.4 2 1
digital.vasic.translator/pkg/ebook/fb2_parser.go:55.2,55.18 1 1
digital.vasic.translator/pkg/ebook/fb2_parser.go:59.53,65.38 2 1
digital.vasic.translator/pkg/ebook/fb2_parser.go:65.38,67.3 1 1
digital.vasic.translator/pkg/ebook/fb2_parser.go:70.2,74.40 2 1
digital.vasic.translator/pkg/ebook/fb2_parser.go:74.40,76.3 1 1
digital.vasic.translator/pkg/ebook/fb2_parser.go:78.2,81.40 2 1
digital.vasic.translator/pkg/ebook/fb2_parser.go:81.40,84.35 2 1
digital.vasic.translator/pkg/ebook/fb2_parser.go:84.35,85.51 1 1
digital.vasic.translator/pkg/ebook/fb2_parser.go:85.51,90.5 2 1
digital.vasic.translator/pkg/ebook/fb2_parser.go:94.2,94.16 1 1
digital.vasic.translator/pkg/ebook/fb2_parser.go:98.47,100.2 1 1
digital.vasic.translator/pkg/ebook/html_parser.go:15.34,17.2 1 1
digital.vasic.translator/pkg/ebook/html_parser.go:20.60,22.16 2 1
digital.vasic.translator/pkg/ebook/html_parser.go:22.16,24.3 1 1
digital.vasic.translator/pkg/ebook/html_parser.go:25.2,28.16 3 1
digital.vasic.translator/pkg/ebook/html_parser.go:28.16,30.3 1 0
digital.vasic.translator/pkg/ebook/html_parser.go:32.2,42.17 3 1
digital.vasic.translator/pkg/ebook/html_parser.go:42.17,44.3 1 1
digital.vasic.translator/pkg/ebook/html_parser.go:47.2,61.18 4 1
digital.vasic.translator/pkg/ebook/html_parser.go:65.53,66.53 1 1
digital.vasic.translator/pkg/ebook/html_parser.go:66.53,67.26 1 1
digital.vasic.translator/pkg/ebook/html_parser.go:67.26,69.4 1 1
digital.vasic.translator/pkg/ebook/html_parser.go:72.2,72.53 1 1
digital.vasic.translator/pkg/ebook/html_parser.go:72.53,73.43 1 1
digital.vasic.translator/pkg/ebook/html_parser.go:73.43,75.4 1 1
digital.vasic.translator/pkg/ebook/html_parser.go:78.2,78.11 1 1
digital.vasic.translator/pkg/ebook/html_parser.go:82.55,84.2 1 1
digital.vasic.translator/pkg/ebook/html_parser.go:86.78,87.29 1 1
digital.vasic.translator/pkg/ebook/html_parser.go:87.29,89.12 1 1
digital.vasic.translator/pkg/ebook/html_parser.go:89.12,91.4 1 1
digital.vasic.translator/pkg/ebook/html_parser.go:93.3,93.16 1 1
digital.vasic.translator/pkg/ebook/html_parser.go:96.2,101.53 3 1
digital.vasic.translator/pkg/ebook/html_parser.go:101.53,103.78 1 1
digital.vasic.translator/pkg/ebook/html_parser.go:103.78,104.12 1 1
digital.vasic.translator/pkg/ebook/html_parser.go:107.3,108.17 2 1
digital.vasic.translator/pkg/ebook/html_parser.go:108.17,112.60 2 1
digital.vasic.translator/pkg/ebook/html_parser.go:112.60,114.5 1 1
digital.vasic.translator/pkg/ebook/html_parser.go:118.2,122.45 2 1
digital.vasic.translator/pkg/ebook/html_parser.go:122.45,136.3 6 1
digital.vasic.translator/pkg/ebook/html_parser.go:138.2,138.15 1 1
digital.vasic.translator/pkg/ebook/html_parser.go:142.62,143.51 1 1
digital.vasic.translator/pkg/ebook/html_parser.go:143.51,145.3 1 1
digital.vasic.translator/pkg/ebook/html_parser.go:146.2,146.53 1 1
digital.vasic.translator/pkg/ebook/html_parser.go:146.53,147.32 1 1
digital.vasic.translator/pkg/ebook/html_parser.go:147.32,149.4 1 1
digital.vasic.translator/pkg/ebook/html_parser.go:151.2,151.14 1 1
digital.vasic.translator/pkg/ebook/html_parser.go:155.65,156.64 1 0
digital.vasic.translator/pkg/ebook/html_parser.go:156.64,157.62 1 0
digital.vasic.translator/pkg/ebook/html_parser.go:157.62,159.4 1 0
digital.vasic.translator/pkg/ebook/html_parser.go:161.2,161.14 1 0
digital.vasic.translator/pkg/ebook/html_parser.go:165.38,172.37 2 1
digital.vasic.translator/pkg/ebook/html_parser.go:172.37,173.18 1 1
digital.vasic.translator/pkg/ebook/html_parser.go:173.18,175.4 1 1
digital.vasic.translator/pkg/ebook/html_parser.go:177.2,177.14 1 1
digital.vasic.translator/pkg/ebook/html_parser.go:181.48,183.2 1 1
digital.vasic.translator/pkg/ebook/parser.go:54.44,69.2 8 1
digital.vasic.translator/pkg/ebook/parser.go:72.61,74.41 2 0
digital.vasic.translator/pkg/ebook/parser.go:74.41,76.3 1 0
digital.vasic.translator/pkg/ebook/parser.go:77.2,77.15 1 0
digital.vasic.translator/pkg/ebook/parser.go:81.66,84.16 2 1
digital.vasic.translator/pkg/ebook/parser.go:84.16,86.3 1 1
digital.vasic.translator/pkg/ebook/parser.go:88.2,88.44 1 1
digital.vasic.translator/pkg/ebook/parser.go:88.44,90.3 1 1
digital.vasic.translator/pkg/ebook/parser.go:93.2,93.46 1 1
digital.vasic.translator/pkg/ebook/parser.go:93.46,95.3 1 0
digital.vasic.translator/pkg/ebook/parser.go:98.2,99.9 2 1
digital.vasic.translator/pkg/ebook/parser.go:99.9,101.3 1 0
digital.vasic.translator/pkg/ebook/parser.go:104.2,105.16 2 1
digital.vasic.translator/pkg/ebook/parser.go:105.16,107.3 1 0
digital.vasic.translator/pkg/ebook/parser.go:109.2,110.18 2 1
digital.vasic.translator/pkg/ebook/parser.go:114.66,116.2 1 1
digital.vasic.translator/pkg/ebook/parser.go:119.73,125.2 3 1
digital.vasic.translator/pkg/ebook/parser.go:128.40,131.40 2 1
digital.vasic.translator/pkg/ebook/parser.go:131.40,133.44 2 1
digital.vasic.translator/pkg/ebook/parser.go:133.44,135.4 1 1
digital.vasic.translator/pkg/ebook/parser.go:136.3,136.15 1 1
digital.vasic.translator/pkg/ebook/parser.go:139.2,139.13 1 1
digital.vasic.translator/pkg/ebook/parser.go:143.50,145.25 2 1
digital.vasic.translator/pkg/ebook/parser.go:145.25,147.3 1 1
digital.vasic.translator/pkg/ebook/parser.go:148.2,150.49 2 1
digital.vasic.translator/pkg/ebook/parser.go:150.49,152.3 1 1
digital.vasic.translator/pkg/ebook/parser.go:154.2,154.13 1 1
digital.vasic.translator/pkg/ebook/parser.go:158.41,160.2 1 1
digital.vasic.translator/pkg/ebook/parser.go:163.38,168.26 4 1
digital.vasic.translator/pkg/ebook/parser.go:168.26,169.44 1 1
digital.vasic.translator/pkg/ebook/parser.go:169.44,171.4 1 1
digital.vasic.translator/pkg/ebook/parser.go:171.9,171.21 1 1
digital.vasic.translator/pkg/ebook/parser.go:171.21,174.4 2 1
digital.vasic.translator/pkg/ebook/parser.go:176.2,176.14 1 1
digital.vasic.translator/pkg/ebook/pdf_parser.go:32.49,33.19 1 1
digital.vasic.translator/pkg/ebook/pdf_parser.go:33.19,44.3 1 1
digital.vasic.translator/pkg/ebook/pdf_parser.go:45.2,45.35 1 1
digital.vasic.translator/pkg/ebook/pdf_parser.go:48.59,51.16 2 0
digital.vasic.translator/pkg/ebook/pdf_parser.go:51.16,53.3 1 0
digital.vasic.translator/pkg/ebook/pdf_parser.go:55.2,55.55 1 0
digital.vasic.translator/pkg/ebook/pdf_parser.go:58.87,60.16 2 1
digital.vasic.translator/pkg/ebook/pdf_parser.go:60.16,62.3 1 1
digital.vasic.translator/pkg/ebook/pdf_parser.go:64.2,69.30 2 0
digital.vasic.translator/pkg/ebook/pdf_parser.go:69.30,70.60 1 0
digital.vasic.translator/pkg/ebook/pdf_parser.go:70.60,72.4 1 0
digital.vasic.translator/pkg/ebook/pdf_parser.go:76.2,77.16 2 0
digital.vasic.translator/pkg/ebook/pdf_parser.go:77.16,79.3 1 0
digital.vasic.translator/pkg/ebook/pdf_parser.go:81.2,84.33 2 0
digital.vasic.translator/pkg/ebook/pdf_parser.go:84.33,86.17 2 0
digital.vasic.translator/pkg/ebook/pdf_parser.go:86.17,88.4 1 0
digital.vasic.translator/pkg/ebook/pdf_parser.go:91.3,92.17 2 0
digital.vasic.translator/pkg/ebook/pdf_parser.go:92.17,94.4 1 0
digital.vasic.translator/pkg/ebook/pdf_parser.go:96.3,97.17 2 0
digital.vasic.translator/pkg/ebook/pdf_parser.go:97.17,99.4 1 0
digital.vasic.translator/pkg/ebook/pdf_parser.go:101.3,101.24 1 0
digital.vasic.translator/pkg/ebook/pdf_parser.go:101.24,103.4 1 0
digital.vasic.translator/pkg/ebook/pdf_parser.go:104.3,107.15 2 0
digital.vasic.translator/pkg/ebook/pdf_parser.go:107.15,108.11 1 0
digital.vasic.translator/pkg/ebook/pdf_parser.go:109.22,110.26 1 0
digital.vasic.translator/pkg/ebook/pdf_parser.go:111.12,111.12 0 0
digital.vasic.translator/pkg/ebook/pdf_parser.go:117.2,130.18 4 0
digital.vasic.translator/pkg/ebook/pdf_parser.go:133.49,135.62 1 1
digital.vasic.translator/pkg/ebook/pdf_parser.go:135.62,137.3 1 1
digital.vasic.translator/pkg/ebook/pdf_parser.go:140.2,141.16 2 1
digital.vasic.translator/pkg/ebook/pdf_parser.go:141.16,143.3 1 1
digital.vasic.translator/pkg/ebook/pdf_parser.go:145.2,145.12 1 0
digital.vasic.translator/pkg/ebook/pdf_parser.go:148.49,150.2 1 1
digital.vasic.translator/pkg/ebook/pdf_parser.go:152.65,154.16 2 1
digital.vasic.translator/pkg/ebook/pdf_parser.go:154.16,156.3 1 1
digital.vasic.translator/pkg/ebook/pdf_parser.go:158.2,160.16 3 0
digital.vasic.translator/pkg/ebook/pdf_parser.go:160.16,162.3 1 0
digital.vasic.translator/pkg/ebook/pdf_parser.go:165.2,166.21 2 0
digital.vasic.translator/pkg/ebook/pdf_parser.go:169.47,171.2 1 1
digital.vasic.translator/pkg/ebook/pdf_parser.go:173.83,178.58 1 0
digital.vasic.translator/pkg/ebook/pdf_parser.go:178.58,179.38 1 0
digital.vasic.translator/pkg/ebook/pdf_parser.go:179.38,181.4 1 0
digital.vasic.translator/pkg/ebook/pdf_parser.go:181.9,183.4 1 0
digital.vasic.translator/pkg/ebook/pdf_parser.go:186.2,186.12 1 0
digital.vasic.translator/pkg/ebook/txt_parser.go:14.32,16.2 1 1
digital.vasic.translator/pkg/ebook/txt_parser.go:19.59,21.16 2 1
digital.vasic.translator/pkg/ebook/txt_parser.go:21.16,23.3 1 1
digital.vasic.translator/pkg/ebook/txt_parser.go:24.2,38.21 5 1
digital.vasic.translator/pkg/ebook/txt_parser.go:38.21,41.3 2 1
digital.vasic.translator/pkg/ebook/txt_parser.go:43.2,43.38 1 1
digital.vasic.translator/pkg/ebook/txt_parser.go:43.38,45.3 1 0
digital.vasic.translator/pkg/ebook/txt_parser.go:48.2,59.18 3 1
digital.vasic.translator/pkg/ebook/txt_parser.go:63.47,65.2 1 1
digital.vasic.translator/pkg/hardware/detector.go:27.30,29.2 1 1
digital.vasic.translator/pkg/hardware/detector.go:32.52,41.16 4 1
digital.vasic.translator/pkg/hardware/detector.go:41.16,43.3 1 0
digital.vasic.translator/pkg/hardware/detector.go:45.2,46.16 2 1
digital.vasic.translator/pkg/hardware/detector.go:46.16,49.3 1 0
digital.vasic.translator/pkg/hardware/detector.go:52.2,53.16 2 1
digital.vasic.translator/pkg/hardware/detector.go:53.16,55.3 1 0
digital.vasic.translator/pkg/hardware/detector.go:57.2,58.16 2 1
digital.vasic.translator/pkg/hardware/detector.go:58.16,60.3 1 0
digital.vasic.translator/pkg/hardware/detector.go:63.2,68.18 3 1
digital.vasic.translator/pkg/hardware/detector.go:72.50,73.22 1 1
digital.vasic.translator/pkg/hardware/detector.go:74.16,75.25 1 1
digital.vasic.translator/pkg/hardware/detector.go:76.15,77.25 1 0
digital.vasic.translator/pkg/hardware/detector.go:78.17,79.27 1 0
digital.vasic.translator/pkg/hardware/detector.go:80.10,81.73 1 0
digital.vasic.translator/pkg/hardware/detector.go:86.50,89.16 3 1
digital.vasic.translator/pkg/hardware/detector.go:89.16,91.3 1 0
digital.vasic.translator/pkg/hardware/detector.go:93.2,94.16 2 1
digital.vasic.translator/pkg/hardware/detector.go:94.16,96.3 1 0
digital.vasic.translator/pkg/hardware/detector.go:98.2,98.22 1 1
digital.vasic.translator/pkg/hardware/detector.go:102.50,105.16 3 0
digital.vasic.translator/pkg/hardware/detector.go:105.16,107.3 1 0
digital.vasic.translator/pkg/hardware/detector.go:110.2,111.20 2 0
digital.vasic.translator/pkg/hardware/detector.go:111.20,113.3 1 0
digital.vasic.translator/pkg/hardware/detector.go:115.2,116.16 2 0
digital.vasic.translator/pkg/hardware/detector.go:116.16,118.3 1 0
digital.vasic.translator/pkg/hardware/detector.go:120.2,120.26 1 0
digital.vasic.translator/pkg/hardware/detector.go:124.52,127.16 3 0
digital.vasic.translator/pkg/hardware/detector.go:127.16,129.3 1 0
digital.vasic.translator/pkg/hardware/detector.go:131.2,132.20 2 0
digital.vasic.translator/pkg/hardware/detector.go:132.20,134.3 1 0
digital.vasic.translator/pkg/hardware/detector.go:136.2,137.16 2 0
digital.vasic.translator/pkg/hardware/detector.go:137.16,139.3 1 0
digital.vasic.translator/pkg/hardware/detector.go:141.2,141.22 1 0
digital.vasic.translator/pkg/hardware/detector.go:145.54,146.22 1 1
digital.vasic.translator/pkg/hardware/detector.go:147.16,151.17 3 1
digital.vasic.translator/pkg/hardware/detector.go:151.17,153.4 1 0
digital.vasic.translator/pkg/hardware/detector.go:156.3,160.30 4 1
digital.vasic.translator/pkg/hardware/detector.go:160.30,161.45 1 1
digital.vasic.translator/pkg/hardware/detector.go:161.45,163.24 2 1
digital.vasic.translator/pkg/hardware/detector.go:163.24,166.6 2 1
digital.vasic.translator/pkg/hardware/detector.go:167.10,167.56 1 1
digital.vasic.translator/pkg/hardware/detector.go:167.56,169.24 2 1
digital.vasic.translator/pkg/hardware/detector.go:169.24,172.6 2 1
digital.vasic.translator/pkg/hardware/detector.go:173.10,173.59 1 1
digital.vasic.translator/pkg/hardware/detector.go:173.59,175.24 2 1
digital.vasic.translator/pkg/hardware/detector.go:175.24,178.6 2 1
digital.vasic.translator/pkg/hardware/detector.go:179.10,179.53 1 1
digital.vasic.translator/pkg/hardware/detector.go:179.53,181.32 2 1
digital.vasic.translator/pkg/hardware/detector.go:181.32,182.42 1 1
digital.vasic.translator/pkg/hardware/detector.go:182.42,184.12 2 1
digital.vasic.translator/pkg/hardware/detector.go:191.3,192.45 2 1
digital.vasic.translator/pkg/hardware/detector.go:194.15,197.17 3 0
digital.vasic.translator/pkg/hardware/detector.go:197.17,199.4 1 0
digital.vasic.translator/pkg/hardware/detector.go:201.3,202.21 2 0
digital.vasic.translator/pkg/hardware/detector.go:202.21,204.4 1 0
digital.vasic.translator/pkg/hardware/detector.go:206.3,207.17 2 0
digital.vasic.translator/pkg/hardware/detector.go:207.17,209.4 1 0
digital.vasic.translator/pkg/hardware/detector.go:211.3,211.29 1 0
digital.vasic.translator/pkg/hardware/detector.go:213.17,218.17 3 0
digital.vasic.translator/pkg/hardware/detector.go:218.17,220.4 1 0
digital.vasic.translator/pkg/hardware/detector.go:222.3,223.17 2 0
digital.vasic.translator/pkg/hardware/detector.go:223.17,225.4 1 0
digital.vasic.translator/pkg/hardware/detector.go:227.3,227.25 1 0
digital.vasic.translator/pkg/hardware/detector.go:229.51,233.17 3 0
digital.vasic.translator/pkg/hardware/detector.go:233.17,235.4 1 0
digital.vasic.translator/pkg/hardware/detector.go:238.3,239.21 2 0
digital.vasic.translator/pkg/hardware/detector.go:239.21,241.4 1 0
digital.vasic.translator/pkg/hardware/detector.go:243.3,244.17 2 0
digital.vasic.translator/pkg/hardware/detector.go:244.17,246.4 1 0
digital.vasic.translator/pkg/hardware/detector.go:249.3,249.46 1 0
digital.vasic.translator/pkg/hardware/detector.go:251.10,252.63 1 0
digital.vasic.translator/pkg/hardware/detector.go:257.50,258.22 1 1
digital.vasic.translator/pkg/hardware/detector.go:259.16,262.17 3 1
digital.vasic.translator/pkg/hardware/detector.go:262.17,264.4 1 0
digital.vasic.translator/pkg/hardware/detector.go:265.3,265.48 1 1
digital.vasic.translator/pkg/hardware/detector.go:267.15,270.17 3 0
digital.vasic.translator/pkg/hardware/detector.go:270.17,272.4 1 0
digital.vasic.translator/pkg/hardware/detector.go:273.3,274.21 2 0
digital.vasic.translator/pkg/hardware/detector.go:274.21,276.4 1 0
digital.vasic.translator/pkg/hardware/detector.go:277.3,277.42 1 0
digital.vasic.translator/pkg/hardware/detector.go:279.17,284.17 3 0
digital.vasic.translator/pkg/hardware/detector.go:284.17,286.4 1 0
digital.vasic.translator/pkg/hardware/detector.go:287.3,287.48 1 0
digital.vasic.translator/pkg/hardware/detector.go:289.51,293.17 3 0
digital.vasic.translator/pkg/hardware/detector.go:293.17,295.4 1 0
digital.vasic.translator/pkg/hardware/detector.go:298.3,299.21 2 0
digital.vasic.translator/pkg/hardware/detector.go:299.21,301.4 1 0
digital.vasic.translator/pkg/hardware/detector.go:303.3,303.42 1 0
digital.vasic.translator/pkg/hardware/detector.go:305.10,306.64 1 0
digital.vasic.translator/pkg/hardware/detector.go:311.47,312.22 1 1
digital.vasic.translator/pkg/hardware/detector.go:313.16,316.17 3 1
digital.vasic.translator/pkg/hardware/detector.go:316.17,318.4 1 0
digital.vasic.translator/pkg/hardware/detector.go:319.3,320.17 2 1
digital.vasic.translator/pkg/hardware/detector.go:320.17,322.4 1 0
digital.vasic.translator/pkg/hardware/detector.go:323.3,323.20 1 1
digital.vasic.translator/pkg/hardware/detector.go:325.15,328.17 3 0
digital.vasic.translator/pkg/hardware/detector.go:328.17,330.4 1 0
digital.vasic.translator/pkg/hardware/detector.go:332.3,332.60 1 0
digital.vasic.translator/pkg/hardware/detector.go:332.60,333.53 1 0
digital.vasic.translator/pkg/hardware/detector.go:333.53,335.24 2 0
digital.vasic.translator/pkg/hardware/detector.go:335.24,337.20 2 0
digital.vasic.translator/pkg/hardware/detector.go:337.20,339.7 1 0
digital.vasic.translator/pkg/hardware/detector.go:343.3,343.53 1 0
digital.vasic.translator/pkg/hardware/detector.go:345.17,350.17 3 0
digital.vasic.translator/pkg/hardware/detector.go:350.17,352.4 1 0
digital.vasic.translator/pkg/hardware/detector.go:353.3,354.17 2 0
digital.vasic.translator/pkg/hardware/detector.go:354.17,356.4 1 0
digital.vasic.translator/pkg/hardware/detector.go:357.3,357.20 1 0
digital.vasic.translator/pkg/hardware/detector.go:359.51,363.17 3 0
digital.vasic.translator/pkg/hardware/detector.go:363.17,365.4 1 0
digital.vasic.translator/pkg/hardware/detector.go:368.3,369.21 2 0
digital.vasic.translator/pkg/hardware/detector.go:369.21,371.4 1 0
digital.vasic.translator/pkg/hardware/detector.go:373.3,374.17 2 0
digital.vasic.translator/pkg/hardware/detector.go:374.17,376.4 1 0
digital.vasic.translator/pkg/hardware/detector.go:378.3,378.20 1 0
digital.vasic.translator/pkg/hardware/detector.go:380.10,381.63 1 0
digital.vasic.translator/pkg/hardware/detector.go:386.47,388.59 1 1
digital.vasic.translator/pkg/hardware/detector.go:388.59,390.3 1 1
digital.vasic.translator/pkg/hardware/detector.go:393.2,393.55 1 0
digital.vasic.translator/pkg/hardware/detector.go:393.55,395.3 1 0
digital.vasic.translator/pkg/hardware/detector.go:398.2,398.53 1 0
digital.vasic.translator/pkg/hardware/detector.go:398.53,400.3 1 0
digital.vasic.translator/pkg/hardware/detector.go:403.2,403.55 1 0
digital.vasic.translator/pkg/hardware/detector.go:403.55,405.3 1 0
digital.vasic.translator/pkg/hardware/detector.go:408.2,408.31 1 0
digital.vasic.translator/pkg/hardware/detector.go:408.31,412.35 2 0
digital.vasic.translator/pkg/hardware/detector.go:412.35,415.4 1 0
digital.vasic.translator/pkg/hardware/detector.go:418.2,418.18 1 0
digital.vasic.translator/pkg/hardware/detector.go:423.83,434.12 3 1
digital.vasic.translator/pkg/hardware/detector.go:434.12,436.3 1 1
digital.vasic.translator/pkg/hardware/detector.go:439.2,442.21 2 1
digital.vasic.translator/pkg/hardware/detector.go:442.21,444.3 1 1
digital.vasic.translator/pkg/hardware/detector.go:444.8,444.28 1 1
digital.vasic.translator/pkg/hardware/detector.go:444.28,446.3 1 1
digital.vasic.translator/pkg/hardware/detector.go:446.8,446.28 1 1
digital.vasic.translator/pkg/hardware/detector.go:446.28,448.3 1 1
digital.vasic.translator/pkg/hardware/detector.go:448.8,448.27 1 1
digital.vasic.translator/pkg/hardware/detector.go:448.27,450.3 1 1
digital.vasic.translator/pkg/hardware/detector.go:450.8,450.27 1 1
digital.vasic.translator/pkg/hardware/detector.go:450.27,452.3 1 1
digital.vasic.translator/pkg/hardware/detector.go:454.2,454.22 1 1
digital.vasic.translator/pkg/hardware/detector.go:458.40,464.14 5 1
digital.vasic.translator/pkg/hardware/detector.go:464.14,466.3 1 1
digital.vasic.translator/pkg/hardware/detector.go:468.2,478.3 1 1
digital.vasic.translator/pkg/hardware/detector.go:482.60,484.2 1 1
digital.vasic.translator/pkg/coordination/multi_llm.go:54.76,55.28 1 1
digital.vasic.translator/pkg/coordination/multi_llm.go:55.28,57.3 1 1
digital.vasic.translator/pkg/coordination/multi_llm.go:58.2,58.28 1 1
digital.vasic.translator/pkg/coordination/multi_llm.go:58.28,60.3 1 1
digital.vasic.translator/pkg/coordination/multi_llm.go:62.2,77.20 3 1
digital.vasic.translator/pkg/coordination/multi_llm.go:81.56,85.25 2 1
digital.vasic.translator/pkg/coordination/multi_llm.go:85.25,86.25 1 1
digital.vasic.translator/pkg/coordination/multi_llm.go:86.25,88.4 1 0
digital.vasic.translator/pkg/coordination/multi_llm.go:88.9,90.4 1 1
digital.vasic.translator/pkg/coordination/multi_llm.go:91.3,91.9 1 1
digital.vasic.translator/pkg/coordination/multi_llm.go:96.2,96.45 1 1
digital.vasic.translator/pkg/coordination/multi_llm.go:96.45,97.10 1 1
digital.vasic.translator/pkg/coordination/multi_llm.go:98.23,99.12 1 1
digital.vasic.translator/pkg/coordination/multi_llm.go:100.22,101.12 1 1
digital.vasic.translator/pkg/coordination/multi_llm.go:102.11,103.12 1 0
digital.vasic.translator/pkg/coordination/multi_llm.go:107.2,108.35 2 1
digital.vasic.translator/pkg/coordination/multi_llm.go:108.35,111.3 2 1
digital.vasic.translator/pkg/coordination/multi_llm.go:113.2,114.24 2 1
digital.vasic.translator/pkg/coordination/multi_llm.go:114.24,116.3 1 1
digital.vasic.translator/pkg/coordination/multi_llm.go:117.2,117.25 1 1
digital.vasic.translator/pkg/coordination/multi_llm.go:117.25,119.3 1 0
digital.vasic.translator/pkg/coordination/multi_llm.go:121.2,135.42 3 1
digital.vasic.translator/pkg/coordination/multi_llm.go:135.42,139.38 3 1
digital.vasic.translator/pkg/coordination/multi_llm.go:139.38,147.18 3 1
digital.vasic.translator/pkg/coordination/multi_llm.go:147.18,149.13 2 0
digital.vasic.translator/pkg/coordination/multi_llm.go:152.4,163.16 3 1
digital.vasic.translator/pkg/coordination/multi_llm.go:167.2,167.27 1 1
digital.vasic.translator/pkg/coordination/multi_llm.go:167.27,170.3 2 0
digital.vasic.translator/pkg/coordination/multi_llm.go:172.2,180.4 1 1
digital.vasic.translator/pkg/coordination/multi_llm.go:185.85,189.57 2 1
digital.vasic.translator/pkg/coordination/multi_llm.go:189.57,195.3 1 1
digital.vasic.translator/pkg/coordination/multi_llm.go:198.2,198.60 1 1
digital.vasic.translator/pkg/coordination/multi_llm.go:198.60,204.3 1 0
digital.vasic.translator/pkg/coordination/multi_llm.go:207.2,207.56 1 1
digital.vasic.translator/pkg/coordination/multi_llm.go:207.56,213.3 1 0
digital.vasic.translator/pkg/coordination/multi_llm.go:216.2,216.59 1 1
digital.vasic.translator/pkg/coordination/multi_llm.go:216.59,222.3 1 1
digital.vasic.translator/pkg/coordination/multi_llm.go:226.2,226.55 1 1
digital.vasic.translator/pkg/coordination/multi_llm.go:226.55,232.3 1 0
digital.vasic.translator/pkg/coordination/multi_llm.go:232.8,232.47 1 1
digital.vasic.translator/pkg/coordination/multi_llm.go:232.47,235.20 2 1
digital.vasic.translator/pkg/coordination/multi_llm.go:235.20,240.40 2 1
digital.vasic.translator/pkg/coordination/multi_llm.go:240.40,241.44 1 1
digital.vasic.translator/pkg/coordination/multi_llm.go:241.44,247.11 2 1
digital.vasic.translator/pkg/coordination/multi_llm.go:255.2,255.66 1 1
digital.vasic.translator/pkg/coordination/multi_llm.go:255.66,261.3 1 0
digital.vasic.translator/pkg/coordination/multi_llm.go:263.2,263.18 1 1
digital.vasic.translator/pkg/coordination/multi_llm.go:271.19,272.27 1 1
[...]
digital.vasic.translator/pkg/translator/llm/llamacpp_provider.go:396.16,398.3 1 0
digital.vasic.translator/pkg/translator/llm/llamacpp_provider.go:400.2,400.28 1 0
digital.vasic.translator/pkg/translator/llm/llamacpp_provider.go:404.65,415.29 5 0
digital.vasic.translator/pkg/translator/llm/llamacpp_provider.go:415.29,417.23 2 0
digital.vasic.translator/pkg/translator/llm/llamacpp_provider.go:417.23,419.4 1 0
digital.vasic.translator/pkg/translator/llm/llamacpp_provider.go:419.9,419.52 1 0
digital.vasic.translator/pkg/translator/llm/llamacpp_provider.go:419.52,423.22 3 0
digital.vasic.translator/pkg/translator/llm/llamacpp_provider.go:423.22,425.5 1 0
digital.vasic.translator/pkg/translator/llm/llamacpp_provider.go:429.2,429.45 1 0
digital.vasic.translator/pkg/translator/llm/llamacpp_provider.go:433.67,442.45 2 0
digital.vasic.translator/pkg/translator/llm/llamacpp_provider.go:442.45,444.3 1 0
digital.vasic.translator/pkg/translator/llm/llamacpp_provider.go:445.2,445.13 1 0
digital.vasic.translator/pkg/translator/llm/llamacpp_provider.go:449.42,452.2 1 0
digital.vasic.translator/pkg/translator/llm/llamacpp_provider.go:455.106,459.109 2 0
digital.vasic.translator/pkg/translator/llm/llamacpp_provider.go:459.109,461.3 1 0
digital.vasic.translator/pkg/translator/llm/llamacpp_provider.go:462.2,462.109 1 0
digital.vasic.translator/pkg/translator/llm/llamacpp_provider.go:462.109,464.3 1 0
digital.vasic.translator/pkg/translator/llm/llamacpp_provider.go:466.2,466.57 1 0
digital.vasic.translator/pkg/translator/llm/llamacpp_provider.go:470.133,482.9 3 0
digital.vasic.translator/pkg/translator/llm/llamacpp_provider.go:483.27,483.27 0 0
digital.vasic.translator/pkg/translator/llm/llamacpp_provider.go:484.20,485.23 1 0
digital.vasic.translator/pkg/translator/llm/llamacpp_provider.go:489.2,489.9 1 0
digital.vasic.translator/pkg/translator/llm/llamacpp_provider.go:490.31,491.21 1 0
digital.vasic.translator/pkg/translator/llm/llamacpp_provider.go:491.21,493.4 1 0
digital.vasic.translator/pkg/translator/llm/llamacpp_provider.go:494.3,494.26 1 0
digital.vasic.translator/pkg/translator/llm/llamacpp_provider.go:495.20,496.23 1 0
digital.vasic.translator/pkg/translator/llm/llamacpp_provider.go:497.45,498.67 1 0
digital.vasic.translator/pkg/translator/llm/llamacpp_provider.go:503.56,505.2 1 0
digital.vasic.translator/pkg/translator/llm/llamacpp_provider.go:508.66,513.35 4 0
digital.vasic.translator/pkg/translator/llm/llamacpp_provider.go:513.35,515.3 1 0
digital.vasic.translator/pkg/translator/llm/llamacpp_provider.go:517.2,517.15 1 0
digital.vasic.translator/pkg/translator/llm/llamacpp_provider.go:521.67,529.12 4 0
digital.vasic.translator/pkg/translator/llm/llamacpp_provider.go:529.12,532.3 2 0
digital.vasic.translator/pkg/translator/llm/llamacpp_provider.go:534.2,534.9 1 0
digital.vasic.translator/pkg/translator/llm/llamacpp_provider.go:535.14,537.13 2 0
digital.vasic.translator/pkg/translator/llm/llamacpp_provider.go:538.20,540.40 2 0
digital.vasic.translator/pkg/translator/llm/llamacpp_provider.go:545.65,557.35 4 0
digital.vasic.translator/pkg/translator/llm/llamacpp_provider.go:557.35,558.32 1 0
digital.vasic.translator/pkg/translator/llm/llamacpp_provider.go:558.32,560.4 1 0
digital.vasic.translator/pkg/translator/llm/llamacpp_provider.go:561.3,561.23 1 0
digital.vasic.translator/pkg/translator/llm/llamacpp_provider.go:561.23,563.4 1 0
digital.vasic.translator/pkg/translator/llm/llamacpp_provider.go:566.2,566.14 1 0
digital.vasic.translator/pkg/translator/llm/llm.go:40.84,46.18 4 0
digital.vasic.translator/pkg/translator/llm/llm.go:47.22,48.40 1 0
digital.vasic.translator/pkg/translator/llm/llm.go:49.25,50.43 1 0
digital.vasic.translator/pkg/translator/llm/llm.go:51.21,52.39 1 0
digital.vasic.translator/pkg/translator/llm/llm.go:53.24,54.42 1 0
digital.vasic.translator/pkg/translator/llm/llm.go:55.20,56.38 1 0
digital.vasic.translator/pkg/translator/llm/llm.go:57.22,58.40 1 0
digital.vasic.translator/pkg/translator/llm/llm.go:59.22,60.40 1 0
digital.vasic.translator/pkg/translator/llm/llm.go:61.24,62.42 1 0
digital.vasic.translator/pkg/translator/llm/llm.go:63.10,64.67 1 0
digital.vasic.translator/pkg/translator/llm/llm.go:67.2,67.16 1 0
digital.vasic.translator/pkg/translator/llm/llm.go:67.16,69.3 1 0
digital.vasic.translator/pkg/translator/llm/llm.go:71.2,75.8 1 0
digital.vasic.translator/pkg/translator/llm/llm.go:79.43,81.2 1 0
digital.vasic.translator/pkg/translator/llm/llm.go:84.105,85.49 1 0
digital.vasic.translator/pkg/translator/llm/llm.go:85.49,87.3 1 0
digital.vasic.translator/pkg/translator/llm/llm.go:90.2,91.53 2 0
digital.vasic.translator/pkg/translator/llm/llm.go:91.53,93.3 1 0
digital.vasic.translator/pkg/translator/llm/llm.go:96.2,100.16 3 0
digital.vasic.translator/pkg/translator/llm/llm.go:100.16,103.3 2 0
digital.vasic.translator/pkg/translator/llm/llm.go:106.2,114.20 4 0
digital.vasic.translator/pkg/translator/llm/llm.go:118.115,121.16 2 1
digital.vasic.translator/pkg/translator/llm/llm.go:121.16,123.3 1 1
digital.vasic.translator/pkg/translator/llm/llm.go:126.2,126.27 1 1
digital.vasic.translator/pkg/translator/llm/llm.go:126.27,128.3 1 1
digital.vasic.translator/pkg/translator/llm/llm.go:131.2,134.22 3 1
digital.vasic.translator/pkg/translator/llm/llm.go:134.22,137.3 1 0
digital.vasic.translator/pkg/translator/llm/llm.go:139.2,143.31 3 1
digital.vasic.translator/pkg/translator/llm/llm.go:143.31,147.22 3 1
digital.vasic.translator/pkg/translator/llm/llm.go:147.22,149.4 1 0
digital.vasic.translator/pkg/translator/llm/llm.go:151.3,151.59 1 1
digital.vasic.translator/pkg/translator/llm/llm.go:155.2,158.20 3 1
digital.vasic.translator/pkg/translator/llm/llm.go:162.38,163.16 1 1
digital.vasic.translator/pkg/translator/llm/llm.go:163.16,165.3 1 1
digital.vasic.translator/pkg/translator/llm/llm.go:167.2,181.44 3 1
digital.vasic.translator/pkg/translator/llm/llm.go:181.44,182.40 1 1
digital.vasic.translator/pkg/translator/llm/llm.go:182.40,184.4 1 1
digital.vasic.translator/pkg/translator/llm/llm.go:187.2,187.14 1 1
digital.vasic.translator/pkg/translator/llm/llm.go:191.58,196.31 2 1
digital.vasic.translator/pkg/translator/llm/llm.go:196.31,198.3 1 1
digital.vasic.translator/pkg/translator/llm/llm.go:200.2,206.34 4 1
digital.vasic.translator/pkg/translator/llm/llm.go:206.34,208.31 1 1
digital.vasic.translator/pkg/translator/llm/llm.go:208.31,210.39 2 1
digital.vasic.translator/pkg/translator/llm/llm.go:210.39,211.82 1 1
digital.vasic.translator/pkg/translator/llm/llm.go:211.82,215.6 2 1
digital.vasic.translator/pkg/translator/llm/llm.go:216.5,216.39 1 1
digital.vasic.translator/pkg/translator/llm/llm.go:218.9,220.79 1 0
digital.vasic.translator/pkg/translator/llm/llm.go:220.79,224.5 2 0
digital.vasic.translator/pkg/translator/llm/llm.go:225.4,225.30 1 0
digital.vasic.translator/pkg/translator/llm/llm.go:225.30,227.5 1 0
digital.vasic.translator/pkg/translator/llm/llm.go:228.4,228.34 1 0
digital.vasic.translator/pkg/translator/llm/llm.go:233.2,233.28 1 1
digital.vasic.translator/pkg/translator/llm/llm.go:233.28,235.3 1 1
digital.vasic.translator/pkg/translator/llm/llm.go:237.2,237.15 1 1
digital.vasic.translator/pkg/translator/llm/llm.go:241.65,246.34 4 1
digital.vasic.translator/pkg/translator/llm/llm.go:246.34,250.81 2 1
digital.vasic.translator/pkg/translator/llm/llm.go:250.81,252.68 1 1
digital.vasic.translator/pkg/translator/llm/llm.go:252.68,255.5 2 1
digital.vasic.translator/pkg/translator/llm/llm.go:260.2,260.31 1 1
digital.vasic.translator/pkg/translator/llm/llm.go:260.31,262.3 1 1
digital.vasic.translator/pkg/translator/llm/llm.go:264.2,264.18 1 1
digital.vasic.translator/pkg/translator/llm/llm.go:274.19,282.16 3 0
digital.vasic.translator/pkg/translator/llm/llm.go:282.16,288.3 4 0
digital.vasic.translator/pkg/translator/llm/llm.go:290.2,296.20 2 0
digital.vasic.translator/pkg/translator/llm/llm.go:300.89,302.19 2 1
digital.vasic.translator/pkg/translator/llm/llm.go:302.19,304.3 1 0
digital.vasic.translator/pkg/translator/llm/llm.go:306.2,329.53 1 1
digital.vasic.translator/pkg/translator/llm/llm.go:333.81,342.77 5 0
digital.vasic.translator/pkg/translator/llm/llm.go:342.77,344.3 1 0
digital.vasic.translator/pkg/translator/llm/llm.go:347.2,347.44 1 0
digital.vasic.translator/pkg/translator/llm/llm.go:347.44,348.63 1 0
digital.vasic.translator/pkg/translator/llm/llm.go:348.63,352.4 3 0
digital.vasic.translator/pkg/translator/llm/llm.go:355.2,355.17 1 0
digital.vasic.translator/pkg/translator/llm/llm.go:359.27,361.2 1 0
digital.vasic.translator/pkg/translator/llm/llm.go:363.27,365.2 1 0
digital.vasic.translator/pkg/translator/llm/llm.go:367.27,368.16 1 0
digital.vasic.translator/pkg/translator/llm/llm.go:368.16,370.3 1 0
digital.vasic.translator/pkg/translator/llm/llm.go:371.2,371.10 1 0
digital.vasic.translator/pkg/translator/llm/ollama.go:37.82,39.19 2 0
digital.vasic.translator/pkg/translator/llm/ollama.go:39.19,41.3 1 0
digital.vasic.translator/pkg/translator/llm/ollama.go:43.2,49.8 1 0
digital.vasic.translator/pkg/translator/llm/ollama.go:53.49,55.2 1 0
digital.vasic.translator/pkg/translator/llm/ollama.go:58.99,60.17 2 0
digital.vasic.translator/pkg/translator/llm/ollama.go:60.17,62.3 1 0
digital.vasic.translator/pkg/translator/llm/ollama.go:64.2,71.16 3 0
digital.vasic.translator/pkg/translator/llm/ollama.go:71.16,73.3 1 0
digital.vasic.translator/pkg/translator/llm/ollama.go:75.2,76.16 2 0
digital.vasic.translator/pkg/translator/llm/ollama.go:76.16,78.3 1 0
digital.vasic.translator/pkg/translator/llm/ollama.go:80.2,83.16 3 0
digital.vasic.translator/pkg/translator/llm/ollama.go:83.16,85.3 1 0
digital.vasic.translator/pkg/translator/llm/ollama.go:86.2,89.16 3 0
digital.vasic.translator/pkg/translator/llm/ollama.go:89.16,91.3 1 0
digital.vasic.translator/pkg/translator/llm/ollama.go:93.2,93.38 1 0
digital.vasic.translator/pkg/translator/llm/ollama.go:93.38,95.3 1 0
digital.vasic.translator/pkg/translator/llm/ollama.go:97.2,98.56 2 0
digital.vasic.translator/pkg/translator/llm/ollama.go:98.56,100.3 1 0
digital.vasic.translator/pkg/translator/llm/ollama.go:102.2,102.31 1 0
digital.vasic.translator/pkg/translator/llm/openai.go:60.82,61.25 1 1
digital.vasic.translator/pkg/translator/llm/openai.go:61.25,63.3 1 0
digital.vasic.translator/pkg/translator/llm/openai.go:65.2,66.19 2 1
digital.vasic.translator/pkg/translator/llm/openai.go:66.19,68.3 1 0
digital.vasic.translator/pkg/translator/llm/openai.go:70.2,76.8 1 1
digital.vasic.translator/pkg/translator/llm/openai.go:80.49,82.2 1 0
digital.vasic.translator/pkg/translator/llm/openai.go:85.99,87.17 2 1
digital.vasic.translator/pkg/translator/llm/openai.go:87.17,89.3 1 0
digital.vasic.translator/pkg/translator/llm/openai.go:91.2,92.24 2 1
digital.vasic.translator/pkg/translator/llm/openai.go:92.24,94.3 1 1
digital.vasic.translator/pkg/translator/llm/openai.go:98.2,99.43 2 1
digital.vasic.translator/pkg/translator/llm/openai.go:99.43,100.57 1 0
digital.vasic.translator/pkg/translator/llm/openai.go:100.57,102.4 1 0
digital.vasic.translator/pkg/translator/llm/openai.go:105.2,115.16 3 1
digital.vasic.translator/pkg/translator/llm/openai.go:115.16,117.3 1 0
digital.vasic.translator/pkg/translator/llm/openai.go:119.2,120.16 2 1
digital.vasic.translator/pkg/translator/llm/openai.go:120.16,122.3 1 0
digital.vasic.translator/pkg/translator/llm/openai.go:124.2,128.16 4 1
digital.vasic.translator/pkg/translator/llm/openai.go:128.16,130.3 1 1
digital.vasic.translator/pkg/translator/llm/openai.go:131.2,134.16 3 1
digital.vasic.translator/pkg/translator/llm/openai.go:134.16,136.3 1 0
digital.vasic.translator/pkg/translator/llm/openai.go:138.2,138.38 1 1
digital.vasic.translator/pkg/translator/llm/openai.go:138.38,140.3 1 1
digital.vasic.translator/pkg/translator/llm/openai.go:142.2,143.56 2 1
digital.vasic.translator/pkg/translator/llm/openai.go:143.56,145.3 1 1
digital.vasic.translator/pkg/translator/llm/openai.go:147.2,147.32 1 1
digital.vasic.translator/pkg/translator/llm/openai.go:147.32,149.3 1 0
digital.vasic.translator/pkg/translator/llm/openai.go:151.2,151.49 1 1
digital.vasic.translator/pkg/translator/llm/qwen.go:73.78,75.19 2 0
digital.vasic.translator/pkg/translator/llm/qwen.go:75.19,77.3 1 0
digital.vasic.translator/pkg/translator/llm/qwen.go:80.2,83.19 3 0
digital.vasic.translator/pkg/translator/llm/qwen.go:83.19,85.3 1 0
digital.vasic.translator/pkg/translator/llm/qwen.go:87.2,95.25 2 0
digital.vasic.translator/pkg/translator/llm/qwen.go:95.25,98.3 1 0
digital.vasic.translator/pkg/translator/llm/qwen.go:101.2,101.48 1 0
digital.vasic.translator/pkg/translator/llm/qwen.go:101.48,105.49 3 0
digital.vasic.translator/pkg/translator/llm/qwen.go:105.49,107.4 1 0
digital.vasic.translator/pkg/translator/llm/qwen.go:113.2,113.29 1 0
digital.vasic.translator/pkg/translator/llm/qwen.go:113.29,116.3 1 0
digital.vasic.translator/pkg/translator/llm/qwen.go:118.2,118.20 1 0
digital.vasic.translator/pkg/translator/llm/qwen.go:122.45,124.16 2 0
digital.vasic.translator/pkg/translator/llm/qwen.go:124.16,126.3 1 0
digital.vasic.translator/pkg/translator/llm/qwen.go:128.2,129.53 2 0
digital.vasic.translator/pkg/translator/llm/qwen.go:129.53,131.3 1 0
digital.vasic.translator/pkg/translator/llm/qwen.go:133.2,134.12 2 0
digital.vasic.translator/pkg/translator/llm/qwen.go:138.66,141.47 2 0
digital.vasic.translator/pkg/translator/llm/qwen.go:141.47,143.3 1 0
digital.vasic.translator/pkg/translator/llm/qwen.go:145.2,146.16 2 0
digital.vasic.translator/pkg/translator/llm/qwen.go:146.16,148.3 1 0
digital.vasic.translator/pkg/translator/llm/qwen.go:150.2,150.65 1 0
digital.vasic.translator/pkg/translator/llm/qwen.go:150.65,152.3 1 0
digital.vasic.translator/pkg/translator/llm/qwen.go:154.2,155.12 2 0
digital.vasic.translator/pkg/translator/llm/qwen.go:159.107,168.2 2 0
digital.vasic.translator/pkg/translator/llm/qwen.go:171.44,172.25 1 0
digital.vasic.translator/pkg/translator/llm/qwen.go:172.25,174.3 1 0
digital.vasic.translator/pkg/translator/llm/qwen.go:176.2,176.65 1 0
digital.vasic.translator/pkg/translator/llm/qwen.go:180.43,181.60 1 0
digital.vasic.translator/pkg/translator/llm/qwen.go:181.60,183.3 1 0
digital.vasic.translator/pkg/translator/llm/qwen.go:186.2,197.32 3 0
digital.vasic.translator/pkg/translator/llm/qwen.go:197.32,199.3 1 0
digital.vasic.translator/pkg/translator/llm/qwen.go:200.2,200.36 1 0
digital.vasic.translator/pkg/translator/llm/qwen.go:200.36,202.3 1 0
digital.vasic.translator/pkg/translator/llm/qwen.go:204.2,205.16 2 0
digital.vasic.translator/pkg/translator/llm/qwen.go:205.16,207.3 1 0
digital.vasic.translator/pkg/translator/llm/qwen.go:210.2,211.16 2 0
digital.vasic.translator/pkg/translator/llm/qwen.go:211.16,213.3 1 0
digital.vasic.translator/pkg/translator/llm/qwen.go:215.2,220.16 4 0
digital.vasic.translator/pkg/translator/llm/qwen.go:220.16,222.3 1 0
digital.vasic.translator/pkg/translator/llm/qwen.go:223.2,225.38 2 0
digital.vasic.translator/pkg/translator/llm/qwen.go:225.38,228.3 2 0
digital.vasic.translator/pkg/translator/llm/qwen.go:231.2,239.16 3 0
digital.vasic.translator/pkg/translator/llm/qwen.go:239.16,241.3 1 0
digital.vasic.translator/pkg/translator/llm/qwen.go:243.2,243.63 1 0
digital.vasic.translator/pkg/translator/llm/qwen.go:243.63,245.3 1 0
digital.vasic.translator/pkg/translator/llm/qwen.go:248.2,248.39 1 0
digital.vasic.translator/pkg/translator/llm/qwen.go:248.39,250.3 1 0
digital.vasic.translator/pkg/translator/llm/qwen.go:252.2,257.40 4 0
digital.vasic.translator/pkg/translator/llm/qwen.go:257.40,259.3 1 0
digital.vasic.translator/pkg/translator/llm/qwen.go:262.2,262.55 1 0
digital.vasic.translator/pkg/translator/llm/qwen.go:262.55,264.3 1 0
digital.vasic.translator/pkg/translator/llm/qwen.go:266.2,266.12 1 0
digital.vasic.translator/pkg/translator/llm/qwen.go:270.47,272.2 1 0
digital.vasic.translator/pkg/translator/llm/qwen.go:275.97,277.17 2 0
digital.vasic.translator/pkg/translator/llm/qwen.go:277.17,279.3 1 0
digital.vasic.translator/pkg/translator/llm/qwen.go:281.2,282.44 2 0
digital.vasic.translator/pkg/translator/llm/qwen.go:282.44,283.61 1 0
digital.vasic.translator/pkg/translator/llm/qwen.go:283.61,285.4 1 0
digital.vasic.translator/pkg/translator/llm/qwen.go:288.2,289.43 2 0
digital.vasic.translator/pkg/translator/llm/qwen.go:289.43,290.57 1 0
digital.vasic.translator/pkg/translator/llm/qwen.go:290.57,292.4 1 0
digital.vasic.translator/pkg/translator/llm/qwen.go:295.2,306.16 3 0
digital.vasic.translator/pkg/translator/llm/qwen.go:306.16,308.3 1 0
digital.vasic.translator/pkg/translator/llm/qwen.go:310.2,311.16 2 0
digital.vasic.translator/pkg/translator/llm/qwen.go:311.16,313.3 1 0
digital.vasic.translator/pkg/translator/llm/qwen.go:315.2,318.27 2 0
digital.vasic.translator/pkg/translator/llm/qwen.go:318.27,320.3 1 0
digital.vasic.translator/pkg/translator/llm/qwen.go:320.8,320.32 1 0
digital.vasic.translator/pkg/translator/llm/qwen.go:320.32,322.3 1 0
digital.vasic.translator/pkg/translator/llm/qwen.go:322.8,324.3 1 0
digital.vasic.translator/pkg/translator/llm/qwen.go:326.2,327.16 2 0
digital.vasic.translator/pkg/translator/llm/qwen.go:327.16,329.3 1 0
digital.vasic.translator/pkg/translator/llm/qwen.go:330.2,333.16 3 0
digital.vasic.translator/pkg/translator/llm/qwen.go:333.16,335.3 1 0
digital.vasic.translator/pkg/translator/llm/qwen.go:337.2,337.38 1 0
digital.vasic.translator/pkg/translator/llm/qwen.go:337.38,339.72 1 0
digital.vasic.translator/pkg/translator/llm/qwen.go:339.72,340.43 1 0
digital.vasic.translator/pkg/translator/llm/qwen.go:340.43,343.5 1 0
digital.vasic.translator/pkg/translator/llm/qwen.go:345.3,345.89 1 0
digital.vasic.translator/pkg/translator/llm/qwen.go:348.2,349.56 2 0
digital.vasic.translator/pkg/translator/llm/qwen.go:349.56,351.3 1 0
digital.vasic.translator/pkg/translator/llm/qwen.go:353.2,353.32 1 0
digital.vasic.translator/pkg/translator/llm/qwen.go:353.32,355.3 1 0
digital.vasic.translator/pkg/translator/llm/qwen.go:357.2,357.49 1 0
digital.vasic.translator/pkg/translator/llm/test_utils.go:8.42,10.2 1 1
digital.vasic.translator/pkg/translator/llm/zhipu.go:59.80,60.25 1 0
digital.vasic.translator/pkg/translator/llm/zhipu.go:60.25,62.3 1 0
digital.vasic.translator/pkg/translator/llm/zhipu.go:64.2,65.19 2 0
digital.vasic.translator/pkg/translator/llm/zhipu.go:65.19,67.3 1 0
digital.vasic.translator/pkg/translator/llm/zhipu.go:69.2,75.8 1 0
digital.vasic.translator/pkg/translator/llm/zhipu.go:79.48,81.2 1 0
digital.vasic.translator/pkg/translator/llm/zhipu.go:84.98,86.17 2 0
digital.vasic.translator/pkg/translator/llm/zhipu.go:86.17,88.3 1 0
digital.vasic.translator/pkg/translator/llm/zhipu.go:90.2,91.44 2 0
digital.vasic.translator/pkg/translator/llm/zhipu.go:91.44,92.61 1 0
digital.vasic.translator/pkg/translator/llm/zhipu.go:92.61,94.4 1 0
digital.vasic.translator/pkg/translator/llm/zhipu.go:97.2,98.43 2 0
digital.vasic.translator/pkg/translator/llm/zhipu.go:98.43,99.57 1 0
digital.vasic.translator/pkg/translator/llm/zhipu.go:99.57,101.4 1 0
digital.vasic.translator/pkg/translator/llm/zhipu.go:104.2,114.16 3 0
digital.vasic.translator/pkg/translator/llm/zhipu.go:114.16,116.3 1 0
digital.vasic.translator/pkg/translator/llm/zhipu.go:118.2,119.16 2 0
digital.vasic.translator/pkg/translator/llm/zhipu.go:119.16,121.3 1 0
digital.vasic.translator/pkg/translator/llm/zhipu.go:123.2,127.16 4 0
digital.vasic.translator/pkg/translator/llm/zhipu.go:127.16,129.3 1 0
digital.vasic.translator/pkg/translator/llm/zhipu.go:130.2,133.16 3 0
digital.vasic.translator/pkg/translator/llm/zhipu.go:133.16,135.3 1 0
digital.vasic.translator/pkg/translator/llm/zhipu.go:137.2,137.38 1 0
digital.vasic.translator/pkg/translator/llm/zhipu.go:137.38,139.3 1 0
digital.vasic.translator/pkg/translator/llm/zhipu.go:141.2,142.56 2 0
digital.vasic.translator/pkg/translator/llm/zhipu.go:142.56,144.3 1 0
digital.vasic.translator/pkg/translator/llm/zhipu.go:146.2,146.32 1 0
digital.vasic.translator/pkg/translator/llm/zhipu.go:146.32,148.3 1 0
digital.vasic.translator/pkg/translator/llm/zhipu.go:150.2,150.49 1 0
