mode: set
digital.vasic.translator/pkg/storage/postgres.go:18.71,23.16 3 1
digital.vasic.translator/pkg/storage/postgres.go:23.16,25.3 1 0
digital.vasic.translator/pkg/storage/postgres.go:28.2,28.29 1 1
digital.vasic.translator/pkg/storage/postgres.go:28.29,30.3 1 0
digital.vasic.translator/pkg/storage/postgres.go:31.2,31.29 1 1
digital.vasic.translator/pkg/storage/postgres.go:31.29,33.3 1 0
digital.vasic.translator/pkg/storage/postgres.go:34.2,34.32 1 1
digital.vasic.translator/pkg/storage/postgres.go:34.32,36.3 1 0
digital.vasic.translator/pkg/storage/postgres.go:38.2,41.45 2 1
digital.vasic.translator/pkg/storage/postgres.go:41.45,44.3 2 1
digital.vasic.translator/pkg/storage/postgres.go:46.2,46.21 1 0
digital.vasic.translator/pkg/storage/postgres.go:50.48,97.2 3 1
digital.vasic.translator/pkg/storage/postgres.go:100.99,118.2 3 0
digital.vasic.translator/pkg/storage/postgres.go:121.108,143.26 6 0
digital.vasic.translator/pkg/storage/postgres.go:143.26,145.3 1 0
digital.vasic.translator/pkg/storage/postgres.go:146.2,146.16 1 0
digital.vasic.translator/pkg/storage/postgres.go:146.16,148.3 1 0
digital.vasic.translator/pkg/storage/postgres.go:150.2,150.19 1 0
digital.vasic.translator/pkg/storage/postgres.go:150.19,152.3 1 0
digital.vasic.translator/pkg/storage/postgres.go:153.2,153.24 1 0
digital.vasic.translator/pkg/storage/postgres.go:153.24,155.3 1 0
digital.vasic.translator/pkg/storage/postgres.go:157.2,157.21 1 0
digital.vasic.translator/pkg/storage/postgres.go:161.99,177.2 3 0
digital.vasic.translator/pkg/storage/postgres.go:180.113,192.16 3 0
digital.vasic.translator/pkg/storage/postgres.go:192.16,194.3 1 0
digital.vasic.translator/pkg/storage/postgres.go:195.2,198.18 3 0
digital.vasic.translator/pkg/storage/postgres.go:198.18,210.17 5 0
digital.vasic.translator/pkg/storage/postgres.go:210.17,212.4 1 0
digital.vasic.translator/pkg/storage/postgres.go:214.3,214.20 1 0
digital.vasic.translator/pkg/storage/postgres.go:214.20,216.4 1 0
digital.vasic.translator/pkg/storage/postgres.go:217.3,217.25 1 0
digital.vasic.translator/pkg/storage/postgres.go:217.25,219.4 1 0
digital.vasic.translator/pkg/storage/postgres.go:221.3,221.39 1 0
digital.vasic.translator/pkg/storage/postgres.go:224.2,224.29 1 0
digital.vasic.translator/pkg/storage/postgres.go:228.88,231.2 2 0
digital.vasic.translator/pkg/storage/postgres.go:234.166,248.26 4 0
digital.vasic.translator/pkg/storage/postgres.go:248.26,250.3 1 0
digital.vasic.translator/pkg/storage/postgres.go:251.2,251.16 1 0
digital.vasic.translator/pkg/storage/postgres.go:251.16,253.3 1 0
digital.vasic.translator/pkg/storage/postgres.go:256.2,261.19 2 0
digital.vasic.translator/pkg/storage/postgres.go:265.98,282.2 3 0
digital.vasic.translator/pkg/storage/postgres.go:285.97,289.2 3 0
digital.vasic.translator/pkg/storage/postgres.go:292.85,297.16 3 0
digital.vasic.translator/pkg/storage/postgres.go:297.16,299.3 1 0
digital.vasic.translator/pkg/storage/postgres.go:302.2,303.16 2 0
digital.vasic.translator/pkg/storage/postgres.go:303.16,305.3 1 0
digital.vasic.translator/pkg/storage/postgres.go:308.2,309.16 2 0
digital.vasic.translator/pkg/storage/postgres.go:309.16,311.3 1 0
digital.vasic.translator/pkg/storage/postgres.go:314.2,315.16 2 0
digital.vasic.translator/pkg/storage/postgres.go:315.16,317.3 1 0
digital.vasic.translator/pkg/storage/postgres.go:320.2,321.16 2 0
digital.vasic.translator/pkg/storage/postgres.go:321.16,323.3 1 0
digital.vasic.translator/pkg/storage/postgres.go:326.2,332.16 3 0
digital.vasic.translator/pkg/storage/postgres.go:332.16,334.3 1 0
digital.vasic.translator/pkg/storage/postgres.go:335.2,335.23 1 0
digital.vasic.translator/pkg/storage/postgres.go:335.23,337.3 1 0
digital.vasic.translator/pkg/storage/postgres.go:340.2,342.93 3 0
digital.vasic.translator/pkg/storage/postgres.go:342.93,344.3 1 0
digital.vasic.translator/pkg/storage/postgres.go:346.2,346.19 1 0
digital.vasic.translator/pkg/storage/postgres.go:350.61,352.2 1 0
digital.vasic.translator/pkg/storage/postgres.go:355.43,357.2 1 0
digital.vasic.translator/pkg/storage/redis.go:19.80,32.47 5 1
digital.vasic.translator/pkg/storage/redis.go:32.47,34.3 1 1
digital.vasic.translator/pkg/storage/redis.go:36.2,39.8 1 0
digital.vasic.translator/pkg/storage/redis.go:43.94,45.16 2 0
digital.vasic.translator/pkg/storage/redis.go:45.16,47.3 1 0
digital.vasic.translator/pkg/storage/redis.go:49.2,50.50 2 0
digital.vasic.translator/pkg/storage/redis.go:54.103,57.22 3 0
digital.vasic.translator/pkg/storage/redis.go:57.22,59.3 1 0
digital.vasic.translator/pkg/storage/redis.go:60.2,60.16 1 0
digital.vasic.translator/pkg/storage/redis.go:60.16,62.3 1 0
digital.vasic.translator/pkg/storage/redis.go:64.2,65.54 2 0
digital.vasic.translator/pkg/storage/redis.go:65.54,67.3 1 0
digital.vasic.translator/pkg/storage/redis.go:69.2,69.21 1 0
digital.vasic.translator/pkg/storage/redis.go:73.94,76.2 2 0
digital.vasic.translator/pkg/storage/redis.go:79.108,85.6 5 0
digital.vasic.translator/pkg/storage/redis.go:85.6,87.17 2 0
digital.vasic.translator/pkg/storage/redis.go:87.17,89.4 1 0
digital.vasic.translator/pkg/storage/redis.go:91.3,91.28 1 0
digital.vasic.translator/pkg/storage/redis.go:91.28,92.22 1 0
digital.vasic.translator/pkg/storage/redis.go:92.22,94.13 2 0
digital.vasic.translator/pkg/storage/redis.go:96.4,96.30 1 0
digital.vasic.translator/pkg/storage/redis.go:96.30,98.5 1 0
digital.vasic.translator/pkg/storage/redis.go:100.4,101.18 2 0
digital.vasic.translator/pkg/storage/redis.go:101.18,102.13 1 0
digital.vasic.translator/pkg/storage/redis.go:105.4,106.56 2 0
digital.vasic.translator/pkg/storage/redis.go:106.56,107.13 1 0
digital.vasic.translator/pkg/storage/redis.go:110.4,111.11 2 0
digital.vasic.translator/pkg/storage/redis.go:114.3,115.18 2 0
digital.vasic.translator/pkg/storage/redis.go:115.18,116.9 1 0
digital.vasic.translator/pkg/storage/redis.go:120.2,120.22 1 0
digital.vasic.translator/pkg/storage/redis.go:124.83,127.2 2 0
digital.vasic.translator/pkg/storage/redis.go:130.161,133.22 3 0
digital.vasic.translator/pkg/storage/redis.go:133.22,135.3 1 0
digital.vasic.translator/pkg/storage/redis.go:136.2,136.16 1 0
digital.vasic.translator/pkg/storage/redis.go:136.16,138.3 1 0
digital.vasic.translator/pkg/storage/redis.go:140.2,141.52 2 0
digital.vasic.translator/pkg/storage/redis.go:141.52,143.3 1 0
digital.vasic.translator/pkg/storage/redis.go:146.2,150.19 4 0
digital.vasic.translator/pkg/storage/redis.go:154.93,157.16 3 0
digital.vasic.translator/pkg/storage/redis.go:157.16,159.3 1 0
digital.vasic.translator/pkg/storage/redis.go:161.2,161.50 1 0
digital.vasic.translator/pkg/storage/redis.go:166.92,169.2 1 0
digital.vasic.translator/pkg/storage/redis.go:172.80,179.6 4 0
digital.vasic.translator/pkg/storage/redis.go:179.6,181.17 2 0
digital.vasic.translator/pkg/storage/redis.go:181.17,183.4 1 0
digital.vasic.translator/pkg/storage/redis.go:185.3,185.28 1 0
digital.vasic.translator/pkg/storage/redis.go:185.28,187.18 2 0
digital.vasic.translator/pkg/storage/redis.go:187.18,188.13 1 0
digital.vasic.translator/pkg/storage/redis.go:191.4,192.56 2 0
digital.vasic.translator/pkg/storage/redis.go:192.56,193.13 1 0
digital.vasic.translator/pkg/storage/redis.go:196.4,197.26 2 0
digital.vasic.translator/pkg/storage/redis.go:198.21,199.30 1 0
digital.vasic.translator/pkg/storage/redis.go:200.17,201.27 1 0
digital.vasic.translator/pkg/storage/redis.go:202.39,203.31 1 0
digital.vasic.translator/pkg/storage/redis.go:207.4,207.63 1 0
digital.vasic.translator/pkg/storage/redis.go:207.63,210.5 2 0
digital.vasic.translator/pkg/storage/redis.go:213.3,214.18 2 0
digital.vasic.translator/pkg/storage/redis.go:214.18,215.9 1 0
digital.vasic.translator/pkg/storage/redis.go:220.2,224.6 4 0
digital.vasic.translator/pkg/storage/redis.go:224.6,226.17 2 0
digital.vasic.translator/pkg/storage/redis.go:226.17,228.4 1 0
digital.vasic.translator/pkg/storage/redis.go:230.3,230.28 1 0
digital.vasic.translator/pkg/storage/redis.go:230.28,232.18 2 0
digital.vasic.translator/pkg/storage/redis.go:232.18,233.13 1 0
digital.vasic.translator/pkg/storage/redis.go:236.4,237.54 2 0
digital.vasic.translator/pkg/storage/redis.go:237.54,238.13 1 0
digital.vasic.translator/pkg/storage/redis.go:241.4,242.43 2 0
digital.vasic.translator/pkg/storage/redis.go:245.3,246.18 2 0
digital.vasic.translator/pkg/storage/redis.go:246.18,247.9 1 0
digital.vasic.translator/pkg/storage/redis.go:252.2,252.52 1 0
digital.vasic.translator/pkg/storage/redis.go:252.52,254.3 1 0
digital.vasic.translator/pkg/storage/redis.go:256.2,256.19 1 0
digital.vasic.translator/pkg/storage/redis.go:260.56,262.2 1 0
digital.vasic.translator/pkg/storage/redis.go:265.38,267.2 1 0
digital.vasic.translator/pkg/storage/redis.go:270.112,272.2 1 0
digital.vasic.translator/pkg/storage/redis.go:275.34,277.22 2 0
digital.vasic.translator/pkg/storage/redis.go:277.22,279.3 1 0
digital.vasic.translator/pkg/storage/redis.go:280.2,280.31 1 0
digital.vasic.translator/pkg/storage/sqlite.go:18.63,22.32 2 1
digital.vasic.translator/pkg/storage/sqlite.go:22.32,24.3 1 1
digital.vasic.translator/pkg/storage/sqlite.go:26.2,27.16 2 1
digital.vasic.translator/pkg/storage/sqlite.go:27.16,29.3 1 0
digital.vasic.translator/pkg/storage/sqlite.go:32.2,32.29 1 1
digital.vasic.translator/pkg/storage/sqlite.go:32.29,34.3 1 1
digital.vasic.translator/pkg/storage/sqlite.go:35.2,35.29 1 1
digital.vasic.translator/pkg/storage/sqlite.go:35.29,37.3 1 1
digital.vasic.translator/pkg/storage/sqlite.go:38.2,38.32 1 1
digital.vasic.translator/pkg/storage/sqlite.go:38.32,40.3 1 0
digital.vasic.translator/pkg/storage/sqlite.go:42.2,45.45 2 1
digital.vasic.translator/pkg/storage/sqlite.go:45.45,48.3 2 0
digital.vasic.translator/pkg/storage/sqlite.go:50.2,50.21 1 1
digital.vasic.translator/pkg/storage/sqlite.go:54.44,101.2 3 1
digital.vasic.translator/pkg/storage/sqlite.go:104.95,122.2 3 1
digital.vasic.translator/pkg/storage/sqlite.go:125.104,147.26 6 1
digital.vasic.translator/pkg/storage/sqlite.go:147.26,149.3 1 1
digital.vasic.translator/pkg/storage/sqlite.go:150.2,150.16 1 1
digital.vasic.translator/pkg/storage/sqlite.go:150.16,152.3 1 0
digital.vasic.translator/pkg/storage/sqlite.go:154.2,154.19 1 1
digital.vasic.translator/pkg/storage/sqlite.go:154.19,156.3 1 1
digital.vasic.translator/pkg/storage/sqlite.go:157.2,157.24 1 1
digital.vasic.translator/pkg/storage/sqlite.go:157.24,159.3 1 1
digital.vasic.translator/pkg/storage/sqlite.go:161.2,161.21 1 1
digital.vasic.translator/pkg/storage/sqlite.go:165.95,181.2 3 1
digital.vasic.translator/pkg/storage/sqlite.go:184.109,196.16 3 1
digital.vasic.translator/pkg/storage/sqlite.go:196.16,198.3 1 0
digital.vasic.translator/pkg/storage/sqlite.go:199.2,202.18 3 1
digital.vasic.translator/pkg/storage/sqlite.go:202.18,214.17 5 1
digital.vasic.translator/pkg/storage/sqlite.go:214.17,216.4 1 0
digital.vasic.translator/pkg/storage/sqlite.go:218.3,218.20 1 1
digital.vasic.translator/pkg/storage/sqlite.go:218.20,220.4 1 0
digital.vasic.translator/pkg/storage/sqlite.go:221.3,221.25 1 1
digital.vasic.translator/pkg/storage/sqlite.go:221.25,223.4 1 1
digital.vasic.translator/pkg/storage/sqlite.go:225.3,225.39 1 1
digital.vasic.translator/pkg/storage/sqlite.go:228.2,228.29 1 1
digital.vasic.translator/pkg/storage/sqlite.go:232.84,235.2 2 1
digital.vasic.translator/pkg/storage/sqlite.go:238.162,252.26 4 1
digital.vasic.translator/pkg/storage/sqlite.go:252.26,254.3 1 1
digital.vasic.translator/pkg/storage/sqlite.go:255.2,255.16 1 1
digital.vasic.translator/pkg/storage/sqlite.go:255.16,257.3 1 0
digital.vasic.translator/pkg/storage/sqlite.go:260.2,265.19 2 1
digital.vasic.translator/pkg/storage/sqlite.go:269.94,283.2 3 1
digital.vasic.translator/pkg/storage/sqlite.go:286.93,290.2 3 1
digital.vasic.translator/pkg/storage/sqlite.go:293.81,298.16 3 1
digital.vasic.translator/pkg/storage/sqlite.go:298.16,300.3 1 0
digital.vasic.translator/pkg/storage/sqlite.go:303.2,304.16 2 1
digital.vasic.translator/pkg/storage/sqlite.go:304.16,306.3 1 0
digital.vasic.translator/pkg/storage/sqlite.go:309.2,310.16 2 1
digital.vasic.translator/pkg/storage/sqlite.go:310.16,312.3 1 0
digital.vasic.translator/pkg/storage/sqlite.go:315.2,316.16 2 1
digital.vasic.translator/pkg/storage/sqlite.go:316.16,318.3 1 0
digital.vasic.translator/pkg/storage/sqlite.go:321.2,322.16 2 1
digital.vasic.translator/pkg/storage/sqlite.go:322.16,324.3 1 0
digital.vasic.translator/pkg/storage/sqlite.go:327.2,333.16 3 1
digital.vasic.translator/pkg/storage/sqlite.go:333.16,335.3 1 0
digital.vasic.translator/pkg/storage/sqlite.go:336.2,336.23 1 1
digital.vasic.translator/pkg/storage/sqlite.go:336.23,338.3 1 0
digital.vasic.translator/pkg/storage/sqlite.go:341.2,343.93 3 1
digital.vasic.translator/pkg/storage/sqlite.go:343.93,345.3 1 1
digital.vasic.translator/pkg/storage/sqlite.go:347.2,347.19 1 1
digital.vasic.translator/pkg/storage/sqlite.go:351.57,353.2 1 1
digital.vasic.translator/pkg/storage/sqlite.go:356.39,358.2 1 1
