mode: set
digital.vasic.translator/pkg/translator/test_utils.go:16.102,19.2 2 0
digital.vasic.translator/pkg/translator/test_utils.go:21.159,24.2 2 1
digital.vasic.translator/pkg/translator/test_utils.go:26.54,29.2 2 0
digital.vasic.translator/pkg/translator/test_utils.go:31.43,34.2 2 0
digital.vasic.translator/pkg/translator/test_utils.go:41.92,44.2 2 1
digital.vasic.translator/pkg/translator/test_utils.go:47.43,50.2 2 1
digital.vasic.translator/pkg/translator/translator.go:57.66,63.2 1 1
digital.vasic.translator/pkg/translator/translator.go:66.55,68.2 1 1
digital.vasic.translator/pkg/translator/translator.go:71.66,72.42 1 1
digital.vasic.translator/pkg/translator/translator.go:72.42,75.3 2 1
digital.vasic.translator/pkg/translator/translator.go:76.2,76.18 1 1
digital.vasic.translator/pkg/translator/translator.go:80.67,82.2 1 1
digital.vasic.translator/pkg/translator/translator.go:85.53,87.13 2 1
digital.vasic.translator/pkg/translator/translator.go:87.13,89.3 1 1
digital.vasic.translator/pkg/translator/translator.go:89.8,91.3 1 1
digital.vasic.translator/pkg/translator/translator.go:95.102,96.21 1 1
digital.vasic.translator/pkg/translator/translator.go:96.21,98.3 1 1
digital.vasic.translator/pkg/translator/translator.go:100.2,102.25 3 1
digital.vasic.translator/pkg/translator/translator.go:106.81,107.21 1 1
digital.vasic.translator/pkg/translator/translator.go:107.21,109.3 1 1
digital.vasic.translator/pkg/translator/translator.go:111.2,112.26 1 1
digital.vasic.translator/pkg/translator/translator.go:112.26,113.18 1 1
digital.vasic.translator/pkg/translator/translator.go:113.18,115.5 1 1
digital.vasic.translator/pkg/translator/translator.go:116.4,116.22 1 1
digital.vasic.translator/pkg/translator/translator.go:120.2,122.25 3 1
digital.vasic.translator/pkg/translator/universal.go:24.24,31.2 1 1
digital.vasic.translator/pkg/translator/universal.go:39.9,40.17 1 1
digital.vasic.translator/pkg/translator/universal.go:40.17,42.3 1 1
digital.vasic.translator/pkg/translator/universal.go:45.2,45.60 1 1
digital.vasic.translator/pkg/translator/universal.go:45.60,49.25 3 1
digital.vasic.translator/pkg/translator/universal.go:49.25,51.4 1 0
digital.vasic.translator/pkg/translator/universal.go:53.3,54.17 2 1
digital.vasic.translator/pkg/translator/universal.go:54.17,62.4 2 1
digital.vasic.translator/pkg/translator/universal.go:66.2,66.34 1 1
digital.vasic.translator/pkg/translator/universal.go:66.34,68.3 1 1
digital.vasic.translator/pkg/translator/universal.go:71.2,72.87 2 1
digital.vasic.translator/pkg/translator/universal.go:72.87,74.3 1 0
digital.vasic.translator/pkg/translator/universal.go:77.2,78.31 2 1
digital.vasic.translator/pkg/translator/universal.go:78.31,87.90 2 1
digital.vasic.translator/pkg/translator/universal.go:87.90,89.4 1 1
digital.vasic.translator/pkg/translator/universal.go:93.2,95.12 2 1
digital.vasic.translator/pkg/translator/universal.go:104.9,106.26 1 1
digital.vasic.translator/pkg/translator/universal.go:106.26,114.17 2 1
digital.vasic.translator/pkg/translator/universal.go:114.17,116.4 1 0
digital.vasic.translator/pkg/translator/universal.go:117.3,117.30 1 1
digital.vasic.translator/pkg/translator/universal.go:121.2,121.32 1 1
digital.vasic.translator/pkg/translator/universal.go:121.32,129.17 2 0
digital.vasic.translator/pkg/translator/universal.go:129.17,131.4 1 0
digital.vasic.translator/pkg/translator/universal.go:131.9,133.4 1 0
digital.vasic.translator/pkg/translator/universal.go:136.2,136.12 1 1
digital.vasic.translator/pkg/translator/universal.go:145.9,147.25 1 1
digital.vasic.translator/pkg/translator/universal.go:147.25,155.17 2 1
digital.vasic.translator/pkg/translator/universal.go:155.17,157.4 1 1
digital.vasic.translator/pkg/translator/universal.go:158.3,158.29 1 1
digital.vasic.translator/pkg/translator/universal.go:162.2,162.34 1 1
digital.vasic.translator/pkg/translator/universal.go:162.34,163.93 1 1
digital.vasic.translator/pkg/translator/universal.go:163.93,165.4 1 0
digital.vasic.translator/pkg/translator/universal.go:168.2,168.12 1 1
digital.vasic.translator/pkg/translator/universal.go:177.9,179.25 1 1
digital.vasic.translator/pkg/translator/universal.go:179.25,187.17 2 1
digital.vasic.translator/pkg/translator/universal.go:187.17,189.4 1 0
digital.vasic.translator/pkg/translator/universal.go:190.3,190.29 1 1
digital.vasic.translator/pkg/translator/universal.go:194.2,194.27 1 1
digital.vasic.translator/pkg/translator/universal.go:194.27,202.17 2 1
digital.vasic.translator/pkg/translator/universal.go:202.17,204.4 1 0
digital.vasic.translator/pkg/translator/universal.go:205.3,205.31 1 1
digital.vasic.translator/pkg/translator/universal.go:209.2,209.37 1 1
digital.vasic.translator/pkg/translator/universal.go:209.37,210.96 1 0
digital.vasic.translator/pkg/translator/universal.go:210.96,212.4 1 0
digital.vasic.translator/pkg/translator/universal.go:215.2,215.12 1 1
digital.vasic.translator/pkg/translator/universal.go:219.70,221.2 1 1
digital.vasic.translator/pkg/translator/universal.go:224.70,226.2 1 1
digital.vasic.translator/pkg/translator/universal.go:229.84,230.19 1 1
digital.vasic.translator/pkg/translator/universal.go:230.19,232.3 1 1
digital.vasic.translator/pkg/translator/universal.go:234.2,256.14 1 1
